000 (10476897.000.000) 2026-03-16 18:29:45 Job submitted from host: <10.0.8.14:9618?addrs=10.0.8.14-9618&alias=head2.htc.inm7.de&noUDP&sock=schedd_1212952_c2ee>
...
001 (10476897.000.000) 2026-03-16 18:44:27 Job executing on host: <10.0.9.12:9618?addrs=10.0.9.12-9618&alias=cpu12.htc.inm7.de&noUDP&sock=startd_122979_f18a>
...
006 (10476897.000.000) 2026-03-16 18:44:36 Image size of job updated: 177396
	174  -  MemoryUsage of job (MB)
	177328  -  ResidentSetSize of job (KB)
...
006 (10476897.000.000) 2026-03-16 18:54:38 Image size of job updated: 178096
	174  -  MemoryUsage of job (MB)
	177900  -  ResidentSetSize of job (KB)
...
006 (10476897.000.000) 2026-03-16 19:04:38 Image size of job updated: 200736
	196  -  MemoryUsage of job (MB)
	200412  -  ResidentSetSize of job (KB)
...
006 (10476897.000.000) 2026-03-16 19:09:39 Image size of job updated: 200736
	196  -  MemoryUsage of job (MB)
	200424  -  ResidentSetSize of job (KB)
...
006 (10476897.000.000) 2026-03-16 20:04:44 Image size of job updated: 201448
	197  -  MemoryUsage of job (MB)
	201052  -  ResidentSetSize of job (KB)
...
006 (10476897.000.000) 2026-03-16 20:14:45 Image size of job updated: 202588
	198  -  MemoryUsage of job (MB)
	202320  -  ResidentSetSize of job (KB)
...
006 (10476897.000.000) 2026-03-16 20:34:48 Image size of job updated: 203088
	199  -  MemoryUsage of job (MB)
	202932  -  ResidentSetSize of job (KB)
...
006 (10476897.000.000) 2026-03-16 20:44:48 Image size of job updated: 203700
	199  -  MemoryUsage of job (MB)
	203392  -  ResidentSetSize of job (KB)
...
006 (10476897.000.000) 2026-03-16 20:49:49 Image size of job updated: 204160
	200  -  MemoryUsage of job (MB)
	203980  -  ResidentSetSize of job (KB)
...
006 (10476897.000.000) 2026-03-16 20:59:50 Image size of job updated: 222412
	217  -  MemoryUsage of job (MB)
	222200  -  ResidentSetSize of job (KB)
...
006 (10476897.000.000) 2026-03-16 22:19:59 Image size of job updated: 222968
	218  -  MemoryUsage of job (MB)
	222812  -  ResidentSetSize of job (KB)
...
006 (10476897.000.000) 2026-03-16 22:30:00 Image size of job updated: 223420
	218  -  MemoryUsage of job (MB)
	223168  -  ResidentSetSize of job (KB)
...
006 (10476897.000.000) 2026-03-16 22:40:02 Image size of job updated: 223936
	219  -  MemoryUsage of job (MB)
	223764  -  ResidentSetSize of job (KB)
...
006 (10476897.000.000) 2026-03-16 22:50:02 Image size of job updated: 225044
	220  -  MemoryUsage of job (MB)
	224976  -  ResidentSetSize of job (KB)
...
006 (10476897.000.000) 2026-03-16 23:25:06 Image size of job updated: 225744
	221  -  MemoryUsage of job (MB)
	225576  -  ResidentSetSize of job (KB)
...
006 (10476897.000.000) 2026-03-16 23:35:08 Image size of job updated: 226088
	221  -  MemoryUsage of job (MB)
	225940  -  ResidentSetSize of job (KB)
...
006 (10476897.000.000) 2026-03-16 23:50:09 Image size of job updated: 226708
	222  -  MemoryUsage of job (MB)
	226536  -  ResidentSetSize of job (KB)
...
006 (10476897.000.000) 2026-03-16 23:55:10 Image size of job updated: 227816
	223  -  MemoryUsage of job (MB)
	227704  -  ResidentSetSize of job (KB)
...
006 (10476897.000.000) 2026-03-17 00:20:11 Image size of job updated: 228472
	223  -  MemoryUsage of job (MB)
	228304  -  ResidentSetSize of job (KB)
...
006 (10476897.000.000) 2026-03-17 00:30:13 Image size of job updated: 228816
	224  -  MemoryUsage of job (MB)
	228676  -  ResidentSetSize of job (KB)
...
006 (10476897.000.000) 2026-03-17 00:45:14 Image size of job updated: 229444
	224  -  MemoryUsage of job (MB)
	229276  -  ResidentSetSize of job (KB)
...
006 (10476897.000.000) 2026-03-17 00:55:16 Image size of job updated: 230812
	226  -  MemoryUsage of job (MB)
	230612  -  ResidentSetSize of job (KB)
...
006 (10476897.000.000) 2026-03-17 01:10:18 Image size of job updated: 231380
	226  -  MemoryUsage of job (MB)
	231220  -  ResidentSetSize of job (KB)
...
006 (10476897.000.000) 2026-03-17 01:20:19 Image size of job updated: 231732
	227  -  MemoryUsage of job (MB)
	231592  -  ResidentSetSize of job (KB)
...
006 (10476897.000.000) 2026-03-17 01:50:23 Image size of job updated: 231848
	227  -  MemoryUsage of job (MB)
	231836  -  ResidentSetSize of job (KB)
...
006 (10476897.000.000) 2026-03-17 02:40:27 Image size of job updated: 232092
	227  -  MemoryUsage of job (MB)
	231932  -  ResidentSetSize of job (KB)
...
006 (10476897.000.000) 2026-03-17 02:50:29 Image size of job updated: 232444
	227  -  MemoryUsage of job (MB)
	232220  -  ResidentSetSize of job (KB)
...
006 (10476897.000.000) 2026-03-17 02:55:29 Image size of job updated: 234268
	227  -  MemoryUsage of job (MB)
	232220  -  ResidentSetSize of job (KB)
...
006 (10476897.000.000) 2026-03-17 03:20:31 Image size of job updated: 234268
	227  -  MemoryUsage of job (MB)
	232380  -  ResidentSetSize of job (KB)
...
006 (10476897.000.000) 2026-03-17 03:25:32 Image size of job updated: 234268
	228  -  MemoryUsage of job (MB)
	232892  -  ResidentSetSize of job (KB)
...
006 (10476897.000.000) 2026-03-17 04:20:37 Image size of job updated: 234268
	228  -  MemoryUsage of job (MB)
	232968  -  ResidentSetSize of job (KB)
...
006 (10476897.000.000) 2026-03-17 04:45:41 Image size of job updated: 239756
	235  -  MemoryUsage of job (MB)
	239756  -  ResidentSetSize of job (KB)
...
006 (10476897.000.000) 2026-03-17 05:00:42 Image size of job updated: 239928
	235  -  MemoryUsage of job (MB)
	239756  -  ResidentSetSize of job (KB)
...
006 (10476897.000.000) 2026-03-17 06:05:48 Image size of job updated: 239944
	235  -  MemoryUsage of job (MB)
	239756  -  ResidentSetSize of job (KB)
...
006 (10476897.000.000) 2026-03-17 07:45:59 Image size of job updated: 240008
	235  -  MemoryUsage of job (MB)
	239756  -  ResidentSetSize of job (KB)
...
006 (10476897.000.000) 2026-03-17 08:56:07 Image size of job updated: 240012
	235  -  MemoryUsage of job (MB)
	240012  -  ResidentSetSize of job (KB)
...
006 (10476897.000.000) 2026-03-17 09:31:09 Image size of job updated: 240024
	235  -  MemoryUsage of job (MB)
	240020  -  ResidentSetSize of job (KB)
...
006 (10476897.000.000) 2026-03-17 10:06:13 Image size of job updated: 240024
	235  -  MemoryUsage of job (MB)
	240024  -  ResidentSetSize of job (KB)
...
006 (10476897.000.000) 2026-03-17 10:16:15 Image size of job updated: 240028
	235  -  MemoryUsage of job (MB)
	240028  -  ResidentSetSize of job (KB)
...
006 (10476897.000.000) 2026-03-17 10:31:16 Image size of job updated: 240060
	235  -  MemoryUsage of job (MB)
	240028  -  ResidentSetSize of job (KB)
...
006 (10476897.000.000) 2026-03-17 11:01:19 Image size of job updated: 240064
	235  -  MemoryUsage of job (MB)
	240028  -  ResidentSetSize of job (KB)
...
006 (10476897.000.000) 2026-03-17 11:31:22 Image size of job updated: 240068
	235  -  MemoryUsage of job (MB)
	240028  -  ResidentSetSize of job (KB)
...
006 (10476897.000.000) 2026-03-17 11:41:23 Image size of job updated: 240072
	235  -  MemoryUsage of job (MB)
	240072  -  ResidentSetSize of job (KB)
...
006 (10476897.000.000) 2026-03-17 12:41:31 Image size of job updated: 240088
	235  -  MemoryUsage of job (MB)
	240072  -  ResidentSetSize of job (KB)
...
006 (10476897.000.000) 2026-03-17 14:21:41 Image size of job updated: 240120
	235  -  MemoryUsage of job (MB)
	240072  -  ResidentSetSize of job (KB)
...
006 (10476897.000.000) 2026-03-17 15:01:46 Image size of job updated: 240124
	235  -  MemoryUsage of job (MB)
	240124  -  ResidentSetSize of job (KB)
...
006 (10476897.000.000) 2026-03-17 16:06:52 Image size of job updated: 240128
	235  -  MemoryUsage of job (MB)
	240124  -  ResidentSetSize of job (KB)
...
006 (10476897.000.000) 2026-03-17 17:47:03 Image size of job updated: 240132
	235  -  MemoryUsage of job (MB)
	240124  -  ResidentSetSize of job (KB)
...
006 (10476897.000.000) 2026-03-17 17:52:03 Image size of job updated: 240132
	235  -  MemoryUsage of job (MB)
	240132  -  ResidentSetSize of job (KB)
...
006 (10476897.000.000) 2026-03-17 18:47:09 Image size of job updated: 240136
	235  -  MemoryUsage of job (MB)
	240136  -  ResidentSetSize of job (KB)
...
005 (10476897.000.000) 2026-03-17 18:47:46 Job terminated.
	(1) Normal termination (return value 1)
		Usr 1 00:01:41, Sys 0 00:05:11  -  Run Remote Usage
		Usr 0 00:00:00, Sys 0 00:00:00  -  Run Local Usage
		Usr 1 00:01:41, Sys 0 00:05:11  -  Total Remote Usage
		Usr 0 00:00:00, Sys 0 00:00:00  -  Total Local Usage
	0  -  Run Bytes Sent By Job
	0  -  Run Bytes Received By Job
	0  -  Total Bytes Sent By Job
	0  -  Total Bytes Received By Job
	Partitionable Resources :    Usage  Request Allocated 
	   Cpus                 :     1.00        2         2 
	   Disk (KB)            :  7500     2097152   7541822 
	   Memory (MB)          :   235        8192      8192 

	Job terminated of its own accord at 2026-03-17T17:47:46Z with exit-code 1.
...
