000 (10476898.000.000) 2026-03-16 18:29:45 Job submitted from host: <10.0.8.14:9618?addrs=10.0.8.14-9618&alias=head2.htc.inm7.de&noUDP&sock=schedd_1212952_c2ee>
...
001 (10476898.000.000) 2026-03-16 18:44:27 Job executing on host: <10.0.9.12:9618?addrs=10.0.9.12-9618&alias=cpu12.htc.inm7.de&noUDP&sock=startd_122979_f18a>
...
006 (10476898.000.000) 2026-03-16 18:44:36 Image size of job updated: 241928
	237  -  MemoryUsage of job (MB)
	241928  -  ResidentSetSize of job (KB)
...
006 (10476898.000.000) 2026-03-16 18:49:37 Image size of job updated: 242184
	237  -  MemoryUsage of job (MB)
	241928  -  ResidentSetSize of job (KB)
...
006 (10476898.000.000) 2026-03-16 18:54:38 Image size of job updated: 242420
	237  -  MemoryUsage of job (MB)
	242420  -  ResidentSetSize of job (KB)
...
006 (10476898.000.000) 2026-03-16 19:04:38 Image size of job updated: 263052
	257  -  MemoryUsage of job (MB)
	262812  -  ResidentSetSize of job (KB)
...
006 (10476898.000.000) 2026-03-16 19:29:41 Image size of job updated: 263800
	258  -  MemoryUsage of job (MB)
	263560  -  ResidentSetSize of job (KB)
...
006 (10476898.000.000) 2026-03-16 19:39:42 Image size of job updated: 264072
	258  -  MemoryUsage of job (MB)
	263904  -  ResidentSetSize of job (KB)
...
006 (10476898.000.000) 2026-03-16 19:44:43 Image size of job updated: 264672
	259  -  MemoryUsage of job (MB)
	264492  -  ResidentSetSize of job (KB)
...
006 (10476898.000.000) 2026-03-16 19:49:44 Image size of job updated: 265772
	260  -  MemoryUsage of job (MB)
	265688  -  ResidentSetSize of job (KB)
...
006 (10476898.000.000) 2026-03-16 19:54:45 Image size of job updated: 266200
	260  -  MemoryUsage of job (MB)
	266200  -  ResidentSetSize of job (KB)
...
006 (10476898.000.000) 2026-03-16 19:59:45 Image size of job updated: 278232
	272  -  MemoryUsage of job (MB)
	278232  -  ResidentSetSize of job (KB)
...
006 (10476898.000.000) 2026-03-16 20:34:49 Image size of job updated: 278816
	273  -  MemoryUsage of job (MB)
	278816  -  ResidentSetSize of job (KB)
...
006 (10476898.000.000) 2026-03-16 20:44:50 Image size of job updated: 279152
	273  -  MemoryUsage of job (MB)
	279152  -  ResidentSetSize of job (KB)
...
006 (10476898.000.000) 2026-03-16 20:54:51 Image size of job updated: 279664
	274  -  MemoryUsage of job (MB)
	279664  -  ResidentSetSize of job (KB)
...
006 (10476898.000.000) 2026-03-16 20:59:51 Image size of job updated: 280884
	275  -  MemoryUsage of job (MB)
	280884  -  ResidentSetSize of job (KB)
...
006 (10476898.000.000) 2026-03-16 21:14:53 Image size of job updated: 281020
	275  -  MemoryUsage of job (MB)
	281020  -  ResidentSetSize of job (KB)
...
006 (10476898.000.000) 2026-03-16 21:19:53 Image size of job updated: 281740
	276  -  MemoryUsage of job (MB)
	281740  -  ResidentSetSize of job (KB)
...
006 (10476898.000.000) 2026-03-16 21:29:54 Image size of job updated: 282252
	276  -  MemoryUsage of job (MB)
	282252  -  ResidentSetSize of job (KB)
...
006 (10476898.000.000) 2026-03-16 21:39:55 Image size of job updated: 282324
	276  -  MemoryUsage of job (MB)
	282324  -  ResidentSetSize of job (KB)
...
006 (10476898.000.000) 2026-03-16 21:44:56 Image size of job updated: 282836
	277  -  MemoryUsage of job (MB)
	282672  -  ResidentSetSize of job (KB)
...
006 (10476898.000.000) 2026-03-16 21:49:56 Image size of job updated: 283952
	278  -  MemoryUsage of job (MB)
	283952  -  ResidentSetSize of job (KB)
...
006 (10476898.000.000) 2026-03-16 22:04:58 Image size of job updated: 284644
	278  -  MemoryUsage of job (MB)
	284484  -  ResidentSetSize of job (KB)
...
006 (10476898.000.000) 2026-03-16 22:14:58 Image size of job updated: 284996
	279  -  MemoryUsage of job (MB)
	284996  -  ResidentSetSize of job (KB)
...
006 (10476898.000.000) 2026-03-16 22:25:00 Image size of job updated: 285100
	279  -  MemoryUsage of job (MB)
	285100  -  ResidentSetSize of job (KB)
...
006 (10476898.000.000) 2026-03-16 22:30:00 Image size of job updated: 285612
	279  -  MemoryUsage of job (MB)
	285448  -  ResidentSetSize of job (KB)
...
006 (10476898.000.000) 2026-03-16 22:35:01 Image size of job updated: 286728
	281  -  MemoryUsage of job (MB)
	286728  -  ResidentSetSize of job (KB)
...
006 (10476898.000.000) 2026-03-16 22:50:02 Image size of job updated: 286916
	281  -  MemoryUsage of job (MB)
	286916  -  ResidentSetSize of job (KB)
...
006 (10476898.000.000) 2026-03-16 22:55:03 Image size of job updated: 287428
	281  -  MemoryUsage of job (MB)
	287260  -  ResidentSetSize of job (KB)
...
006 (10476898.000.000) 2026-03-16 23:05:04 Image size of job updated: 287772
	281  -  MemoryUsage of job (MB)
	287644  -  ResidentSetSize of job (KB)
...
006 (10476898.000.000) 2026-03-16 23:20:06 Image size of job updated: 287900
	282  -  MemoryUsage of job (MB)
	287900  -  ResidentSetSize of job (KB)
...
006 (10476898.000.000) 2026-03-16 23:30:06 Image size of job updated: 288104
	282  -  MemoryUsage of job (MB)
	287900  -  ResidentSetSize of job (KB)
...
006 (10476898.000.000) 2026-03-16 23:45:08 Image size of job updated: 288112
	282  -  MemoryUsage of job (MB)
	288112  -  ResidentSetSize of job (KB)
...
006 (10476898.000.000) 2026-03-16 23:55:09 Image size of job updated: 288368
	282  -  MemoryUsage of job (MB)
	288368  -  ResidentSetSize of job (KB)
...
006 (10476898.000.000) 2026-03-17 00:10:10 Image size of job updated: 288496
	282  -  MemoryUsage of job (MB)
	288496  -  ResidentSetSize of job (KB)
...
006 (10476898.000.000) 2026-03-17 00:20:12 Image size of job updated: 288752
	282  -  MemoryUsage of job (MB)
	288752  -  ResidentSetSize of job (KB)
...
006 (10476898.000.000) 2026-03-17 00:40:15 Image size of job updated: 288980
	283  -  MemoryUsage of job (MB)
	288980  -  ResidentSetSize of job (KB)
...
006 (10476898.000.000) 2026-03-17 02:30:25 Image size of job updated: 288984
	283  -  MemoryUsage of job (MB)
	288984  -  ResidentSetSize of job (KB)
...
006 (10476898.000.000) 2026-03-17 02:40:27 Image size of job updated: 291048
	283  -  MemoryUsage of job (MB)
	288984  -  ResidentSetSize of job (KB)
...
006 (10476898.000.000) 2026-03-17 02:50:27 Image size of job updated: 291048
	284  -  MemoryUsage of job (MB)
	290628  -  ResidentSetSize of job (KB)
...
006 (10476898.000.000) 2026-03-17 03:20:31 Image size of job updated: 291048
	285  -  MemoryUsage of job (MB)
	290884  -  ResidentSetSize of job (KB)
...
006 (10476898.000.000) 2026-03-17 04:15:37 Image size of job updated: 291048
	285  -  MemoryUsage of job (MB)
	290888  -  ResidentSetSize of job (KB)
...
006 (10476898.000.000) 2026-03-17 04:40:41 Image size of job updated: 291048
	285  -  MemoryUsage of job (MB)
	290892  -  ResidentSetSize of job (KB)
...
006 (10476898.000.000) 2026-03-17 05:20:45 Image size of job updated: 291048
	285  -  MemoryUsage of job (MB)
	290896  -  ResidentSetSize of job (KB)
...
006 (10476898.000.000) 2026-03-17 05:35:47 Image size of job updated: 291048
	285  -  MemoryUsage of job (MB)
	290900  -  ResidentSetSize of job (KB)
...
006 (10476898.000.000) 2026-03-17 06:15:52 Image size of job updated: 291048
	285  -  MemoryUsage of job (MB)
	290904  -  ResidentSetSize of job (KB)
...
006 (10476898.000.000) 2026-03-17 06:55:58 Image size of job updated: 291048
	285  -  MemoryUsage of job (MB)
	290908  -  ResidentSetSize of job (KB)
...
006 (10476898.000.000) 2026-03-17 07:11:00 Image size of job updated: 291048
	285  -  MemoryUsage of job (MB)
	290928  -  ResidentSetSize of job (KB)
...
006 (10476898.000.000) 2026-03-17 07:26:02 Image size of job updated: 291048
	285  -  MemoryUsage of job (MB)
	290932  -  ResidentSetSize of job (KB)
...
006 (10476898.000.000) 2026-03-17 08:26:09 Image size of job updated: 291048
	285  -  MemoryUsage of job (MB)
	290940  -  ResidentSetSize of job (KB)
...
005 (10476898.000.000) 2026-03-17 08:50:30 Job terminated.
	(1) Normal termination (return value 1)
		Usr 0 14:06:08, Sys 0 00:01:06  -  Run Remote Usage
		Usr 0 00:00:00, Sys 0 00:00:00  -  Run Local Usage
		Usr 0 14:06:08, Sys 0 00:01:06  -  Total Remote Usage
		Usr 0 00:00:00, Sys 0 00:00:00  -  Total Local Usage
	0  -  Run Bytes Sent By Job
	0  -  Run Bytes Received By Job
	0  -  Total Bytes Sent By Job
	0  -  Total Bytes Received By Job
	Partitionable Resources :    Usage  Request Allocated 
	   Cpus                 :     1.00        2         2 
	   Disk (KB)            :  7500     2097152   7541822 
	   Memory (MB)          :   285        8192      8192 

	Job terminated of its own accord at 2026-03-17T07:50:30Z with exit-code 1.
...
