000 (10474819.000.000) 2026-03-15 19:21:48 Job submitted from host: <10.0.8.14:9618?addrs=10.0.8.14-9618&alias=head2.htc.inm7.de&noUDP&sock=schedd_1212952_c2ee>
...
001 (10474819.000.000) 2026-03-15 19:30:49 Job executing on host: <10.0.9.36:9618?addrs=10.0.9.36-9618&alias=cpu36.htc.inm7.de&noUDP&sock=startd_3058_1cb4>
...
006 (10474819.000.000) 2026-03-15 19:30:57 Image size of job updated: 394600
	156  -  MemoryUsage of job (MB)
	159520  -  ResidentSetSize of job (KB)
...
006 (10474819.000.000) 2026-03-15 19:35:57 Image size of job updated: 448584
	211  -  MemoryUsage of job (MB)
	215200  -  ResidentSetSize of job (KB)
...
006 (10474819.000.000) 2026-03-15 19:40:58 Image size of job updated: 531552
	235  -  MemoryUsage of job (MB)
	240084  -  ResidentSetSize of job (KB)
...
006 (10474819.000.000) 2026-03-15 19:45:59 Image size of job updated: 532576
	238  -  MemoryUsage of job (MB)
	243072  -  ResidentSetSize of job (KB)
...
006 (10474819.000.000) 2026-03-15 19:50:59 Image size of job updated: 533600
	239  -  MemoryUsage of job (MB)
	243840  -  ResidentSetSize of job (KB)
...
006 (10474819.000.000) 2026-03-15 19:55:59 Image size of job updated: 534624
	240  -  MemoryUsage of job (MB)
	245152  -  ResidentSetSize of job (KB)
...
006 (10474819.000.000) 2026-03-15 20:01:01 Image size of job updated: 548916
	254  -  MemoryUsage of job (MB)
	259792  -  ResidentSetSize of job (KB)
...
006 (10474819.000.000) 2026-03-15 20:06:01 Image size of job updated: 549940
	255  -  MemoryUsage of job (MB)
	260304  -  ResidentSetSize of job (KB)
...
006 (10474819.000.000) 2026-03-15 20:11:01 Image size of job updated: 550964
	256  -  MemoryUsage of job (MB)
	261328  -  ResidentSetSize of job (KB)
...
006 (10474819.000.000) 2026-03-15 20:16:02 Image size of job updated: 551988
	257  -  MemoryUsage of job (MB)
	262352  -  ResidentSetSize of job (KB)
...
006 (10474819.000.000) 2026-03-15 20:21:03 Image size of job updated: 551988
	257  -  MemoryUsage of job (MB)
	262608  -  ResidentSetSize of job (KB)
...
006 (10474819.000.000) 2026-03-15 20:26:03 Image size of job updated: 554540
	259  -  MemoryUsage of job (MB)
	265168  -  ResidentSetSize of job (KB)
...
006 (10474819.000.000) 2026-03-15 20:31:03 Image size of job updated: 555564
	260  -  MemoryUsage of job (MB)
	265680  -  ResidentSetSize of job (KB)
...
006 (10474819.000.000) 2026-03-15 20:36:04 Image size of job updated: 556588
	261  -  MemoryUsage of job (MB)
	266960  -  ResidentSetSize of job (KB)
...
006 (10474819.000.000) 2026-03-15 20:41:05 Image size of job updated: 556588
	261  -  MemoryUsage of job (MB)
	267216  -  ResidentSetSize of job (KB)
...
006 (10474819.000.000) 2026-03-15 20:46:05 Image size of job updated: 557612
	262  -  MemoryUsage of job (MB)
	267984  -  ResidentSetSize of job (KB)
...
006 (10474819.000.000) 2026-03-15 20:51:06 Image size of job updated: 557612
	262  -  MemoryUsage of job (MB)
	268240  -  ResidentSetSize of job (KB)
...
006 (10474819.000.000) 2026-03-15 20:56:07 Image size of job updated: 565824
	270  -  MemoryUsage of job (MB)
	275724  -  ResidentSetSize of job (KB)
...
006 (10474819.000.000) 2026-03-15 21:11:08 Image size of job updated: 565824
	270  -  MemoryUsage of job (MB)
	275980  -  ResidentSetSize of job (KB)
...
006 (10474819.000.000) 2026-03-15 21:16:09 Image size of job updated: 565824
	271  -  MemoryUsage of job (MB)
	276492  -  ResidentSetSize of job (KB)
...
006 (10474819.000.000) 2026-03-15 21:21:09 Image size of job updated: 566848
	271  -  MemoryUsage of job (MB)
	276748  -  ResidentSetSize of job (KB)
...
006 (10474819.000.000) 2026-03-15 21:26:10 Image size of job updated: 566848
	271  -  MemoryUsage of job (MB)
	277260  -  ResidentSetSize of job (KB)
...
006 (10474819.000.000) 2026-03-15 21:31:11 Image size of job updated: 566848
	274  -  MemoryUsage of job (MB)
	279564  -  ResidentSetSize of job (KB)
...
006 (10474819.000.000) 2026-03-15 22:46:17 Image size of job updated: 567116
	274  -  MemoryUsage of job (MB)
	279820  -  ResidentSetSize of job (KB)
...
005 (10474819.000.000) 2026-03-15 23:44:33 Job terminated.
	(1) Normal termination (return value 0)
		Usr 0 04:13:04, Sys 0 00:00:21  -  Run Remote Usage
		Usr 0 00:00:00, Sys 0 00:00:00  -  Run Local Usage
		Usr 0 04:13:04, Sys 0 00:00:21  -  Total Remote Usage
		Usr 0 00:00:00, Sys 0 00:00:00  -  Total Local Usage
	0  -  Run Bytes Sent By Job
	0  -  Run Bytes Received By Job
	0  -  Total Bytes Sent By Job
	0  -  Total Bytes Received By Job
	Partitionable Resources :    Usage  Request Allocated 
	   Cpus                 :     1.00        2         2 
	   Disk (KB)            :  7500     2097152   7738056 
	   Memory (MB)          :   274        8192      8192 

	Job terminated of its own accord at 2026-03-15T22:44:33Z with exit-code 0.
...
