000 (10474817.000.000) 2026-03-15 19:21:48 Job submitted from host: <10.0.8.14:9618?addrs=10.0.8.14-9618&alias=head2.htc.inm7.de&noUDP&sock=schedd_1212952_c2ee>
...
001 (10474817.000.000) 2026-03-15 19:29:49 Job executing on host: <10.0.9.10:9618?addrs=10.0.9.10-9618&alias=cpu10.htc.inm7.de&noUDP&sock=startd_85541_96e8>
...
006 (10474817.000.000) 2026-03-15 19:29:58 Image size of job updated: 170620
	167  -  MemoryUsage of job (MB)
	170416  -  ResidentSetSize of job (KB)
...
006 (10474817.000.000) 2026-03-15 19:40:00 Image size of job updated: 171332
	168  -  MemoryUsage of job (MB)
	171332  -  ResidentSetSize of job (KB)
...
006 (10474817.000.000) 2026-03-15 19:50:00 Image size of job updated: 193208
	189  -  MemoryUsage of job (MB)
	193064  -  ResidentSetSize of job (KB)
...
006 (10474817.000.000) 2026-03-15 19:55:01 Image size of job updated: 196136
	192  -  MemoryUsage of job (MB)
	195780  -  ResidentSetSize of job (KB)
...
006 (10474817.000.000) 2026-03-15 20:00:02 Image size of job updated: 196136
	192  -  MemoryUsage of job (MB)
	196036  -  ResidentSetSize of job (KB)
...
006 (10474817.000.000) 2026-03-15 20:05:02 Image size of job updated: 197060
	193  -  MemoryUsage of job (MB)
	196824  -  ResidentSetSize of job (KB)
...
006 (10474817.000.000) 2026-03-15 20:15:04 Image size of job updated: 197848
	194  -  MemoryUsage of job (MB)
	197848  -  ResidentSetSize of job (KB)
...
006 (10474817.000.000) 2026-03-15 20:20:04 Image size of job updated: 198360
	194  -  MemoryUsage of job (MB)
	198136  -  ResidentSetSize of job (KB)
...
006 (10474817.000.000) 2026-03-15 20:25:04 Image size of job updated: 198392
	194  -  MemoryUsage of job (MB)
	198392  -  ResidentSetSize of job (KB)
...
006 (10474817.000.000) 2026-03-15 20:30:05 Image size of job updated: 199244
	195  -  MemoryUsage of job (MB)
	199020  -  ResidentSetSize of job (KB)
...
006 (10474817.000.000) 2026-03-15 20:35:06 Image size of job updated: 199276
	195  -  MemoryUsage of job (MB)
	199276  -  ResidentSetSize of job (KB)
...
006 (10474817.000.000) 2026-03-15 20:40:06 Image size of job updated: 214776
	210  -  MemoryUsage of job (MB)
	214776  -  ResidentSetSize of job (KB)
...
006 (10474817.000.000) 2026-03-15 20:50:07 Image size of job updated: 215204
	211  -  MemoryUsage of job (MB)
	215204  -  ResidentSetSize of job (KB)
...
006 (10474817.000.000) 2026-03-15 20:55:07 Image size of job updated: 215716
	211  -  MemoryUsage of job (MB)
	215716  -  ResidentSetSize of job (KB)
...
006 (10474817.000.000) 2026-03-15 21:05:08 Image size of job updated: 217492
	213  -  MemoryUsage of job (MB)
	217492  -  ResidentSetSize of job (KB)
...
006 (10474817.000.000) 2026-03-15 21:10:09 Image size of job updated: 217572
	213  -  MemoryUsage of job (MB)
	217572  -  ResidentSetSize of job (KB)
...
006 (10474817.000.000) 2026-03-15 21:15:09 Image size of job updated: 217840
	213  -  MemoryUsage of job (MB)
	217840  -  ResidentSetSize of job (KB)
...
006 (10474817.000.000) 2026-03-15 21:20:09 Image size of job updated: 218352
	214  -  MemoryUsage of job (MB)
	218332  -  ResidentSetSize of job (KB)
...
006 (10474817.000.000) 2026-03-15 21:30:11 Image size of job updated: 219356
	215  -  MemoryUsage of job (MB)
	219356  -  ResidentSetSize of job (KB)
...
006 (10474817.000.000) 2026-03-15 21:40:11 Image size of job updated: 219892
	215  -  MemoryUsage of job (MB)
	219636  -  ResidentSetSize of job (KB)
...
006 (10474817.000.000) 2026-03-15 21:45:12 Image size of job updated: 220472
	216  -  MemoryUsage of job (MB)
	220472  -  ResidentSetSize of job (KB)
...
006 (10474817.000.000) 2026-03-15 21:50:13 Image size of job updated: 220740
	216  -  MemoryUsage of job (MB)
	220740  -  ResidentSetSize of job (KB)
...
006 (10474817.000.000) 2026-03-15 21:55:13 Image size of job updated: 220996
	216  -  MemoryUsage of job (MB)
	220832  -  ResidentSetSize of job (KB)
...
006 (10474817.000.000) 2026-03-15 22:05:14 Image size of job updated: 221088
	216  -  MemoryUsage of job (MB)
	221088  -  ResidentSetSize of job (KB)
...
006 (10474817.000.000) 2026-03-15 22:10:14 Image size of job updated: 221092
	216  -  MemoryUsage of job (MB)
	221088  -  ResidentSetSize of job (KB)
...
006 (10474817.000.000) 2026-03-15 22:15:14 Image size of job updated: 221472
	217  -  MemoryUsage of job (MB)
	221472  -  ResidentSetSize of job (KB)
...
006 (10474817.000.000) 2026-03-15 22:20:15 Image size of job updated: 221476
	217  -  MemoryUsage of job (MB)
	221476  -  ResidentSetSize of job (KB)
...
006 (10474817.000.000) 2026-03-15 22:30:16 Image size of job updated: 221908
	217  -  MemoryUsage of job (MB)
	221908  -  ResidentSetSize of job (KB)
...
006 (10474817.000.000) 2026-03-15 22:40:17 Image size of job updated: 222340
	218  -  MemoryUsage of job (MB)
	222340  -  ResidentSetSize of job (KB)
...
006 (10474817.000.000) 2026-03-15 22:50:18 Image size of job updated: 226592
	220  -  MemoryUsage of job (MB)
	224544  -  ResidentSetSize of job (KB)
...
006 (10474817.000.000) 2026-03-15 22:55:19 Image size of job updated: 229512
	225  -  MemoryUsage of job (MB)
	229504  -  ResidentSetSize of job (KB)
...
006 (10474817.000.000) 2026-03-15 23:30:22 Image size of job updated: 229568
	225  -  MemoryUsage of job (MB)
	229504  -  ResidentSetSize of job (KB)
...
006 (10474817.000.000) 2026-03-16 00:00:26 Image size of job updated: 229572
	225  -  MemoryUsage of job (MB)
	229504  -  ResidentSetSize of job (KB)
...
006 (10474817.000.000) 2026-03-16 01:20:34 Image size of job updated: 229576
	225  -  MemoryUsage of job (MB)
	229504  -  ResidentSetSize of job (KB)
...
006 (10474817.000.000) 2026-03-16 01:30:35 Image size of job updated: 229580
	225  -  MemoryUsage of job (MB)
	229504  -  ResidentSetSize of job (KB)
...
006 (10474817.000.000) 2026-03-16 02:00:38 Image size of job updated: 237476
	232  -  MemoryUsage of job (MB)
	237220  -  ResidentSetSize of job (KB)
...
006 (10474817.000.000) 2026-03-16 02:10:38 Image size of job updated: 237476
	232  -  MemoryUsage of job (MB)
	237240  -  ResidentSetSize of job (KB)
...
006 (10474817.000.000) 2026-03-16 02:25:40 Image size of job updated: 237496
	232  -  MemoryUsage of job (MB)
	237240  -  ResidentSetSize of job (KB)
...
006 (10474817.000.000) 2026-03-16 02:30:40 Image size of job updated: 237496
	232  -  MemoryUsage of job (MB)
	237496  -  ResidentSetSize of job (KB)
...
006 (10474817.000.000) 2026-03-16 03:05:44 Image size of job updated: 237500
	232  -  MemoryUsage of job (MB)
	237496  -  ResidentSetSize of job (KB)
...
006 (10474817.000.000) 2026-03-16 03:15:46 Image size of job updated: 237500
	232  -  MemoryUsage of job (MB)
	237500  -  ResidentSetSize of job (KB)
...
005 (10474817.000.000) 2026-03-16 03:15:56 Job terminated.
	(1) Normal termination (return value 0)
		Usr 0 07:45:20, Sys 0 00:00:20  -  Run Remote Usage
		Usr 0 00:00:00, Sys 0 00:00:00  -  Run Local Usage
		Usr 0 07:45:20, Sys 0 00:00:20  -  Total Remote Usage
		Usr 0 00:00:00, Sys 0 00:00:00  -  Total Local Usage
	0  -  Run Bytes Sent By Job
	0  -  Run Bytes Received By Job
	0  -  Total Bytes Sent By Job
	0  -  Total Bytes Received By Job
	Partitionable Resources :    Usage  Request Allocated 
	   Cpus                 :     1.00        2         2 
	   Disk (KB)            :  7500     2097152   7541135 
	   Memory (MB)          :   232        8192      8192 

	Job terminated of its own accord at 2026-03-16T02:15:56Z with exit-code 0.
...
