000 (10474816.000.000) 2026-03-15 19:21:48 Job submitted from host: <10.0.8.14:9618?addrs=10.0.8.14-9618&alias=head2.htc.inm7.de&noUDP&sock=schedd_1212952_c2ee>
...
001 (10474816.000.000) 2026-03-15 19:28:49 Job executing on host: <10.0.9.47:9618?addrs=10.0.9.47-9618&alias=cpu47.htc.inm7.de&noUDP&sock=startd_3371_cdd8>
...
006 (10474816.000.000) 2026-03-15 19:28:57 Image size of job updated: 7500
	6  -  MemoryUsage of job (MB)
	5436  -  ResidentSetSize of job (KB)
...
006 (10474816.000.000) 2026-03-15 19:33:57 Image size of job updated: 448580
	210  -  MemoryUsage of job (MB)
	214720  -  ResidentSetSize of job (KB)
...
006 (10474816.000.000) 2026-03-15 19:38:58 Image size of job updated: 531516
	235  -  MemoryUsage of job (MB)
	239816  -  ResidentSetSize of job (KB)
...
006 (10474816.000.000) 2026-03-15 19:43:59 Image size of job updated: 532540
	237  -  MemoryUsage of job (MB)
	242376  -  ResidentSetSize of job (KB)
...
006 (10474816.000.000) 2026-03-15 19:48:59 Image size of job updated: 533564
	238  -  MemoryUsage of job (MB)
	243400  -  ResidentSetSize of job (KB)
...
006 (10474816.000.000) 2026-03-15 19:53:59 Image size of job updated: 534588
	239  -  MemoryUsage of job (MB)
	244712  -  ResidentSetSize of job (KB)
...
006 (10474816.000.000) 2026-03-15 19:59:01 Image size of job updated: 534588
	240  -  MemoryUsage of job (MB)
	245224  -  ResidentSetSize of job (KB)
...
006 (10474816.000.000) 2026-03-15 20:04:01 Image size of job updated: 535612
	241  -  MemoryUsage of job (MB)
	245992  -  ResidentSetSize of job (KB)
...
006 (10474816.000.000) 2026-03-15 20:09:01 Image size of job updated: 551132
	256  -  MemoryUsage of job (MB)
	261448  -  ResidentSetSize of job (KB)
...
006 (10474816.000.000) 2026-03-15 20:14:02 Image size of job updated: 552156
	259  -  MemoryUsage of job (MB)
	264520  -  ResidentSetSize of job (KB)
...
006 (10474816.000.000) 2026-03-15 20:19:03 Image size of job updated: 552156
	259  -  MemoryUsage of job (MB)
	265032  -  ResidentSetSize of job (KB)
...
006 (10474816.000.000) 2026-03-15 20:24:03 Image size of job updated: 553180
	260  -  MemoryUsage of job (MB)
	265800  -  ResidentSetSize of job (KB)
...
006 (10474816.000.000) 2026-03-15 20:29:03 Image size of job updated: 554204
	261  -  MemoryUsage of job (MB)
	266568  -  ResidentSetSize of job (KB)
...
006 (10474816.000.000) 2026-03-15 20:34:04 Image size of job updated: 555228
	262  -  MemoryUsage of job (MB)
	267592  -  ResidentSetSize of job (KB)
...
006 (10474816.000.000) 2026-03-15 20:39:05 Image size of job updated: 555228
	262  -  MemoryUsage of job (MB)
	267848  -  ResidentSetSize of job (KB)
...
006 (10474816.000.000) 2026-03-15 20:44:05 Image size of job updated: 557916
	265  -  MemoryUsage of job (MB)
	270664  -  ResidentSetSize of job (KB)
...
006 (10474816.000.000) 2026-03-15 20:54:07 Image size of job updated: 558940
	265  -  MemoryUsage of job (MB)
	270920  -  ResidentSetSize of job (KB)
...
006 (10474816.000.000) 2026-03-15 20:59:07 Image size of job updated: 558940
	265  -  MemoryUsage of job (MB)
	271176  -  ResidentSetSize of job (KB)
...
006 (10474816.000.000) 2026-03-15 21:09:08 Image size of job updated: 558940
	266  -  MemoryUsage of job (MB)
	271688  -  ResidentSetSize of job (KB)
...
006 (10474816.000.000) 2026-03-15 21:14:09 Image size of job updated: 559964
	266  -  MemoryUsage of job (MB)
	271944  -  ResidentSetSize of job (KB)
...
006 (10474816.000.000) 2026-03-15 21:19:09 Image size of job updated: 559964
	266  -  MemoryUsage of job (MB)
	272200  -  ResidentSetSize of job (KB)
...
006 (10474816.000.000) 2026-03-15 23:09:21 Image size of job updated: 559964
	267  -  MemoryUsage of job (MB)
	272456  -  ResidentSetSize of job (KB)
...
005 (10474816.000.000) 2026-03-15 23:43:11 Job terminated.
	(1) Normal termination (return value 0)
		Usr 0 04:13:44, Sys 0 00:00:16  -  Run Remote Usage
		Usr 0 00:00:00, Sys 0 00:00:00  -  Run Local Usage
		Usr 0 04:13:44, Sys 0 00:00:16  -  Total Remote Usage
		Usr 0 00:00:00, Sys 0 00:00:00  -  Total Local Usage
	0  -  Run Bytes Sent By Job
	0  -  Run Bytes Received By Job
	0  -  Total Bytes Sent By Job
	0  -  Total Bytes Received By Job
	Partitionable Resources :    Usage  Request Allocated 
	   Cpus                 :     1.00        2         2 
	   Disk (KB)            :  7500     2097152  14864131 
	   Memory (MB)          :   267        8192      8192 

	Job terminated of its own accord at 2026-03-15T22:43:11Z with exit-code 0.
...
