000 (10474820.000.000) 2026-03-15 19:21:48 Job submitted from host: <10.0.8.14:9618?addrs=10.0.8.14-9618&alias=head2.htc.inm7.de&noUDP&sock=schedd_1212952_c2ee>
...
001 (10474820.000.000) 2026-03-15 19:31:49 Job executing on host: <10.0.9.12:9618?addrs=10.0.9.12-9618&alias=cpu12.htc.inm7.de&noUDP&sock=startd_122979_f18a>
...
006 (10474820.000.000) 2026-03-15 19:31:57 Image size of job updated: 171452
	168  -  MemoryUsage of job (MB)
	171452  -  ResidentSetSize of job (KB)
...
006 (10474820.000.000) 2026-03-15 19:41:58 Image size of job updated: 171940
	168  -  MemoryUsage of job (MB)
	171940  -  ResidentSetSize of job (KB)
...
006 (10474820.000.000) 2026-03-15 19:51:58 Image size of job updated: 189688
	186  -  MemoryUsage of job (MB)
	189636  -  ResidentSetSize of job (KB)
...
006 (10474820.000.000) 2026-03-15 19:57:00 Image size of job updated: 192708
	188  -  MemoryUsage of job (MB)
	192456  -  ResidentSetSize of job (KB)
...
006 (10474820.000.000) 2026-03-15 20:07:00 Image size of job updated: 193392
	189  -  MemoryUsage of job (MB)
	193392  -  ResidentSetSize of job (KB)
...
006 (10474820.000.000) 2026-03-15 20:17:02 Image size of job updated: 194928
	191  -  MemoryUsage of job (MB)
	194928  -  ResidentSetSize of job (KB)
...
006 (10474820.000.000) 2026-03-15 20:27:02 Image size of job updated: 195440
	191  -  MemoryUsage of job (MB)
	195280  -  ResidentSetSize of job (KB)
...
006 (10474820.000.000) 2026-03-15 20:32:03 Image size of job updated: 195536
	191  -  MemoryUsage of job (MB)
	195536  -  ResidentSetSize of job (KB)
...
006 (10474820.000.000) 2026-03-15 20:37:04 Image size of job updated: 196372
	192  -  MemoryUsage of job (MB)
	196372  -  ResidentSetSize of job (KB)
...
006 (10474820.000.000) 2026-03-15 20:47:05 Image size of job updated: 211936
	207  -  MemoryUsage of job (MB)
	211936  -  ResidentSetSize of job (KB)
...
006 (10474820.000.000) 2026-03-15 20:57:06 Image size of job updated: 212256
	208  -  MemoryUsage of job (MB)
	212256  -  ResidentSetSize of job (KB)
...
006 (10474820.000.000) 2026-03-15 21:02:06 Image size of job updated: 212768
	208  -  MemoryUsage of job (MB)
	212692  -  ResidentSetSize of job (KB)
...
006 (10474820.000.000) 2026-03-15 21:12:08 Image size of job updated: 214640
	210  -  MemoryUsage of job (MB)
	214640  -  ResidentSetSize of job (KB)
...
006 (10474820.000.000) 2026-03-15 21:22:08 Image size of job updated: 214988
	210  -  MemoryUsage of job (MB)
	214864  -  ResidentSetSize of job (KB)
...
006 (10474820.000.000) 2026-03-15 21:27:09 Image size of job updated: 215632
	211  -  MemoryUsage of job (MB)
	215632  -  ResidentSetSize of job (KB)
...
006 (10474820.000.000) 2026-03-15 21:32:10 Image size of job updated: 218040
	211  -  MemoryUsage of job (MB)
	215992  -  ResidentSetSize of job (KB)
...
006 (10474820.000.000) 2026-03-15 21:37:10 Image size of job updated: 221200
	215  -  MemoryUsage of job (MB)
	219184  -  ResidentSetSize of job (KB)
...
006 (10474820.000.000) 2026-03-15 21:42:10 Image size of job updated: 222992
	218  -  MemoryUsage of job (MB)
	222736  -  ResidentSetSize of job (KB)
...
006 (10474820.000.000) 2026-03-15 21:47:11 Image size of job updated: 223504
	219  -  MemoryUsage of job (MB)
	223504  -  ResidentSetSize of job (KB)
...
006 (10474820.000.000) 2026-03-15 21:57:12 Image size of job updated: 223788
	219  -  MemoryUsage of job (MB)
	223788  -  ResidentSetSize of job (KB)
...
006 (10474820.000.000) 2026-03-15 22:02:12 Image size of job updated: 223896
	219  -  MemoryUsage of job (MB)
	223896  -  ResidentSetSize of job (KB)
...
006 (10474820.000.000) 2026-03-15 22:12:14 Image size of job updated: 224136
	219  -  MemoryUsage of job (MB)
	224136  -  ResidentSetSize of job (KB)
...
006 (10474820.000.000) 2026-03-15 22:27:16 Image size of job updated: 232072
	227  -  MemoryUsage of job (MB)
	232072  -  ResidentSetSize of job (KB)
...
006 (10474820.000.000) 2026-03-15 22:32:16 Image size of job updated: 232328
	227  -  MemoryUsage of job (MB)
	232188  -  ResidentSetSize of job (KB)
...
006 (10474820.000.000) 2026-03-15 22:37:16 Image size of job updated: 232700
	228  -  MemoryUsage of job (MB)
	232700  -  ResidentSetSize of job (KB)
...
006 (10474820.000.000) 2026-03-15 22:47:18 Image size of job updated: 233136
	228  -  MemoryUsage of job (MB)
	233136  -  ResidentSetSize of job (KB)
...
006 (10474820.000.000) 2026-03-15 22:52:18 Image size of job updated: 233236
	228  -  MemoryUsage of job (MB)
	233236  -  ResidentSetSize of job (KB)
...
006 (10474820.000.000) 2026-03-15 22:57:18 Image size of job updated: 233584
	229  -  MemoryUsage of job (MB)
	233584  -  ResidentSetSize of job (KB)
...
006 (10474820.000.000) 2026-03-15 23:52:23 Image size of job updated: 233648
	229  -  MemoryUsage of job (MB)
	233648  -  ResidentSetSize of job (KB)
...
006 (10474820.000.000) 2026-03-16 00:02:25 Image size of job updated: 233652
	229  -  MemoryUsage of job (MB)
	233652  -  ResidentSetSize of job (KB)
...
006 (10474820.000.000) 2026-03-16 00:32:28 Image size of job updated: 233656
	229  -  MemoryUsage of job (MB)
	233652  -  ResidentSetSize of job (KB)
...
006 (10474820.000.000) 2026-03-16 00:42:29 Image size of job updated: 233656
	229  -  MemoryUsage of job (MB)
	233656  -  ResidentSetSize of job (KB)
...
006 (10474820.000.000) 2026-03-16 01:22:32 Image size of job updated: 233660
	229  -  MemoryUsage of job (MB)
	233656  -  ResidentSetSize of job (KB)
...
006 (10474820.000.000) 2026-03-16 01:42:34 Image size of job updated: 233664
	229  -  MemoryUsage of job (MB)
	233656  -  ResidentSetSize of job (KB)
...
006 (10474820.000.000) 2026-03-16 02:02:36 Image size of job updated: 233668
	229  -  MemoryUsage of job (MB)
	233668  -  ResidentSetSize of job (KB)
...
006 (10474820.000.000) 2026-03-16 02:27:39 Image size of job updated: 233688
	229  -  MemoryUsage of job (MB)
	233688  -  ResidentSetSize of job (KB)
...
006 (10474820.000.000) 2026-03-16 03:12:44 Image size of job updated: 233692
	229  -  MemoryUsage of job (MB)
	233688  -  ResidentSetSize of job (KB)
...
006 (10474820.000.000) 2026-03-16 03:22:45 Image size of job updated: 233692
	229  -  MemoryUsage of job (MB)
	233692  -  ResidentSetSize of job (KB)
...
006 (10474820.000.000) 2026-03-16 03:27:45 Image size of job updated: 233912
	229  -  MemoryUsage of job (MB)
	233880  -  ResidentSetSize of job (KB)
...
006 (10474820.000.000) 2026-03-16 03:32:46 Image size of job updated: 235336
	230  -  MemoryUsage of job (MB)
	235084  -  ResidentSetSize of job (KB)
...
006 (10474820.000.000) 2026-03-16 03:32:56 Image size of job updated: 235340
	230  -  MemoryUsage of job (MB)
	235084  -  ResidentSetSize of job (KB)
...
005 (10474820.000.000) 2026-03-16 03:32:56 Job terminated.
	(1) Normal termination (return value 0)
		Usr 0 08:00:51, Sys 0 00:00:09  -  Run Remote Usage
		Usr 0 00:00:00, Sys 0 00:00:00  -  Run Local Usage
		Usr 0 08:00:51, Sys 0 00:00:09  -  Total Remote Usage
		Usr 0 00:00:00, Sys 0 00:00:00  -  Total Local Usage
	0  -  Run Bytes Sent By Job
	0  -  Run Bytes Received By Job
	0  -  Total Bytes Sent By Job
	0  -  Total Bytes Received By Job
	Partitionable Resources :    Usage  Request Allocated 
	   Cpus                 :     1.00        2         2 
	   Disk (KB)            :  7500     2097152   7541822 
	   Memory (MB)          :   230        8192      8192 

	Job terminated of its own accord at 2026-03-16T02:32:56Z with exit-code 0.
...
