000 (10474815.000.000) 2026-03-15 19:21:48 Job submitted from host: <10.0.8.14:9618?addrs=10.0.8.14-9618&alias=head2.htc.inm7.de&noUDP&sock=schedd_1212952_c2ee>
...
001 (10474815.000.000) 2026-03-15 19:21:49 Job executing on host: <10.0.9.12:9618?addrs=10.0.9.12-9618&alias=cpu12.htc.inm7.de&noUDP&sock=startd_122979_f18a>
...
006 (10474815.000.000) 2026-03-15 19:21:57 Image size of job updated: 39120
	39  -  MemoryUsage of job (MB)
	39120  -  ResidentSetSize of job (KB)
...
006 (10474815.000.000) 2026-03-15 19:26:57 Image size of job updated: 177536
	173  -  MemoryUsage of job (MB)
	176920  -  ResidentSetSize of job (KB)
...
006 (10474815.000.000) 2026-03-15 19:31:58 Image size of job updated: 177536
	173  -  MemoryUsage of job (MB)
	176948  -  ResidentSetSize of job (KB)
...
006 (10474815.000.000) 2026-03-15 19:41:59 Image size of job updated: 177972
	174  -  MemoryUsage of job (MB)
	177972  -  ResidentSetSize of job (KB)
...
006 (10474815.000.000) 2026-03-15 19:52:00 Image size of job updated: 178020
	174  -  MemoryUsage of job (MB)
	178020  -  ResidentSetSize of job (KB)
...
006 (10474815.000.000) 2026-03-15 20:02:01 Image size of job updated: 200616
	196  -  MemoryUsage of job (MB)
	200376  -  ResidentSetSize of job (KB)
...
006 (10474815.000.000) 2026-03-15 21:17:08 Image size of job updated: 201292
	197  -  MemoryUsage of job (MB)
	200940  -  ResidentSetSize of job (KB)
...
006 (10474815.000.000) 2026-03-15 21:22:09 Image size of job updated: 201292
	197  -  MemoryUsage of job (MB)
	200952  -  ResidentSetSize of job (KB)
...
006 (10474815.000.000) 2026-03-15 21:27:10 Image size of job updated: 205132
	201  -  MemoryUsage of job (MB)
	205124  -  ResidentSetSize of job (KB)
...
006 (10474815.000.000) 2026-03-15 21:32:10 Image size of job updated: 207172
	202  -  MemoryUsage of job (MB)
	206208  -  ResidentSetSize of job (KB)
...
006 (10474815.000.000) 2026-03-15 21:37:11 Image size of job updated: 207172
	203  -  MemoryUsage of job (MB)
	206976  -  ResidentSetSize of job (KB)
...
006 (10474815.000.000) 2026-03-15 22:02:13 Image size of job updated: 207336
	203  -  MemoryUsage of job (MB)
	207336  -  ResidentSetSize of job (KB)
...
006 (10474815.000.000) 2026-03-15 22:07:13 Image size of job updated: 207988
	203  -  MemoryUsage of job (MB)
	207820  -  ResidentSetSize of job (KB)
...
006 (10474815.000.000) 2026-03-15 22:22:15 Image size of job updated: 226252
	221  -  MemoryUsage of job (MB)
	226252  -  ResidentSetSize of job (KB)
...
006 (10474815.000.000) 2026-03-15 22:47:17 Image size of job updated: 226372
	222  -  MemoryUsage of job (MB)
	226372  -  ResidentSetSize of job (KB)
...
006 (10474815.000.000) 2026-03-15 23:07:20 Image size of job updated: 227144
	222  -  MemoryUsage of job (MB)
	227144  -  ResidentSetSize of job (KB)
...
006 (10474815.000.000) 2026-03-15 23:12:21 Image size of job updated: 227172
	222  -  MemoryUsage of job (MB)
	227172  -  ResidentSetSize of job (KB)
...
006 (10474815.000.000) 2026-03-15 23:27:22 Image size of job updated: 227428
	223  -  MemoryUsage of job (MB)
	227428  -  ResidentSetSize of job (KB)
...
006 (10474815.000.000) 2026-03-15 23:32:23 Image size of job updated: 227940
	223  -  MemoryUsage of job (MB)
	227940  -  ResidentSetSize of job (KB)
...
006 (10474815.000.000) 2026-03-15 23:47:25 Image size of job updated: 228396
	223  -  MemoryUsage of job (MB)
	228248  -  ResidentSetSize of job (KB)
...
006 (10474815.000.000) 2026-03-16 00:02:26 Image size of job updated: 229016
	224  -  MemoryUsage of job (MB)
	229016  -  ResidentSetSize of job (KB)
...
006 (10474815.000.000) 2026-03-16 00:22:29 Image size of job updated: 229372
	224  -  MemoryUsage of job (MB)
	229372  -  ResidentSetSize of job (KB)
...
006 (10474815.000.000) 2026-03-16 00:32:29 Image size of job updated: 229884
	225  -  MemoryUsage of job (MB)
	229884  -  ResidentSetSize of job (KB)
...
006 (10474815.000.000) 2026-03-16 00:47:31 Image size of job updated: 231932
	227  -  MemoryUsage of job (MB)
	231932  -  ResidentSetSize of job (KB)
...
006 (10474815.000.000) 2026-03-16 01:12:33 Image size of job updated: 232580
	228  -  MemoryUsage of job (MB)
	232580  -  ResidentSetSize of job (KB)
...
006 (10474815.000.000) 2026-03-16 01:37:36 Image size of job updated: 232960
	228  -  MemoryUsage of job (MB)
	232960  -  ResidentSetSize of job (KB)
...
006 (10474815.000.000) 2026-03-16 02:12:40 Image size of job updated: 233560
	229  -  MemoryUsage of job (MB)
	233560  -  ResidentSetSize of job (KB)
...
006 (10474815.000.000) 2026-03-16 02:32:42 Image size of job updated: 233896
	229  -  MemoryUsage of job (MB)
	233896  -  ResidentSetSize of job (KB)
...
006 (10474815.000.000) 2026-03-16 02:42:43 Image size of job updated: 234632
	230  -  MemoryUsage of job (MB)
	234632  -  ResidentSetSize of job (KB)
...
006 (10474815.000.000) 2026-03-16 02:57:44 Image size of job updated: 234980
	230  -  MemoryUsage of job (MB)
	234832  -  ResidentSetSize of job (KB)
...
006 (10474815.000.000) 2026-03-16 03:12:45 Image size of job updated: 235088
	230  -  MemoryUsage of job (MB)
	235088  -  ResidentSetSize of job (KB)
...
006 (10474815.000.000) 2026-03-16 03:27:47 Image size of job updated: 247132
	242  -  MemoryUsage of job (MB)
	247116  -  ResidentSetSize of job (KB)
...
006 (10474815.000.000) 2026-03-16 04:42:55 Image size of job updated: 247348
	242  -  MemoryUsage of job (MB)
	247340  -  ResidentSetSize of job (KB)
...
006 (10474815.000.000) 2026-03-16 04:57:57 Image size of job updated: 247456
	242  -  MemoryUsage of job (MB)
	247456  -  ResidentSetSize of job (KB)
...
006 (10474815.000.000) 2026-03-16 05:07:57 Image size of job updated: 247600
	242  -  MemoryUsage of job (MB)
	247488  -  ResidentSetSize of job (KB)
...
006 (10474815.000.000) 2026-03-16 05:28:00 Image size of job updated: 248000
	243  -  MemoryUsage of job (MB)
	248000  -  ResidentSetSize of job (KB)
...
006 (10474815.000.000) 2026-03-16 05:58:03 Image size of job updated: 248452
	243  -  MemoryUsage of job (MB)
	248452  -  ResidentSetSize of job (KB)
...
006 (10474815.000.000) 2026-03-16 06:23:05 Image size of job updated: 249140
	244  -  MemoryUsage of job (MB)
	248888  -  ResidentSetSize of job (KB)
...
006 (10474815.000.000) 2026-03-16 07:03:09 Image size of job updated: 252312
	247  -  MemoryUsage of job (MB)
	252252  -  ResidentSetSize of job (KB)
...
006 (10474815.000.000) 2026-03-16 07:53:13 Image size of job updated: 252456
	247  -  MemoryUsage of job (MB)
	252456  -  ResidentSetSize of job (KB)
...
006 (10474815.000.000) 2026-03-16 09:58:27 Image size of job updated: 252712
	247  -  MemoryUsage of job (MB)
	252612  -  ResidentSetSize of job (KB)
...
006 (10474815.000.000) 2026-03-16 10:08:27 Image size of job updated: 252868
	247  -  MemoryUsage of job (MB)
	252612  -  ResidentSetSize of job (KB)
...
006 (10474815.000.000) 2026-03-16 10:13:28 Image size of job updated: 252868
	247  -  MemoryUsage of job (MB)
	252616  -  ResidentSetSize of job (KB)
...
006 (10474815.000.000) 2026-03-16 10:28:30 Image size of job updated: 252872
	247  -  MemoryUsage of job (MB)
	252872  -  ResidentSetSize of job (KB)
...
006 (10474815.000.000) 2026-03-16 10:33:31 Image size of job updated: 254920
	247  -  MemoryUsage of job (MB)
	252872  -  ResidentSetSize of job (KB)
...
006 (10474815.000.000) 2026-03-16 10:38:31 Image size of job updated: 255760
	249  -  MemoryUsage of job (MB)
	254752  -  ResidentSetSize of job (KB)
...
004 (10474815.000.000) 2026-03-16 11:11:19 Job was evicted.
	(0) CPU times
		Usr 0 15:49:12, Sys 0 00:02:11  -  Run Remote Usage
		Usr 0 00:00:00, Sys 0 00:00:00  -  Run Local Usage
	0  -  Run Bytes Sent By Job
	0  -  Run Bytes Received By Job
	Partitionable Resources :    Usage  Request Allocated 
	   Cpus                 :     1.00        2         2 
	   Disk (KB)            :  7500     2097152   7541822 
	   Memory (MB)          :   249        8192      8192 
...
009 (10474815.000.000) 2026-03-16 11:11:19 Job was aborted.
	via condor_rm (by user fkarateke)
...
