000 (10474818.000.000) 2026-03-15 19:21:48 Job submitted from host: <10.0.8.14:9618?addrs=10.0.8.14-9618&alias=head2.htc.inm7.de&noUDP&sock=schedd_1212952_c2ee>
...
001 (10474818.000.000) 2026-03-15 19:29:49 Job executing on host: <10.0.9.10:9618?addrs=10.0.9.10-9618&alias=cpu10.htc.inm7.de&noUDP&sock=startd_85541_96e8>
...
006 (10474818.000.000) 2026-03-15 19:29:58 Image size of job updated: 3145728
	552  -  MemoryUsage of job (MB)
	564900  -  ResidentSetSize of job (KB)
...
006 (10474818.000.000) 2026-03-15 19:40:00 Image size of job updated: 3145728
	553  -  MemoryUsage of job (MB)
	565496  -  ResidentSetSize of job (KB)
...
006 (10474818.000.000) 2026-03-15 19:50:00 Image size of job updated: 3145728
	570  -  MemoryUsage of job (MB)
	583228  -  ResidentSetSize of job (KB)
...
006 (10474818.000.000) 2026-03-15 19:55:02 Image size of job updated: 3145728
	573  -  MemoryUsage of job (MB)
	586304  -  ResidentSetSize of job (KB)
...
006 (10474818.000.000) 2026-03-15 20:05:02 Image size of job updated: 3145728
	574  -  MemoryUsage of job (MB)
	587380  -  ResidentSetSize of job (KB)
...
006 (10474818.000.000) 2026-03-15 20:15:04 Image size of job updated: 3145728
	576  -  MemoryUsage of job (MB)
	588936  -  ResidentSetSize of job (KB)
...
006 (10474818.000.000) 2026-03-15 20:20:04 Image size of job updated: 3145728
	576  -  MemoryUsage of job (MB)
	589192  -  ResidentSetSize of job (KB)
...
006 (10474818.000.000) 2026-03-15 20:30:05 Image size of job updated: 3145728
	576  -  MemoryUsage of job (MB)
	589704  -  ResidentSetSize of job (KB)
...
006 (10474818.000.000) 2026-03-15 20:40:05 Image size of job updated: 3145728
	591  -  MemoryUsage of job (MB)
	604808  -  ResidentSetSize of job (KB)
...
006 (10474818.000.000) 2026-03-15 20:45:06 Image size of job updated: 3145728
	592  -  MemoryUsage of job (MB)
	605320  -  ResidentSetSize of job (KB)
...
006 (10474818.000.000) 2026-03-15 20:50:07 Image size of job updated: 3145728
	592  -  MemoryUsage of job (MB)
	605832  -  ResidentSetSize of job (KB)
...
006 (10474818.000.000) 2026-03-15 20:55:07 Image size of job updated: 3145728
	593  -  MemoryUsage of job (MB)
	606344  -  ResidentSetSize of job (KB)
...
006 (10474818.000.000) 2026-03-15 21:05:08 Image size of job updated: 3145728
	593  -  MemoryUsage of job (MB)
	606628  -  ResidentSetSize of job (KB)
...
006 (10474818.000.000) 2026-03-15 21:10:08 Image size of job updated: 3145728
	594  -  MemoryUsage of job (MB)
	607440  -  ResidentSetSize of job (KB)
...
006 (10474818.000.000) 2026-03-15 21:15:08 Image size of job updated: 3145728
	595  -  MemoryUsage of job (MB)
	608976  -  ResidentSetSize of job (KB)
...
006 (10474818.000.000) 2026-03-15 21:20:09 Image size of job updated: 3145728
	596  -  MemoryUsage of job (MB)
	609488  -  ResidentSetSize of job (KB)
...
006 (10474818.000.000) 2026-03-15 21:30:10 Image size of job updated: 3145728
	596  -  MemoryUsage of job (MB)
	610304  -  ResidentSetSize of job (KB)
...
006 (10474818.000.000) 2026-03-15 21:40:12 Image size of job updated: 3145728
	597  -  MemoryUsage of job (MB)
	610816  -  ResidentSetSize of job (KB)
...
006 (10474818.000.000) 2026-03-15 21:45:12 Image size of job updated: 3145728
	597  -  MemoryUsage of job (MB)
	611328  -  ResidentSetSize of job (KB)
...
006 (10474818.000.000) 2026-03-15 21:50:12 Image size of job updated: 3145728
	598  -  MemoryUsage of job (MB)
	611772  -  ResidentSetSize of job (KB)
...
006 (10474818.000.000) 2026-03-15 21:55:13 Image size of job updated: 3145728
	598  -  MemoryUsage of job (MB)
	612028  -  ResidentSetSize of job (KB)
...
006 (10474818.000.000) 2026-03-15 22:05:14 Image size of job updated: 3145728
	606  -  MemoryUsage of job (MB)
	619532  -  ResidentSetSize of job (KB)
...
006 (10474818.000.000) 2026-03-15 22:30:17 Image size of job updated: 3145728
	606  -  MemoryUsage of job (MB)
	619544  -  ResidentSetSize of job (KB)
...
006 (10474818.000.000) 2026-03-15 22:35:17 Image size of job updated: 3145728
	606  -  MemoryUsage of job (MB)
	619580  -  ResidentSetSize of job (KB)
...
006 (10474818.000.000) 2026-03-15 22:40:17 Image size of job updated: 3145728
	606  -  MemoryUsage of job (MB)
	620092  -  ResidentSetSize of job (KB)
...
006 (10474818.000.000) 2026-03-15 22:50:19 Image size of job updated: 3145728
	606  -  MemoryUsage of job (MB)
	620540  -  ResidentSetSize of job (KB)
...
006 (10474818.000.000) 2026-03-15 22:55:19 Image size of job updated: 3145728
	610  -  MemoryUsage of job (MB)
	624224  -  ResidentSetSize of job (KB)
...
006 (10474818.000.000) 2026-03-15 23:00:19 Image size of job updated: 3145728
	614  -  MemoryUsage of job (MB)
	628072  -  ResidentSetSize of job (KB)
...
006 (10474818.000.000) 2026-03-15 23:45:25 Image size of job updated: 3145728
	614  -  MemoryUsage of job (MB)
	628152  -  ResidentSetSize of job (KB)
...
006 (10474818.000.000) 2026-03-16 00:25:29 Image size of job updated: 3145728
	614  -  MemoryUsage of job (MB)
	628156  -  ResidentSetSize of job (KB)
...
006 (10474818.000.000) 2026-03-16 00:55:33 Image size of job updated: 3145728
	614  -  MemoryUsage of job (MB)
	628164  -  ResidentSetSize of job (KB)
...
006 (10474818.000.000) 2026-03-16 01:40:37 Image size of job updated: 3145728
	614  -  MemoryUsage of job (MB)
	628168  -  ResidentSetSize of job (KB)
...
006 (10474818.000.000) 2026-03-16 02:25:41 Image size of job updated: 3145728
	614  -  MemoryUsage of job (MB)
	628172  -  ResidentSetSize of job (KB)
...
006 (10474818.000.000) 2026-03-16 02:55:44 Image size of job updated: 3145728
	614  -  MemoryUsage of job (MB)
	628176  -  ResidentSetSize of job (KB)
...
005 (10474818.000.000) 2026-03-16 03:19:03 Job terminated.
	(1) Normal termination (return value 0)
		Usr 19 06:17:39, Sys 1 01:07:58  -  Run Remote Usage
		Usr 0 00:00:00, Sys 0 00:00:00  -  Run Local Usage
		Usr 19 06:17:39, Sys 1 01:07:58  -  Total Remote Usage
		Usr 0 00:00:00, Sys 0 00:00:00  -  Total Local Usage
	0  -  Run Bytes Sent By Job
	0  -  Run Bytes Received By Job
	0  -  Total Bytes Sent By Job
	0  -  Total Bytes Received By Job
	Partitionable Resources :    Usage  Request Allocated 
	   Cpus                 :     1.00        2         2 
	   Disk (KB)            :  7500     2097152   7541135 
	   Memory (MB)          :   614        8192      8192 

	Job terminated of its own accord at 2026-03-16T02:19:03Z with exit-code 0.
...
