000 (10494011.000.000) 2026-03-20 00:07:32 Job submitted from host: <10.0.8.14:9618?addrs=10.0.8.14-9618&alias=head2.htc.inm7.de&noUDP&sock=schedd_1212952_c2ee>
...
001 (10494011.000.000) 2026-03-20 14:09:47 Job executing on host: <10.0.9.30:9618?addrs=10.0.9.30-9618&alias=cpu30.htc.inm7.de&noUDP&sock=startd_3176_0ce0>
...
006 (10494011.000.000) 2026-03-20 14:09:55 Image size of job updated: 19912
	8  -  MemoryUsage of job (MB)
	7720  -  ResidentSetSize of job (KB)
...
006 (10494011.000.000) 2026-03-20 14:14:55 Image size of job updated: 1009500
	351  -  MemoryUsage of job (MB)
	358660  -  ResidentSetSize of job (KB)
...
006 (10494011.000.000) 2026-03-20 14:19:56 Image size of job updated: 1009500
	353  -  MemoryUsage of job (MB)
	361220  -  ResidentSetSize of job (KB)
...
006 (10494011.000.000) 2026-03-20 15:30:02 Image size of job updated: 1014100
	358  -  MemoryUsage of job (MB)
	366408  -  ResidentSetSize of job (KB)
...
006 (10494011.000.000) 2026-03-20 15:40:04 Image size of job updated: 1015124
	358  -  MemoryUsage of job (MB)
	366408  -  ResidentSetSize of job (KB)
...
006 (10494011.000.000) 2026-03-20 16:55:11 Image size of job updated: 1173924
	484  -  MemoryUsage of job (MB)
	495196  -  ResidentSetSize of job (KB)
...
006 (10494011.000.000) 2026-03-20 18:50:24 Image size of job updated: 1177452
	487  -  MemoryUsage of job (MB)
	497920  -  ResidentSetSize of job (KB)
...
006 (10494011.000.000) 2026-03-20 18:55:24 Image size of job updated: 1177452
	487  -  MemoryUsage of job (MB)
	497976  -  ResidentSetSize of job (KB)
...
006 (10494011.000.000) 2026-03-20 22:20:50 Image size of job updated: 1197156
	506  -  MemoryUsage of job (MB)
	517540  -  ResidentSetSize of job (KB)
...
006 (10494011.000.000) 2026-03-20 22:35:51 Image size of job updated: 1197156
	506  -  MemoryUsage of job (MB)
	517980  -  ResidentSetSize of job (KB)
...
006 (10494011.000.000) 2026-03-20 22:40:52 Image size of job updated: 1197156
	506  -  MemoryUsage of job (MB)
	517988  -  ResidentSetSize of job (KB)
...
006 (10494011.000.000) 2026-03-21 21:58:21 Image size of job updated: 1197516
	507  -  MemoryUsage of job (MB)
	518836  -  ResidentSetSize of job (KB)
...
006 (10494011.000.000) 2026-03-21 22:08:23 Image size of job updated: 1200588
	509  -  MemoryUsage of job (MB)
	520884  -  ResidentSetSize of job (KB)
...
006 (10494011.000.000) 2026-03-21 23:28:30 Image size of job updated: 1204684
	513  -  MemoryUsage of job (MB)
	524956  -  ResidentSetSize of job (KB)
...
006 (10494011.000.000) 2026-03-22 00:48:38 Image size of job updated: 1223380
	532  -  MemoryUsage of job (MB)
	544268  -  ResidentSetSize of job (KB)
...
006 (10494011.000.000) 2026-03-22 01:13:41 Image size of job updated: 1226452
	534  -  MemoryUsage of job (MB)
	546572  -  ResidentSetSize of job (KB)
...
006 (10494011.000.000) 2026-03-22 02:33:48 Image size of job updated: 1227476
	536  -  MemoryUsage of job (MB)
	548132  -  ResidentSetSize of job (KB)
...
006 (10494011.000.000) 2026-03-22 02:43:50 Image size of job updated: 1230548
	539  -  MemoryUsage of job (MB)
	550948  -  ResidentSetSize of job (KB)
...
006 (10494011.000.000) 2026-03-22 04:03:59 Image size of job updated: 1231572
	540  -  MemoryUsage of job (MB)
	552508  -  ResidentSetSize of job (KB)
...
006 (10494011.000.000) 2026-03-22 04:19:00 Image size of job updated: 1234644
	543  -  MemoryUsage of job (MB)
	555068  -  ResidentSetSize of job (KB)
...
006 (10494011.000.000) 2026-03-22 04:49:04 Image size of job updated: 1234644
	543  -  MemoryUsage of job (MB)
	555580  -  ResidentSetSize of job (KB)
...
006 (10494011.000.000) 2026-03-22 05:39:08 Image size of job updated: 1238740
	546  -  MemoryUsage of job (MB)
	558908  -  ResidentSetSize of job (KB)
...
006 (10494011.000.000) 2026-03-22 06:59:17 Image size of job updated: 1242836
	551  -  MemoryUsage of job (MB)
	563300  -  ResidentSetSize of job (KB)
...
006 (10494011.000.000) 2026-03-22 08:19:25 Image size of job updated: 1243860
	552  -  MemoryUsage of job (MB)
	564756  -  ResidentSetSize of job (KB)
...
006 (10494011.000.000) 2026-03-22 08:29:26 Image size of job updated: 1246932
	555  -  MemoryUsage of job (MB)
	567316  -  ResidentSetSize of job (KB)
...
006 (10494011.000.000) 2026-03-22 09:49:34 Image size of job updated: 1251028
	559  -  MemoryUsage of job (MB)
	571712  -  ResidentSetSize of job (KB)
...
006 (10494011.000.000) 2026-03-22 11:14:41 Image size of job updated: 1258320
	566  -  MemoryUsage of job (MB)
	579068  -  ResidentSetSize of job (KB)
...
006 (10494011.000.000) 2026-03-22 11:29:43 Image size of job updated: 1261392
	569  -  MemoryUsage of job (MB)
	581884  -  ResidentSetSize of job (KB)
...
006 (10494011.000.000) 2026-03-22 12:54:50 Image size of job updated: 1263440
	571  -  MemoryUsage of job (MB)
	584296  -  ResidentSetSize of job (KB)
...
006 (10494011.000.000) 2026-03-22 12:59:51 Image size of job updated: 1265488
	573  -  MemoryUsage of job (MB)
	585832  -  ResidentSetSize of job (KB)
...
006 (10494011.000.000) 2026-03-22 14:19:58 Image size of job updated: 1269584
	577  -  MemoryUsage of job (MB)
	590132  -  ResidentSetSize of job (KB)
...
006 (10494011.000.000) 2026-03-22 15:40:07 Image size of job updated: 1273680
	581  -  MemoryUsage of job (MB)
	594024  -  ResidentSetSize of job (KB)
...
006 (10494011.000.000) 2026-03-22 17:00:16 Image size of job updated: 1275728
	583  -  MemoryUsage of job (MB)
	596264  -  ResidentSetSize of job (KB)
...
006 (10494011.000.000) 2026-03-22 17:05:17 Image size of job updated: 1277776
	585  -  MemoryUsage of job (MB)
	598056  -  ResidentSetSize of job (KB)
...
006 (10494011.000.000) 2026-03-22 18:25:24 Image size of job updated: 1281872
	589  -  MemoryUsage of job (MB)
	602148  -  ResidentSetSize of job (KB)
...
006 (10494011.000.000) 2026-03-22 19:45:33 Image size of job updated: 1285968
	593  -  MemoryUsage of job (MB)
	606240  -  ResidentSetSize of job (KB)
...
006 (10494011.000.000) 2026-03-22 19:50:33 Image size of job updated: 1285968
	593  -  MemoryUsage of job (MB)
	606496  -  ResidentSetSize of job (KB)
...
006 (10494011.000.000) 2026-03-22 21:05:41 Image size of job updated: 1288016
	595  -  MemoryUsage of job (MB)
	608552  -  ResidentSetSize of job (KB)
...
006 (10494011.000.000) 2026-03-22 21:10:42 Image size of job updated: 1291088
	597  -  MemoryUsage of job (MB)
	610600  -  ResidentSetSize of job (KB)
...
006 (10494011.000.000) 2026-03-22 22:30:50 Image size of job updated: 1293552
	600  -  MemoryUsage of job (MB)
	614076  -  ResidentSetSize of job (KB)
...
006 (10494011.000.000) 2026-03-22 22:40:51 Image size of job updated: 1296624
	602  -  MemoryUsage of job (MB)
	616380  -  ResidentSetSize of job (KB)
...
006 (10494011.000.000) 2026-03-23 00:01:00 Image size of job updated: 1300720
	606  -  MemoryUsage of job (MB)
	620388  -  ResidentSetSize of job (KB)
...
006 (10494011.000.000) 2026-03-23 01:21:09 Image size of job updated: 1307016
	613  -  MemoryUsage of job (MB)
	627564  -  ResidentSetSize of job (KB)
...
006 (10494011.000.000) 2026-03-23 01:31:11 Image size of job updated: 1310088
	616  -  MemoryUsage of job (MB)
	629868  -  ResidentSetSize of job (KB)
...
006 (10494011.000.000) 2026-03-23 02:51:18 Image size of job updated: 1314184
	620  -  MemoryUsage of job (MB)
	633968  -  ResidentSetSize of job (KB)
...
006 (10494011.000.000) 2026-03-23 04:11:27 Image size of job updated: 1315208
	621  -  MemoryUsage of job (MB)
	635452  -  ResidentSetSize of job (KB)
...
006 (10494011.000.000) 2026-03-23 04:21:28 Image size of job updated: 1318280
	624  -  MemoryUsage of job (MB)
	638012  -  ResidentSetSize of job (KB)
...
006 (10494011.000.000) 2026-03-23 05:41:36 Image size of job updated: 1322376
	628  -  MemoryUsage of job (MB)
	642152  -  ResidentSetSize of job (KB)
...
006 (10494011.000.000) 2026-03-23 07:01:45 Image size of job updated: 1334972
	640  -  MemoryUsage of job (MB)
	655228  -  ResidentSetSize of job (KB)
...
006 (10494011.000.000) 2026-03-23 07:21:47 Image size of job updated: 1338044
	643  -  MemoryUsage of job (MB)
	658044  -  ResidentSetSize of job (KB)
...
006 (10494011.000.000) 2026-03-23 08:41:54 Image size of job updated: 1339068
	645  -  MemoryUsage of job (MB)
	659468  -  ResidentSetSize of job (KB)
...
006 (10494011.000.000) 2026-03-23 08:46:56 Image size of job updated: 1342140
	647  -  MemoryUsage of job (MB)
	662028  -  ResidentSetSize of job (KB)
...
006 (10494011.000.000) 2026-03-23 10:07:03 Image size of job updated: 1346236
	651  -  MemoryUsage of job (MB)
	666084  -  ResidentSetSize of job (KB)
...
006 (10494011.000.000) 2026-03-23 11:27:13 Image size of job updated: 1347260
	653  -  MemoryUsage of job (MB)
	667696  -  ResidentSetSize of job (KB)
...
006 (10494011.000.000) 2026-03-23 11:37:13 Image size of job updated: 1350332
	655  -  MemoryUsage of job (MB)
	670256  -  ResidentSetSize of job (KB)
...
006 (10494011.000.000) 2026-03-23 12:57:22 Image size of job updated: 1354428
	659  -  MemoryUsage of job (MB)
	674360  -  ResidentSetSize of job (KB)
...
006 (10494011.000.000) 2026-03-23 13:07:23 Image size of job updated: 1354428
	659  -  MemoryUsage of job (MB)
	674616  -  ResidentSetSize of job (KB)
...
004 (10494011.000.000) 2026-03-23 13:44:08 Job was evicted.
	(0) CPU times
		Usr 3 03:57:06, Sys 0 00:43:04  -  Run Remote Usage
		Usr 0 00:00:00, Sys 0 00:00:00  -  Run Local Usage
	0  -  Run Bytes Sent By Job
	0  -  Run Bytes Received By Job
	Partitionable Resources :    Usage  Request Allocated 
	   Cpus                 :     1.00        8         8 
	   Disk (KB)            :  7500     2097152   7738299 
	   Memory (MB)          :   659       16384     16384 
...
009 (10494011.000.000) 2026-03-23 13:44:08 Job was aborted.
	via condor_rm (by user fkarateke)
...
