000 (10494013.000.000) 2026-03-20 00:07:33 Job submitted from host: <10.0.8.14:9618?addrs=10.0.8.14-9618&alias=head2.htc.inm7.de&noUDP&sock=schedd_1212952_c2ee>
...
001 (10494013.000.000) 2026-03-20 14:09:47 Job executing on host: <10.0.9.30:9618?addrs=10.0.9.30-9618&alias=cpu30.htc.inm7.de&noUDP&sock=startd_3176_0ce0>
...
006 (10494013.000.000) 2026-03-20 14:09:55 Image size of job updated: 7500
	6  -  MemoryUsage of job (MB)
	5456  -  ResidentSetSize of job (KB)
...
006 (10494013.000.000) 2026-03-20 14:14:55 Image size of job updated: 1009372
	351  -  MemoryUsage of job (MB)
	358808  -  ResidentSetSize of job (KB)
...
006 (10494013.000.000) 2026-03-20 14:19:56 Image size of job updated: 1009372
	353  -  MemoryUsage of job (MB)
	360856  -  ResidentSetSize of job (KB)
...
006 (10494013.000.000) 2026-03-20 15:30:04 Image size of job updated: 1014992
	358  -  MemoryUsage of job (MB)
	366260  -  ResidentSetSize of job (KB)
...
006 (10494013.000.000) 2026-03-20 16:50:11 Image size of job updated: 1173944
	484  -  MemoryUsage of job (MB)
	494848  -  ResidentSetSize of job (KB)
...
006 (10494013.000.000) 2026-03-20 16:55:11 Image size of job updated: 1174020
	484  -  MemoryUsage of job (MB)
	494848  -  ResidentSetSize of job (KB)
...
006 (10494013.000.000) 2026-03-20 18:45:22 Image size of job updated: 1177468
	487  -  MemoryUsage of job (MB)
	497732  -  ResidentSetSize of job (KB)
...
006 (10494013.000.000) 2026-03-20 18:50:23 Image size of job updated: 1177544
	487  -  MemoryUsage of job (MB)
	497868  -  ResidentSetSize of job (KB)
...
006 (10494013.000.000) 2026-03-20 22:15:45 Image size of job updated: 1197184
	506  -  MemoryUsage of job (MB)
	517304  -  ResidentSetSize of job (KB)
...
006 (10494013.000.000) 2026-03-20 22:20:47 Image size of job updated: 1197264
	506  -  MemoryUsage of job (MB)
	517580  -  ResidentSetSize of job (KB)
...
006 (10494013.000.000) 2026-03-20 22:30:47 Image size of job updated: 1197264
	506  -  MemoryUsage of job (MB)
	517632  -  ResidentSetSize of job (KB)
...
006 (10494013.000.000) 2026-03-20 22:35:47 Image size of job updated: 1197264
	506  -  MemoryUsage of job (MB)
	517664  -  ResidentSetSize of job (KB)
...
006 (10494013.000.000) 2026-03-20 22:40:48 Image size of job updated: 1197264
	506  -  MemoryUsage of job (MB)
	517744  -  ResidentSetSize of job (KB)
...
006 (10494013.000.000) 2026-03-21 21:38:14 Image size of job updated: 1197768
	507  -  MemoryUsage of job (MB)
	518560  -  ResidentSetSize of job (KB)
...
006 (10494013.000.000) 2026-03-21 21:48:14 Image size of job updated: 1200840
	509  -  MemoryUsage of job (MB)
	520608  -  ResidentSetSize of job (KB)
...
006 (10494013.000.000) 2026-03-21 23:08:21 Image size of job updated: 1204936
	513  -  MemoryUsage of job (MB)
	524736  -  ResidentSetSize of job (KB)
...
006 (10494013.000.000) 2026-03-22 00:33:31 Image size of job updated: 1223192
	531  -  MemoryUsage of job (MB)
	543504  -  ResidentSetSize of job (KB)
...
006 (10494013.000.000) 2026-03-22 00:53:33 Image size of job updated: 1226264
	534  -  MemoryUsage of job (MB)
	546320  -  ResidentSetSize of job (KB)
...
006 (10494013.000.000) 2026-03-22 02:13:41 Image size of job updated: 1227288
	535  -  MemoryUsage of job (MB)
	547836  -  ResidentSetSize of job (KB)
...
006 (10494013.000.000) 2026-03-22 02:23:43 Image size of job updated: 1230360
	538  -  MemoryUsage of job (MB)
	550396  -  ResidentSetSize of job (KB)
...
006 (10494013.000.000) 2026-03-22 03:43:50 Image size of job updated: 1231384
	539  -  MemoryUsage of job (MB)
	551928  -  ResidentSetSize of job (KB)
...
006 (10494013.000.000) 2026-03-22 03:53:51 Image size of job updated: 1234456
	542  -  MemoryUsage of job (MB)
	554488  -  ResidentSetSize of job (KB)
...
006 (10494013.000.000) 2026-03-22 04:58:58 Image size of job updated: 1234456
	542  -  MemoryUsage of job (MB)
	555000  -  ResidentSetSize of job (KB)
...
006 (10494013.000.000) 2026-03-22 05:13:59 Image size of job updated: 1238552
	546  -  MemoryUsage of job (MB)
	558616  -  ResidentSetSize of job (KB)
...
006 (10494013.000.000) 2026-03-22 06:34:09 Image size of job updated: 1242648
	550  -  MemoryUsage of job (MB)
	562788  -  ResidentSetSize of job (KB)
...
006 (10494013.000.000) 2026-03-22 07:49:16 Image size of job updated: 1243672
	552  -  MemoryUsage of job (MB)
	564380  -  ResidentSetSize of job (KB)
...
006 (10494013.000.000) 2026-03-22 07:59:16 Image size of job updated: 1246744
	554  -  MemoryUsage of job (MB)
	567196  -  ResidentSetSize of job (KB)
...
006 (10494013.000.000) 2026-03-22 09:19:24 Image size of job updated: 1250840
	558  -  MemoryUsage of job (MB)
	571192  -  ResidentSetSize of job (KB)
...
006 (10494013.000.000) 2026-03-22 10:39:33 Image size of job updated: 1257088
	565  -  MemoryUsage of job (MB)
	577860  -  ResidentSetSize of job (KB)
...
006 (10494013.000.000) 2026-03-22 11:04:36 Image size of job updated: 1259136
	566  -  MemoryUsage of job (MB)
	579396  -  ResidentSetSize of job (KB)
...
006 (10494013.000.000) 2026-03-22 12:24:44 Image size of job updated: 1261184
	569  -  MemoryUsage of job (MB)
	581696  -  ResidentSetSize of job (KB)
...
006 (10494013.000.000) 2026-03-22 12:29:44 Image size of job updated: 1263232
	571  -  MemoryUsage of job (MB)
	583744  -  ResidentSetSize of job (KB)
...
006 (10494013.000.000) 2026-03-22 13:49:52 Image size of job updated: 1267328
	575  -  MemoryUsage of job (MB)
	587816  -  ResidentSetSize of job (KB)
...
006 (10494013.000.000) 2026-03-22 14:44:58 Image size of job updated: 1267328
	575  -  MemoryUsage of job (MB)
	588072  -  ResidentSetSize of job (KB)
...
006 (10494013.000.000) 2026-03-22 15:05:00 Image size of job updated: 1269376
	577  -  MemoryUsage of job (MB)
	590312  -  ResidentSetSize of job (KB)
...
006 (10494013.000.000) 2026-03-22 15:10:00 Image size of job updated: 1271424
	579  -  MemoryUsage of job (MB)
	592104  -  ResidentSetSize of job (KB)
...
006 (10494013.000.000) 2026-03-22 16:25:08 Image size of job updated: 1273472
	581  -  MemoryUsage of job (MB)
	594232  -  ResidentSetSize of job (KB)
...
006 (10494013.000.000) 2026-03-22 16:30:09 Image size of job updated: 1275520
	583  -  MemoryUsage of job (MB)
	596280  -  ResidentSetSize of job (KB)
...
006 (10494013.000.000) 2026-03-22 16:35:10 Image size of job updated: 1276544
	583  -  MemoryUsage of job (MB)
	596280  -  ResidentSetSize of job (KB)
...
006 (10494013.000.000) 2026-03-22 17:50:17 Image size of job updated: 1280640
	587  -  MemoryUsage of job (MB)
	600368  -  ResidentSetSize of job (KB)
...
006 (10494013.000.000) 2026-03-22 19:05:24 Image size of job updated: 1281664
	589  -  MemoryUsage of job (MB)
	602560  -  ResidentSetSize of job (KB)
...
006 (10494013.000.000) 2026-03-22 19:10:25 Image size of job updated: 1284736
	591  -  MemoryUsage of job (MB)
	604608  -  ResidentSetSize of job (KB)
...
006 (10494013.000.000) 2026-03-22 20:25:32 Image size of job updated: 1286452
	593  -  MemoryUsage of job (MB)
	607212  -  ResidentSetSize of job (KB)
...
006 (10494013.000.000) 2026-03-22 20:35:33 Image size of job updated: 1289524
	596  -  MemoryUsage of job (MB)
	609516  -  ResidentSetSize of job (KB)
...
006 (10494013.000.000) 2026-03-22 21:50:41 Image size of job updated: 1293308
	600  -  MemoryUsage of job (MB)
	613984  -  ResidentSetSize of job (KB)
...
006 (10494013.000.000) 2026-03-22 22:00:42 Image size of job updated: 1296380
	602  -  MemoryUsage of job (MB)
	616032  -  ResidentSetSize of job (KB)
...
006 (10494013.000.000) 2026-03-22 23:20:51 Image size of job updated: 1300476
	606  -  MemoryUsage of job (MB)
	620224  -  ResidentSetSize of job (KB)
...
006 (10494013.000.000) 2026-03-23 00:40:58 Image size of job updated: 1306700
	613  -  MemoryUsage of job (MB)
	626920  -  ResidentSetSize of job (KB)
...
006 (10494013.000.000) 2026-03-23 00:45:59 Image size of job updated: 1309772
	615  -  MemoryUsage of job (MB)
	629736  -  ResidentSetSize of job (KB)
...
006 (10494013.000.000) 2026-03-23 02:06:07 Image size of job updated: 1313868
	620  -  MemoryUsage of job (MB)
	634184  -  ResidentSetSize of job (KB)
...
006 (10494013.000.000) 2026-03-23 03:26:16 Image size of job updated: 1314892
	621  -  MemoryUsage of job (MB)
	635640  -  ResidentSetSize of job (KB)
...
006 (10494013.000.000) 2026-03-23 03:31:16 Image size of job updated: 1317964
	624  -  MemoryUsage of job (MB)
	638200  -  ResidentSetSize of job (KB)
...
006 (10494013.000.000) 2026-03-23 04:51:25 Image size of job updated: 1322060
	628  -  MemoryUsage of job (MB)
	642160  -  ResidentSetSize of job (KB)
...
006 (10494013.000.000) 2026-03-23 06:11:34 Image size of job updated: 1337004
	643  -  MemoryUsage of job (MB)
	657668  -  ResidentSetSize of job (KB)
...
006 (10494013.000.000) 2026-03-23 06:26:35 Image size of job updated: 1340076
	645  -  MemoryUsage of job (MB)
	660228  -  ResidentSetSize of job (KB)
...
006 (10494013.000.000) 2026-03-23 07:46:44 Image size of job updated: 1341100
	647  -  MemoryUsage of job (MB)
	661840  -  ResidentSetSize of job (KB)
...
006 (10494013.000.000) 2026-03-23 07:51:44 Image size of job updated: 1344172
	650  -  MemoryUsage of job (MB)
	664656  -  ResidentSetSize of job (KB)
...
006 (10494013.000.000) 2026-03-23 09:11:54 Image size of job updated: 1348268
	654  -  MemoryUsage of job (MB)
	668708  -  ResidentSetSize of job (KB)
...
006 (10494013.000.000) 2026-03-23 10:32:02 Image size of job updated: 1350316
	656  -  MemoryUsage of job (MB)
	671056  -  ResidentSetSize of job (KB)
...
006 (10494013.000.000) 2026-03-23 10:37:03 Image size of job updated: 1352364
	658  -  MemoryUsage of job (MB)
	672848  -  ResidentSetSize of job (KB)
...
006 (10494013.000.000) 2026-03-23 11:57:10 Image size of job updated: 1354412
	660  -  MemoryUsage of job (MB)
	675132  -  ResidentSetSize of job (KB)
...
006 (10494013.000.000) 2026-03-23 12:02:11 Image size of job updated: 1356460
	662  -  MemoryUsage of job (MB)
	676924  -  ResidentSetSize of job (KB)
...
006 (10494013.000.000) 2026-03-23 13:22:19 Image size of job updated: 1362432
	668  -  MemoryUsage of job (MB)
	683064  -  ResidentSetSize of job (KB)
...
006 (10494013.000.000) 2026-03-23 13:32:21 Image size of job updated: 1364480
	670  -  MemoryUsage of job (MB)
	685112  -  ResidentSetSize of job (KB)
...
004 (10494013.000.000) 2026-03-23 13:44:07 Job was evicted.
	(0) CPU times
		Usr 3 03:42:08, Sys 0 00:44:35  -  Run Remote Usage
		Usr 0 00:00:00, Sys 0 00:00:00  -  Run Local Usage
	0  -  Run Bytes Sent By Job
	0  -  Run Bytes Received By Job
	Partitionable Resources :    Usage  Request Allocated 
	   Cpus                 :     1.00        8         8 
	   Disk (KB)            :  7500     2097152   7738299 
	   Memory (MB)          :   670       16384     16384 
...
009 (10494013.000.000) 2026-03-23 13:44:07 Job was aborted.
	via condor_rm (by user fkarateke)
...
