000 (10494010.000.000) 2026-03-20 00:07:32 Job submitted from host: <10.0.8.14:9618?addrs=10.0.8.14-9618&alias=head2.htc.inm7.de&noUDP&sock=schedd_1212952_c2ee>
...
001 (10494010.000.000) 2026-03-20 04:23:55 Job executing on host: <10.0.9.9:9618?addrs=10.0.9.9-9618&alias=cpu9.htc.inm7.de&noUDP&sock=startd_3408_2ed9>
...
006 (10494010.000.000) 2026-03-20 04:24:03 Image size of job updated: 7500
	6  -  MemoryUsage of job (MB)
	5376  -  ResidentSetSize of job (KB)
...
006 (10494010.000.000) 2026-03-20 04:29:03 Image size of job updated: 1009372
	349  -  MemoryUsage of job (MB)
	357056  -  ResidentSetSize of job (KB)
...
006 (10494010.000.000) 2026-03-20 06:09:12 Image size of job updated: 1013972
	354  -  MemoryUsage of job (MB)
	361864  -  ResidentSetSize of job (KB)
...
006 (10494010.000.000) 2026-03-20 07:54:24 Image size of job updated: 1173792
	447  -  MemoryUsage of job (MB)
	457712  -  ResidentSetSize of job (KB)
...
006 (10494010.000.000) 2026-03-20 11:39:45 Image size of job updated: 1177320
	450  -  MemoryUsage of job (MB)
	460144  -  ResidentSetSize of job (KB)
...
006 (10494010.000.000) 2026-03-20 12:09:49 Image size of job updated: 1177320
	450  -  MemoryUsage of job (MB)
	460208  -  ResidentSetSize of job (KB)
...
006 (10494010.000.000) 2026-03-20 12:29:51 Image size of job updated: 1177320
	450  -  MemoryUsage of job (MB)
	460268  -  ResidentSetSize of job (KB)
...
006 (10494010.000.000) 2026-03-20 17:40:23 Image size of job updated: 1197028
	470  -  MemoryUsage of job (MB)
	480788  -  ResidentSetSize of job (KB)
...
006 (10494010.000.000) 2026-03-20 18:20:28 Image size of job updated: 1197028
	471  -  MemoryUsage of job (MB)
	481368  -  ResidentSetSize of job (KB)
...
006 (10494010.000.000) 2026-03-20 18:35:30 Image size of job updated: 1197028
	471  -  MemoryUsage of job (MB)
	481640  -  ResidentSetSize of job (KB)
...
006 (10494010.000.000) 2026-03-21 12:52:18 Image size of job updated: 1197028
	472  -  MemoryUsage of job (MB)
	483080  -  ResidentSetSize of job (KB)
...
006 (10494010.000.000) 2026-03-21 12:57:19 Image size of job updated: 1197028
	475  -  MemoryUsage of job (MB)
	485640  -  ResidentSetSize of job (KB)
...
006 (10494010.000.000) 2026-03-21 13:37:23 Image size of job updated: 1197028
	475  -  MemoryUsage of job (MB)
	486152  -  ResidentSetSize of job (KB)
...
006 (10494010.000.000) 2026-03-21 14:37:29 Image size of job updated: 1197028
	476  -  MemoryUsage of job (MB)
	487308  -  ResidentSetSize of job (KB)
...
006 (10494010.000.000) 2026-03-21 14:42:29 Image size of job updated: 1197028
	479  -  MemoryUsage of job (MB)
	489868  -  ResidentSetSize of job (KB)
...
006 (10494010.000.000) 2026-03-21 16:27:39 Image size of job updated: 1197028
	479  -  MemoryUsage of job (MB)
	490432  -  ResidentSetSize of job (KB)
...
006 (10494010.000.000) 2026-03-21 16:32:40 Image size of job updated: 1197028
	483  -  MemoryUsage of job (MB)
	494016  -  ResidentSetSize of job (KB)
...
006 (10494010.000.000) 2026-03-21 18:17:50 Image size of job updated: 1197028
	486  -  MemoryUsage of job (MB)
	497084  -  ResidentSetSize of job (KB)
...
006 (10494010.000.000) 2026-03-21 18:32:52 Image size of job updated: 1197028
	488  -  MemoryUsage of job (MB)
	499132  -  ResidentSetSize of job (KB)
...
006 (10494010.000.000) 2026-03-21 20:18:01 Image size of job updated: 1197028
	490  -  MemoryUsage of job (MB)
	501728  -  ResidentSetSize of job (KB)
...
006 (10494010.000.000) 2026-03-21 20:28:03 Image size of job updated: 1197028
	492  -  MemoryUsage of job (MB)
	503264  -  ResidentSetSize of job (KB)
...
006 (10494010.000.000) 2026-03-21 22:13:13 Image size of job updated: 1197028
	495  -  MemoryUsage of job (MB)
	506860  -  ResidentSetSize of job (KB)
...
006 (10494010.000.000) 2026-03-21 22:28:15 Image size of job updated: 1197028
	497  -  MemoryUsage of job (MB)
	508396  -  ResidentSetSize of job (KB)
...
006 (10494010.000.000) 2026-03-22 00:13:24 Image size of job updated: 1197028
	501  -  MemoryUsage of job (MB)
	512572  -  ResidentSetSize of job (KB)
...
006 (10494010.000.000) 2026-03-22 01:58:37 Image size of job updated: 1197216
	503  -  MemoryUsage of job (MB)
	514768  -  ResidentSetSize of job (KB)
...
006 (10494010.000.000) 2026-03-22 02:13:39 Image size of job updated: 1200288
	505  -  MemoryUsage of job (MB)
	516304  -  ResidentSetSize of job (KB)
...
006 (10494010.000.000) 2026-03-22 02:23:39 Image size of job updated: 1200288
	505  -  MemoryUsage of job (MB)
	516816  -  ResidentSetSize of job (KB)
...
006 (10494010.000.000) 2026-03-22 03:58:49 Image size of job updated: 1204384
	509  -  MemoryUsage of job (MB)
	520904  -  ResidentSetSize of job (KB)
...
006 (10494010.000.000) 2026-03-22 05:44:01 Image size of job updated: 1222972
	528  -  MemoryUsage of job (MB)
	540148  -  ResidentSetSize of job (KB)
...
006 (10494010.000.000) 2026-03-22 06:19:04 Image size of job updated: 1226044
	530  -  MemoryUsage of job (MB)
	542196  -  ResidentSetSize of job (KB)
...
006 (10494010.000.000) 2026-03-22 08:04:13 Image size of job updated: 1227068
	532  -  MemoryUsage of job (MB)
	544588  -  ResidentSetSize of job (KB)
...
006 (10494010.000.000) 2026-03-22 08:19:16 Image size of job updated: 1230140
	534  -  MemoryUsage of job (MB)
	546636  -  ResidentSetSize of job (KB)
...
006 (10494010.000.000) 2026-03-22 10:04:27 Image size of job updated: 1231164
	536  -  MemoryUsage of job (MB)
	548248  -  ResidentSetSize of job (KB)
...
006 (10494010.000.000) 2026-03-22 10:19:29 Image size of job updated: 1234236
	538  -  MemoryUsage of job (MB)
	550808  -  ResidentSetSize of job (KB)
...
006 (10494010.000.000) 2026-03-22 12:04:40 Image size of job updated: 1238332
	542  -  MemoryUsage of job (MB)
	554976  -  ResidentSetSize of job (KB)
...
006 (10494010.000.000) 2026-03-22 13:49:51 Image size of job updated: 1242428
	546  -  MemoryUsage of job (MB)
	558964  -  ResidentSetSize of job (KB)
...
006 (10494010.000.000) 2026-03-22 15:35:00 Image size of job updated: 1243452
	548  -  MemoryUsage of job (MB)
	560556  -  ResidentSetSize of job (KB)
...
006 (10494010.000.000) 2026-03-22 15:50:01 Image size of job updated: 1246524
	551  -  MemoryUsage of job (MB)
	563628  -  ResidentSetSize of job (KB)
...
006 (10494010.000.000) 2026-03-22 17:50:13 Image size of job updated: 1250620
	555  -  MemoryUsage of job (MB)
	567848  -  ResidentSetSize of job (KB)
...
006 (10494010.000.000) 2026-03-22 19:50:29 Image size of job updated: 1258128
	563  -  MemoryUsage of job (MB)
	575744  -  ResidentSetSize of job (KB)
...
006 (10494010.000.000) 2026-03-22 20:30:34 Image size of job updated: 1261200
	565  -  MemoryUsage of job (MB)
	578304  -  ResidentSetSize of job (KB)
...
006 (10494010.000.000) 2026-03-22 22:30:47 Image size of job updated: 1262224
	567  -  MemoryUsage of job (MB)
	579912  -  ResidentSetSize of job (KB)
...
006 (10494010.000.000) 2026-03-22 22:40:47 Image size of job updated: 1265296
	569  -  MemoryUsage of job (MB)
	582472  -  ResidentSetSize of job (KB)
...
006 (10494010.000.000) 2026-03-23 00:46:01 Image size of job updated: 1269392
	573  -  MemoryUsage of job (MB)
	586636  -  ResidentSetSize of job (KB)
...
006 (10494010.000.000) 2026-03-23 02:46:12 Image size of job updated: 1273488
	577  -  MemoryUsage of job (MB)
	590572  -  ResidentSetSize of job (KB)
...
006 (10494010.000.000) 2026-03-23 04:46:24 Image size of job updated: 1275536
	580  -  MemoryUsage of job (MB)
	593068  -  ResidentSetSize of job (KB)
...
006 (10494010.000.000) 2026-03-23 04:56:25 Image size of job updated: 1277584
	581  -  MemoryUsage of job (MB)
	594604  -  ResidentSetSize of job (KB)
...
006 (10494010.000.000) 2026-03-23 06:56:37 Image size of job updated: 1281680
	585  -  MemoryUsage of job (MB)
	598536  -  ResidentSetSize of job (KB)
...
006 (10494010.000.000) 2026-03-23 08:56:48 Image size of job updated: 1285776
	589  -  MemoryUsage of job (MB)
	602812  -  ResidentSetSize of job (KB)
...
006 (10494010.000.000) 2026-03-23 10:52:01 Image size of job updated: 1287824
	591  -  MemoryUsage of job (MB)
	605136  -  ResidentSetSize of job (KB)
...
006 (10494010.000.000) 2026-03-23 10:57:02 Image size of job updated: 1289872
	593  -  MemoryUsage of job (MB)
	607184  -  ResidentSetSize of job (KB)
...
006 (10494010.000.000) 2026-03-23 12:52:14 Image size of job updated: 1293896
	597  -  MemoryUsage of job (MB)
	611136  -  ResidentSetSize of job (KB)
...
006 (10494010.000.000) 2026-03-23 13:02:15 Image size of job updated: 1296968
	599  -  MemoryUsage of job (MB)
	613184  -  ResidentSetSize of job (KB)
...
004 (10494010.000.000) 2026-03-23 13:44:08 Job was evicted.
	(0) CPU times
		Usr 3 22:42:42, Sys 0 00:53:03  -  Run Remote Usage
		Usr 0 00:00:00, Sys 0 00:00:00  -  Run Local Usage
	0  -  Run Bytes Sent By Job
	0  -  Run Bytes Received By Job
	Partitionable Resources :    Usage  Request Allocated 
	   Cpus                 :     1.00        8         8 
	   Disk (KB)            :  7500     2097152   7541655 
	   Memory (MB)          :   599       16384     16384 
...
009 (10494010.000.000) 2026-03-23 13:44:08 Job was aborted.
	via condor_rm (by user fkarateke)
...
