000 (10494012.000.000) 2026-03-20 00:07:33 Job submitted from host: <10.0.8.14:9618?addrs=10.0.8.14-9618&alias=head2.htc.inm7.de&noUDP&sock=schedd_1212952_c2ee>
...
001 (10494012.000.000) 2026-03-20 14:09:47 Job executing on host: <10.0.9.29:9618?addrs=10.0.9.29-9618&alias=cpu29.htc.inm7.de&noUDP&sock=startd_3130_7f85>
...
006 (10494012.000.000) 2026-03-20 14:09:55 Image size of job updated: 7500
	6  -  MemoryUsage of job (MB)
	5404  -  ResidentSetSize of job (KB)
...
006 (10494012.000.000) 2026-03-20 14:14:55 Image size of job updated: 1009372
	351  -  MemoryUsage of job (MB)
	359104  -  ResidentSetSize of job (KB)
...
006 (10494012.000.000) 2026-03-20 14:19:56 Image size of job updated: 1009372
	353  -  MemoryUsage of job (MB)
	361408  -  ResidentSetSize of job (KB)
...
006 (10494012.000.000) 2026-03-20 15:30:02 Image size of job updated: 1013972
	358  -  MemoryUsage of job (MB)
	366592  -  ResidentSetSize of job (KB)
...
006 (10494012.000.000) 2026-03-20 16:50:11 Image size of job updated: 1173944
	485  -  MemoryUsage of job (MB)
	496004  -  ResidentSetSize of job (KB)
...
006 (10494012.000.000) 2026-03-20 16:55:12 Image size of job updated: 1174020
	485  -  MemoryUsage of job (MB)
	496004  -  ResidentSetSize of job (KB)
...
006 (10494012.000.000) 2026-03-20 18:45:24 Image size of job updated: 1177468
	487  -  MemoryUsage of job (MB)
	498400  -  ResidentSetSize of job (KB)
...
006 (10494012.000.000) 2026-03-20 18:50:24 Image size of job updated: 1177544
	487  -  MemoryUsage of job (MB)
	498656  -  ResidentSetSize of job (KB)
...
006 (10494012.000.000) 2026-03-20 18:55:24 Image size of job updated: 1177544
	488  -  MemoryUsage of job (MB)
	498716  -  ResidentSetSize of job (KB)
...
006 (10494012.000.000) 2026-03-20 22:15:45 Image size of job updated: 1196160
	505  -  MemoryUsage of job (MB)
	516872  -  ResidentSetSize of job (KB)
...
006 (10494012.000.000) 2026-03-20 22:20:45 Image size of job updated: 1196240
	506  -  MemoryUsage of job (MB)
	517124  -  ResidentSetSize of job (KB)
...
006 (10494012.000.000) 2026-03-20 22:30:45 Image size of job updated: 1196240
	506  -  MemoryUsage of job (MB)
	517264  -  ResidentSetSize of job (KB)
...
006 (10494012.000.000) 2026-03-21 22:08:09 Image size of job updated: 1197272
	507  -  MemoryUsage of job (MB)
	518948  -  ResidentSetSize of job (KB)
...
006 (10494012.000.000) 2026-03-21 22:18:11 Image size of job updated: 1200344
	509  -  MemoryUsage of job (MB)
	520740  -  ResidentSetSize of job (KB)
...
006 (10494012.000.000) 2026-03-21 23:38:19 Image size of job updated: 1204440
	513  -  MemoryUsage of job (MB)
	525060  -  ResidentSetSize of job (KB)
...
006 (10494012.000.000) 2026-03-22 00:58:27 Image size of job updated: 1223240
	532  -  MemoryUsage of job (MB)
	544712  -  ResidentSetSize of job (KB)
...
006 (10494012.000.000) 2026-03-22 01:23:30 Image size of job updated: 1226312
	535  -  MemoryUsage of job (MB)
	547016  -  ResidentSetSize of job (KB)
...
006 (10494012.000.000) 2026-03-22 02:43:38 Image size of job updated: 1227336
	537  -  MemoryUsage of job (MB)
	549180  -  ResidentSetSize of job (KB)
...
006 (10494012.000.000) 2026-03-22 02:58:41 Image size of job updated: 1230408
	539  -  MemoryUsage of job (MB)
	551228  -  ResidentSetSize of job (KB)
...
006 (10494012.000.000) 2026-03-22 04:18:48 Image size of job updated: 1231432
	540  -  MemoryUsage of job (MB)
	552624  -  ResidentSetSize of job (KB)
...
006 (10494012.000.000) 2026-03-22 04:28:49 Image size of job updated: 1234504
	543  -  MemoryUsage of job (MB)
	555184  -  ResidentSetSize of job (KB)
...
006 (10494012.000.000) 2026-03-22 05:48:58 Image size of job updated: 1235528
	544  -  MemoryUsage of job (MB)
	556784  -  ResidentSetSize of job (KB)
...
006 (10494012.000.000) 2026-03-22 05:53:58 Image size of job updated: 1238600
	547  -  MemoryUsage of job (MB)
	559344  -  ResidentSetSize of job (KB)
...
006 (10494012.000.000) 2026-03-22 07:14:06 Image size of job updated: 1242696
	551  -  MemoryUsage of job (MB)
	563428  -  ResidentSetSize of job (KB)
...
006 (10494012.000.000) 2026-03-22 08:34:15 Image size of job updated: 1243720
	552  -  MemoryUsage of job (MB)
	565080  -  ResidentSetSize of job (KB)
...
006 (10494012.000.000) 2026-03-22 08:39:16 Image size of job updated: 1246792
	555  -  MemoryUsage of job (MB)
	567640  -  ResidentSetSize of job (KB)
...
006 (10494012.000.000) 2026-03-22 10:04:25 Image size of job updated: 1250888
	559  -  MemoryUsage of job (MB)
	571764  -  ResidentSetSize of job (KB)
...
006 (10494012.000.000) 2026-03-22 11:24:33 Image size of job updated: 1256104
	564  -  MemoryUsage of job (MB)
	577392  -  ResidentSetSize of job (KB)
...
006 (10494012.000.000) 2026-03-22 11:49:36 Image size of job updated: 1259176
	567  -  MemoryUsage of job (MB)
	579952  -  ResidentSetSize of job (KB)
...
006 (10494012.000.000) 2026-03-22 13:09:45 Image size of job updated: 1260200
	568  -  MemoryUsage of job (MB)
	581572  -  ResidentSetSize of job (KB)
...
006 (10494012.000.000) 2026-03-22 13:19:46 Image size of job updated: 1263272
	571  -  MemoryUsage of job (MB)
	584132  -  ResidentSetSize of job (KB)
...
006 (10494012.000.000) 2026-03-22 14:39:56 Image size of job updated: 1267368
	575  -  MemoryUsage of job (MB)
	588352  -  ResidentSetSize of job (KB)
...
006 (10494012.000.000) 2026-03-22 16:00:05 Image size of job updated: 1271464
	579  -  MemoryUsage of job (MB)
	592656  -  ResidentSetSize of job (KB)
...
006 (10494012.000.000) 2026-03-22 17:20:13 Image size of job updated: 1273512
	582  -  MemoryUsage of job (MB)
	594980  -  ResidentSetSize of job (KB)
...
006 (10494012.000.000) 2026-03-22 17:25:13 Image size of job updated: 1275560
	583  -  MemoryUsage of job (MB)
	596772  -  ResidentSetSize of job (KB)
...
006 (10494012.000.000) 2026-03-22 18:45:22 Image size of job updated: 1279656
	587  -  MemoryUsage of job (MB)
	600864  -  ResidentSetSize of job (KB)
...
006 (10494012.000.000) 2026-03-22 20:05:30 Image size of job updated: 1281704
	589  -  MemoryUsage of job (MB)
	603088  -  ResidentSetSize of job (KB)
...
006 (10494012.000.000) 2026-03-22 20:10:32 Image size of job updated: 1283752
	591  -  MemoryUsage of job (MB)
	604880  -  ResidentSetSize of job (KB)
...
006 (10494012.000.000) 2026-03-22 21:30:39 Image size of job updated: 1286452
	594  -  MemoryUsage of job (MB)
	607724  -  ResidentSetSize of job (KB)
...
006 (10494012.000.000) 2026-03-22 21:35:39 Image size of job updated: 1288500
	596  -  MemoryUsage of job (MB)
	609772  -  ResidentSetSize of job (KB)
...
006 (10494012.000.000) 2026-03-22 22:55:48 Image size of job updated: 1293240
	601  -  MemoryUsage of job (MB)
	614540  -  ResidentSetSize of job (KB)
...
006 (10494012.000.000) 2026-03-22 23:05:49 Image size of job updated: 1296312
	603  -  MemoryUsage of job (MB)
	616588  -  ResidentSetSize of job (KB)
...
006 (10494012.000.000) 2026-03-23 00:00:55 Image size of job updated: 1296312
	604  -  MemoryUsage of job (MB)
	617612  -  ResidentSetSize of job (KB)
...
006 (10494012.000.000) 2026-03-23 00:25:58 Image size of job updated: 1300408
	607  -  MemoryUsage of job (MB)
	620848  -  ResidentSetSize of job (KB)
...
006 (10494012.000.000) 2026-03-23 01:46:06 Image size of job updated: 1306804
	614  -  MemoryUsage of job (MB)
	628044  -  ResidentSetSize of job (KB)
...
006 (10494012.000.000) 2026-03-23 01:51:07 Image size of job updated: 1309876
	616  -  MemoryUsage of job (MB)
	630348  -  ResidentSetSize of job (KB)
...
006 (10494012.000.000) 2026-03-23 03:11:16 Image size of job updated: 1313972
	620  -  MemoryUsage of job (MB)
	634420  -  ResidentSetSize of job (KB)
...
006 (10494012.000.000) 2026-03-23 04:36:24 Image size of job updated: 1314996
	622  -  MemoryUsage of job (MB)
	636064  -  ResidentSetSize of job (KB)
...
006 (10494012.000.000) 2026-03-23 04:41:25 Image size of job updated: 1318068
	624  -  MemoryUsage of job (MB)
	638624  -  ResidentSetSize of job (KB)
...
006 (10494012.000.000) 2026-03-23 06:01:34 Image size of job updated: 1322164
	628  -  MemoryUsage of job (MB)
	642788  -  ResidentSetSize of job (KB)
...
006 (10494012.000.000) 2026-03-23 07:21:42 Image size of job updated: 1334932
	641  -  MemoryUsage of job (MB)
	656128  -  ResidentSetSize of job (KB)
...
006 (10494012.000.000) 2026-03-23 07:36:44 Image size of job updated: 1338004
	644  -  MemoryUsage of job (MB)
	658688  -  ResidentSetSize of job (KB)
...
006 (10494012.000.000) 2026-03-23 08:56:53 Image size of job updated: 1339028
	645  -  MemoryUsage of job (MB)
	660304  -  ResidentSetSize of job (KB)
...
006 (10494012.000.000) 2026-03-23 09:06:55 Image size of job updated: 1342100
	648  -  MemoryUsage of job (MB)
	662864  -  ResidentSetSize of job (KB)
...
006 (10494012.000.000) 2026-03-23 10:27:03 Image size of job updated: 1346196
	652  -  MemoryUsage of job (MB)
	666984  -  ResidentSetSize of job (KB)
...
006 (10494012.000.000) 2026-03-23 11:47:12 Image size of job updated: 1347220
	653  -  MemoryUsage of job (MB)
	668596  -  ResidentSetSize of job (KB)
...
006 (10494012.000.000) 2026-03-23 11:57:13 Image size of job updated: 1350292
	656  -  MemoryUsage of job (MB)
	671156  -  ResidentSetSize of job (KB)
...
006 (10494012.000.000) 2026-03-23 13:17:22 Image size of job updated: 1354388
	660  -  MemoryUsage of job (MB)
	675312  -  ResidentSetSize of job (KB)
...
004 (10494012.000.000) 2026-03-23 13:44:07 Job was evicted.
	(0) CPU times
		Usr 3 03:59:26, Sys 0 00:45:01  -  Run Remote Usage
		Usr 0 00:00:00, Sys 0 00:00:00  -  Run Local Usage
	0  -  Run Bytes Sent By Job
	0  -  Run Bytes Received By Job
	Partitionable Resources :    Usage  Request Allocated 
	   Cpus                 :     1.00        8         8 
	   Disk (KB)            :  7500     2097152   7738218 
	   Memory (MB)          :   660       16384     16384 
...
009 (10494012.000.000) 2026-03-23 13:44:08 Job was aborted.
	via condor_rm (by user fkarateke)
...
