000 (10494009.000.000) 2026-03-20 00:07:32 Job submitted from host: <10.0.8.14:9618?addrs=10.0.8.14-9618&alias=head2.htc.inm7.de&noUDP&sock=schedd_1212952_c2ee>
...
001 (10494009.000.000) 2026-03-20 01:47:20 Job executing on host: <10.0.9.10:9618?addrs=10.0.9.10-9618&alias=cpu10.htc.inm7.de&noUDP&sock=startd_85541_96e8>
...
006 (10494009.000.000) 2026-03-20 01:47:28 Image size of job updated: 392588
	384  -  MemoryUsage of job (MB)
	392472  -  ResidentSetSize of job (KB)
...
006 (10494009.000.000) 2026-03-20 03:27:38 Image size of job updated: 396936
	388  -  MemoryUsage of job (MB)
	396864  -  ResidentSetSize of job (KB)
...
006 (10494009.000.000) 2026-03-20 03:37:40 Image size of job updated: 397120
	388  -  MemoryUsage of job (MB)
	397120  -  ResidentSetSize of job (KB)
...
006 (10494009.000.000) 2026-03-20 05:12:49 Image size of job updated: 493372
	481  -  MemoryUsage of job (MB)
	491824  -  ResidentSetSize of job (KB)
...
006 (10494009.000.000) 2026-03-20 05:27:51 Image size of job updated: 493620
	481  -  MemoryUsage of job (MB)
	491824  -  ResidentSetSize of job (KB)
...
006 (10494009.000.000) 2026-03-20 06:07:54 Image size of job updated: 493620
	481  -  MemoryUsage of job (MB)
	491892  -  ResidentSetSize of job (KB)
...
006 (10494009.000.000) 2026-03-20 08:48:11 Image size of job updated: 495072
	484  -  MemoryUsage of job (MB)
	494984  -  ResidentSetSize of job (KB)
...
006 (10494009.000.000) 2026-03-20 08:58:13 Image size of job updated: 496476
	485  -  MemoryUsage of job (MB)
	496264  -  ResidentSetSize of job (KB)
...
006 (10494009.000.000) 2026-03-20 09:18:15 Image size of job updated: 498896
	485  -  MemoryUsage of job (MB)
	496636  -  ResidentSetSize of job (KB)
...
006 (10494009.000.000) 2026-03-20 09:23:15 Image size of job updated: 502784
	490  -  MemoryUsage of job (MB)
	500788  -  ResidentSetSize of job (KB)
...
006 (10494009.000.000) 2026-03-20 09:28:15 Image size of job updated: 505020
	494  -  MemoryUsage of job (MB)
	504860  -  ResidentSetSize of job (KB)
...
006 (10494009.000.000) 2026-03-20 09:33:16 Image size of job updated: 523388
	512  -  MemoryUsage of job (MB)
	523388  -  ResidentSetSize of job (KB)
...
006 (10494009.000.000) 2026-03-20 09:38:17 Image size of job updated: 525448
	513  -  MemoryUsage of job (MB)
	525236  -  ResidentSetSize of job (KB)
...
006 (10494009.000.000) 2026-03-20 09:48:17 Image size of job updated: 525448
	514  -  MemoryUsage of job (MB)
	525396  -  ResidentSetSize of job (KB)
...
006 (10494009.000.000) 2026-03-20 09:53:18 Image size of job updated: 525448
	514  -  MemoryUsage of job (MB)
	525436  -  ResidentSetSize of job (KB)
...
006 (10494009.000.000) 2026-03-20 12:08:31 Image size of job updated: 527956
	514  -  MemoryUsage of job (MB)
	525436  -  ResidentSetSize of job (KB)
...
006 (10494009.000.000) 2026-03-20 14:23:46 Image size of job updated: 544648
	532  -  MemoryUsage of job (MB)
	544520  -  ResidentSetSize of job (KB)
...
006 (10494009.000.000) 2026-03-20 14:33:47 Image size of job updated: 544776
	532  -  MemoryUsage of job (MB)
	544520  -  ResidentSetSize of job (KB)
...
006 (10494009.000.000) 2026-03-20 15:18:51 Image size of job updated: 544776
	533  -  MemoryUsage of job (MB)
	544772  -  ResidentSetSize of job (KB)
...
006 (10494009.000.000) 2026-03-20 21:39:32 Image size of job updated: 548116
	533  -  MemoryUsage of job (MB)
	544772  -  ResidentSetSize of job (KB)
...
006 (10494009.000.000) 2026-03-20 23:34:42 Image size of job updated: 552264
	533  -  MemoryUsage of job (MB)
	544772  -  ResidentSetSize of job (KB)
...
006 (10494009.000.000) 2026-03-21 01:29:53 Image size of job updated: 558560
	533  -  MemoryUsage of job (MB)
	544772  -  ResidentSetSize of job (KB)
...
006 (10494009.000.000) 2026-03-21 03:20:05 Image size of job updated: 563012
	533  -  MemoryUsage of job (MB)
	544772  -  ResidentSetSize of job (KB)
...
006 (10494009.000.000) 2026-03-21 05:20:18 Image size of job updated: 567208
	533  -  MemoryUsage of job (MB)
	544772  -  ResidentSetSize of job (KB)
...
006 (10494009.000.000) 2026-03-21 07:05:29 Image size of job updated: 581864
	533  -  MemoryUsage of job (MB)
	544772  -  ResidentSetSize of job (KB)
...
006 (10494009.000.000) 2026-03-21 09:00:41 Image size of job updated: 595912
	533  -  MemoryUsage of job (MB)
	544772  -  ResidentSetSize of job (KB)
...
006 (10494009.000.000) 2026-03-21 10:45:50 Image size of job updated: 601868
	533  -  MemoryUsage of job (MB)
	544772  -  ResidentSetSize of job (KB)
...
006 (10494009.000.000) 2026-03-21 12:31:00 Image size of job updated: 606056
	533  -  MemoryUsage of job (MB)
	544772  -  ResidentSetSize of job (KB)
...
006 (10494009.000.000) 2026-03-21 14:16:10 Image size of job updated: 610216
	533  -  MemoryUsage of job (MB)
	544772  -  ResidentSetSize of job (KB)
...
006 (10494009.000.000) 2026-03-21 16:16:22 Image size of job updated: 615076
	533  -  MemoryUsage of job (MB)
	544772  -  ResidentSetSize of job (KB)
...
006 (10494009.000.000) 2026-03-21 16:26:23 Image size of job updated: 615076
	533  -  MemoryUsage of job (MB)
	545256  -  ResidentSetSize of job (KB)
...
006 (10494009.000.000) 2026-03-21 16:36:24 Image size of job updated: 615076
	533  -  MemoryUsage of job (MB)
	545284  -  ResidentSetSize of job (KB)
...
006 (10494009.000.000) 2026-03-21 18:06:34 Image size of job updated: 619012
	537  -  MemoryUsage of job (MB)
	549172  -  ResidentSetSize of job (KB)
...
006 (10494009.000.000) 2026-03-21 18:16:35 Image size of job updated: 619012
	537  -  MemoryUsage of job (MB)
	549428  -  ResidentSetSize of job (KB)
...
006 (10494009.000.000) 2026-03-21 18:21:36 Image size of job updated: 619012
	539  -  MemoryUsage of job (MB)
	551224  -  ResidentSetSize of job (KB)
...
006 (10494009.000.000) 2026-03-21 18:26:36 Image size of job updated: 619012
	539  -  MemoryUsage of job (MB)
	551240  -  ResidentSetSize of job (KB)
...
006 (10494009.000.000) 2026-03-21 20:01:49 Image size of job updated: 624968
	542  -  MemoryUsage of job (MB)
	554688  -  ResidentSetSize of job (KB)
...
006 (10494009.000.000) 2026-03-21 20:11:49 Image size of job updated: 624968
	542  -  MemoryUsage of job (MB)
	554704  -  ResidentSetSize of job (KB)
...
006 (10494009.000.000) 2026-03-21 21:47:00 Image size of job updated: 628432
	544  -  MemoryUsage of job (MB)
	556692  -  ResidentSetSize of job (KB)
...
006 (10494009.000.000) 2026-03-21 22:02:02 Image size of job updated: 628432
	546  -  MemoryUsage of job (MB)
	559000  -  ResidentSetSize of job (KB)
...
006 (10494009.000.000) 2026-03-21 23:42:12 Image size of job updated: 632596
	548  -  MemoryUsage of job (MB)
	560800  -  ResidentSetSize of job (KB)
...
006 (10494009.000.000) 2026-03-21 23:47:13 Image size of job updated: 632596
	550  -  MemoryUsage of job (MB)
	563012  -  ResidentSetSize of job (KB)
...
006 (10494009.000.000) 2026-03-21 23:52:14 Image size of job updated: 632596
	550  -  MemoryUsage of job (MB)
	563028  -  ResidentSetSize of job (KB)
...
006 (10494009.000.000) 2026-03-22 01:27:23 Image size of job updated: 636596
	569  -  MemoryUsage of job (MB)
	581956  -  ResidentSetSize of job (KB)
...
006 (10494009.000.000) 2026-03-22 01:57:25 Image size of job updated: 636596
	569  -  MemoryUsage of job (MB)
	581960  -  ResidentSetSize of job (KB)
...
006 (10494009.000.000) 2026-03-22 02:07:26 Image size of job updated: 636596
	571  -  MemoryUsage of job (MB)
	584240  -  ResidentSetSize of job (KB)
...
006 (10494009.000.000) 2026-03-22 02:17:26 Image size of job updated: 636596
	571  -  MemoryUsage of job (MB)
	584256  -  ResidentSetSize of job (KB)
...
006 (10494009.000.000) 2026-03-22 03:47:37 Image size of job updated: 657472
	573  -  MemoryUsage of job (MB)
	585740  -  ResidentSetSize of job (KB)
...
006 (10494009.000.000) 2026-03-22 04:02:39 Image size of job updated: 657472
	573  -  MemoryUsage of job (MB)
	585920  -  ResidentSetSize of job (KB)
...
006 (10494009.000.000) 2026-03-22 04:07:39 Image size of job updated: 657472
	575  -  MemoryUsage of job (MB)
	588424  -  ResidentSetSize of job (KB)
...
006 (10494009.000.000) 2026-03-22 04:17:40 Image size of job updated: 657472
	575  -  MemoryUsage of job (MB)
	588440  -  ResidentSetSize of job (KB)
...
006 (10494009.000.000) 2026-03-22 05:42:48 Image size of job updated: 657472
	576  -  MemoryUsage of job (MB)
	589148  -  ResidentSetSize of job (KB)
...
006 (10494009.000.000) 2026-03-22 05:47:48 Image size of job updated: 661596
	577  -  MemoryUsage of job (MB)
	589852  -  ResidentSetSize of job (KB)
...
006 (10494009.000.000) 2026-03-22 06:07:50 Image size of job updated: 661596
	579  -  MemoryUsage of job (MB)
	592576  -  ResidentSetSize of job (KB)
...
006 (10494009.000.000) 2026-03-22 06:17:52 Image size of job updated: 661596
	579  -  MemoryUsage of job (MB)
	592592  -  ResidentSetSize of job (KB)
...
006 (10494009.000.000) 2026-03-22 07:53:01 Image size of job updated: 665808
	583  -  MemoryUsage of job (MB)
	596736  -  ResidentSetSize of job (KB)
...
006 (10494009.000.000) 2026-03-22 08:03:01 Image size of job updated: 665808
	583  -  MemoryUsage of job (MB)
	596752  -  ResidentSetSize of job (KB)
...
006 (10494009.000.000) 2026-03-22 09:33:11 Image size of job updated: 669968
	587  -  MemoryUsage of job (MB)
	601008  -  ResidentSetSize of job (KB)
...
006 (10494009.000.000) 2026-03-22 11:13:21 Image size of job updated: 674140
	589  -  MemoryUsage of job (MB)
	602376  -  ResidentSetSize of job (KB)
...
006 (10494009.000.000) 2026-03-22 11:23:22 Image size of job updated: 674140
	589  -  MemoryUsage of job (MB)
	602632  -  ResidentSetSize of job (KB)
...
006 (10494009.000.000) 2026-03-22 11:28:22 Image size of job updated: 674140
	591  -  MemoryUsage of job (MB)
	605072  -  ResidentSetSize of job (KB)
...
006 (10494009.000.000) 2026-03-22 11:38:22 Image size of job updated: 674140
	591  -  MemoryUsage of job (MB)
	605088  -  ResidentSetSize of job (KB)
...
006 (10494009.000.000) 2026-03-22 13:08:32 Image size of job updated: 678304
	593  -  MemoryUsage of job (MB)
	606516  -  ResidentSetSize of job (KB)
...
006 (10494009.000.000) 2026-03-22 13:13:32 Image size of job updated: 678304
	595  -  MemoryUsage of job (MB)
	609232  -  ResidentSetSize of job (KB)
...
006 (10494009.000.000) 2026-03-22 13:23:34 Image size of job updated: 678304
	595  -  MemoryUsage of job (MB)
	609248  -  ResidentSetSize of job (KB)
...
006 (10494009.000.000) 2026-03-22 14:53:42 Image size of job updated: 682464
	603  -  MemoryUsage of job (MB)
	617352  -  ResidentSetSize of job (KB)
...
006 (10494009.000.000) 2026-03-22 15:18:45 Image size of job updated: 682464
	604  -  MemoryUsage of job (MB)
	617608  -  ResidentSetSize of job (KB)
...
006 (10494009.000.000) 2026-03-22 15:23:45 Image size of job updated: 682464
	606  -  MemoryUsage of job (MB)
	620168  -  ResidentSetSize of job (KB)
...
006 (10494009.000.000) 2026-03-22 17:08:56 Image size of job updated: 694316
	608  -  MemoryUsage of job (MB)
	622584  -  ResidentSetSize of job (KB)
...
006 (10494009.000.000) 2026-03-22 17:18:56 Image size of job updated: 694316
	610  -  MemoryUsage of job (MB)
	624292  -  ResidentSetSize of job (KB)
...
006 (10494009.000.000) 2026-03-22 19:04:08 Image size of job updated: 698252
	614  -  MemoryUsage of job (MB)
	628572  -  ResidentSetSize of job (KB)
...
006 (10494009.000.000) 2026-03-22 20:54:19 Image size of job updated: 702428
	618  -  MemoryUsage of job (MB)
	632760  -  ResidentSetSize of job (KB)
...
006 (10494009.000.000) 2026-03-22 21:54:25 Image size of job updated: 702428
	618  -  MemoryUsage of job (MB)
	632764  -  ResidentSetSize of job (KB)
...
006 (10494009.000.000) 2026-03-22 22:44:30 Image size of job updated: 706492
	620  -  MemoryUsage of job (MB)
	634816  -  ResidentSetSize of job (KB)
...
006 (10494009.000.000) 2026-03-22 22:49:31 Image size of job updated: 706492
	622  -  MemoryUsage of job (MB)
	636864  -  ResidentSetSize of job (KB)
...
006 (10494009.000.000) 2026-03-23 00:39:41 Image size of job updated: 710760
	626  -  MemoryUsage of job (MB)
	640968  -  ResidentSetSize of job (KB)
...
006 (10494009.000.000) 2026-03-23 00:49:42 Image size of job updated: 710760
	627  -  MemoryUsage of job (MB)
	641156  -  ResidentSetSize of job (KB)
...
006 (10494009.000.000) 2026-03-23 02:29:53 Image size of job updated: 714644
	631  -  MemoryUsage of job (MB)
	645328  -  ResidentSetSize of job (KB)
...
006 (10494009.000.000) 2026-03-23 02:39:55 Image size of job updated: 714644
	631  -  MemoryUsage of job (MB)
	645332  -  ResidentSetSize of job (KB)
...
006 (10494009.000.000) 2026-03-23 04:25:04 Image size of job updated: 718824
	633  -  MemoryUsage of job (MB)
	647352  -  ResidentSetSize of job (KB)
...
006 (10494009.000.000) 2026-03-23 04:30:05 Image size of job updated: 718824
	635  -  MemoryUsage of job (MB)
	649260  -  ResidentSetSize of job (KB)
...
006 (10494009.000.000) 2026-03-23 04:40:06 Image size of job updated: 718824
	635  -  MemoryUsage of job (MB)
	649516  -  ResidentSetSize of job (KB)
...
006 (10494009.000.000) 2026-03-23 06:25:16 Image size of job updated: 723000
	638  -  MemoryUsage of job (MB)
	652964  -  ResidentSetSize of job (KB)
...
006 (10494009.000.000) 2026-03-23 06:35:18 Image size of job updated: 723000
	640  -  MemoryUsage of job (MB)
	655160  -  ResidentSetSize of job (KB)
...
006 (10494009.000.000) 2026-03-23 06:45:18 Image size of job updated: 723000
	641  -  MemoryUsage of job (MB)
	655416  -  ResidentSetSize of job (KB)
...
006 (10494009.000.000) 2026-03-23 08:25:28 Image size of job updated: 728904
	645  -  MemoryUsage of job (MB)
	659476  -  ResidentSetSize of job (KB)
...
006 (10494009.000.000) 2026-03-23 08:35:29 Image size of job updated: 728904
	645  -  MemoryUsage of job (MB)
	659572  -  ResidentSetSize of job (KB)
...
006 (10494009.000.000) 2026-03-23 10:15:40 Image size of job updated: 732804
	651  -  MemoryUsage of job (MB)
	666196  -  ResidentSetSize of job (KB)
...
006 (10494009.000.000) 2026-03-23 10:20:40 Image size of job updated: 732804
	651  -  MemoryUsage of job (MB)
	666248  -  ResidentSetSize of job (KB)
...
006 (10494009.000.000) 2026-03-23 10:25:41 Image size of job updated: 732804
	653  -  MemoryUsage of job (MB)
	668552  -  ResidentSetSize of job (KB)
...
006 (10494009.000.000) 2026-03-23 10:30:42 Image size of job updated: 732804
	653  -  MemoryUsage of job (MB)
	668572  -  ResidentSetSize of job (KB)
...
006 (10494009.000.000) 2026-03-23 12:10:52 Image size of job updated: 741548
	657  -  MemoryUsage of job (MB)
	672532  -  ResidentSetSize of job (KB)
...
006 (10494009.000.000) 2026-03-23 12:20:54 Image size of job updated: 741548
	657  -  MemoryUsage of job (MB)
	672728  -  ResidentSetSize of job (KB)
...
004 (10494009.000.000) 2026-03-23 13:44:07 Job was evicted.
	(0) CPU times
		Usr 4 02:01:34, Sys 0 00:52:39  -  Run Remote Usage
		Usr 0 00:00:00, Sys 0 00:00:00  -  Run Local Usage
	0  -  Run Bytes Sent By Job
	0  -  Run Bytes Received By Job
	Partitionable Resources :    Usage  Request Allocated 
	   Cpus                 :     1.00        8         8 
	   Disk (KB)            :  7500     2097152   7541135 
	   Memory (MB)          :   657       16384     16384 
...
009 (10494009.000.000) 2026-03-23 13:44:07 Job was aborted.
	via condor_rm (by user fkarateke)
...
