000 (10497818.000.000) 2026-03-24 01:49:07 Job submitted from host: <10.0.8.14:9618?addrs=10.0.8.14-9618&alias=head2.htc.inm7.de&noUDP&sock=schedd_1212952_c2ee>
...
001 (10497818.000.000) 2026-03-24 01:49:28 Job executing on host: <10.0.9.43:9618?addrs=10.0.9.43-9618&alias=cpu43.htc.inm7.de&noUDP&sock=startd_4240_dda5>
...
006 (10497818.000.000) 2026-03-24 01:49:36 Image size of job updated: 349372
	183  -  MemoryUsage of job (MB)
	187100  -  ResidentSetSize of job (KB)
...
006 (10497818.000.000) 2026-03-24 01:54:36 Image size of job updated: 430332
	203  -  MemoryUsage of job (MB)
	207568  -  ResidentSetSize of job (KB)
...
006 (10497818.000.000) 2026-03-24 02:04:38 Image size of job updated: 430332
	204  -  MemoryUsage of job (MB)
	208004  -  ResidentSetSize of job (KB)
...
006 (10497818.000.000) 2026-03-24 02:09:39 Image size of job updated: 431356
	204  -  MemoryUsage of job (MB)
	208772  -  ResidentSetSize of job (KB)
...
006 (10497818.000.000) 2026-03-24 02:14:39 Image size of job updated: 433608
	206  -  MemoryUsage of job (MB)
	210692  -  ResidentSetSize of job (KB)
...
006 (10497818.000.000) 2026-03-24 02:34:41 Image size of job updated: 433608
	207  -  MemoryUsage of job (MB)
	211076  -  ResidentSetSize of job (KB)
...
006 (10497818.000.000) 2026-03-24 02:39:42 Image size of job updated: 436636
	210  -  MemoryUsage of job (MB)
	214532  -  ResidentSetSize of job (KB)
...
006 (10497818.000.000) 2026-03-24 02:49:43 Image size of job updated: 437660
	210  -  MemoryUsage of job (MB)
	214532  -  ResidentSetSize of job (KB)
...
006 (10497818.000.000) 2026-03-24 02:59:44 Image size of job updated: 437660
	210  -  MemoryUsage of job (MB)
	214916  -  ResidentSetSize of job (KB)
...
006 (10497818.000.000) 2026-03-24 03:24:47 Image size of job updated: 437660
	211  -  MemoryUsage of job (MB)
	215300  -  ResidentSetSize of job (KB)
...
005 (10497818.000.000) 2026-03-24 04:29:48 Job terminated.
	(1) Normal termination (return value 0)
		Usr 0 02:39:28, Sys 0 00:00:00  -  Run Remote Usage
		Usr 0 00:00:00, Sys 0 00:00:00  -  Run Local Usage
		Usr 0 02:39:28, Sys 0 00:00:00  -  Total Remote Usage
		Usr 0 00:00:00, Sys 0 00:00:00  -  Total Local Usage
	0  -  Run Bytes Sent By Job
	0  -  Run Bytes Received By Job
	0  -  Total Bytes Sent By Job
	0  -  Total Bytes Received By Job
	Partitionable Resources :    Usage  Request Allocated 
	   Cpus                 :     1.00        1         1 
	   Disk (KB)            :  7500    10485760  24829510 
	   Memory (MB)          :   211        8192      8192 

	Job terminated of its own accord at 2026-03-24T03:29:48Z with exit-code 0.
...
