000 (10497821.000.000) 2026-03-24 01:49:07 Job submitted from host: <10.0.8.14:9618?addrs=10.0.8.14-9618&alias=head2.htc.inm7.de&noUDP&sock=schedd_1212952_c2ee>
...
001 (10497821.000.000) 2026-03-24 01:49:28 Job executing on host: <10.0.9.23:9618?addrs=10.0.9.23-9618&alias=cpu23.htc.inm7.de&noUDP&sock=startd_3131_2f1d>
...
006 (10497821.000.000) 2026-03-24 01:49:36 Image size of job updated: 349396
	182  -  MemoryUsage of job (MB)
	186056  -  ResidentSetSize of job (KB)
...
006 (10497821.000.000) 2026-03-24 01:54:36 Image size of job updated: 430368
	202  -  MemoryUsage of job (MB)
	206444  -  ResidentSetSize of job (KB)
...
006 (10497821.000.000) 2026-03-24 02:09:38 Image size of job updated: 431392
	203  -  MemoryUsage of job (MB)
	206956  -  ResidentSetSize of job (KB)
...
006 (10497821.000.000) 2026-03-24 02:14:38 Image size of job updated: 431392
	203  -  MemoryUsage of job (MB)
	207468  -  ResidentSetSize of job (KB)
...
006 (10497821.000.000) 2026-03-24 02:19:39 Image size of job updated: 432416
	204  -  MemoryUsage of job (MB)
	208260  -  ResidentSetSize of job (KB)
...
006 (10497821.000.000) 2026-03-24 02:44:41 Image size of job updated: 433928
	206  -  MemoryUsage of job (MB)
	210308  -  ResidentSetSize of job (KB)
...
006 (10497821.000.000) 2026-03-24 02:49:41 Image size of job updated: 433928
	206  -  MemoryUsage of job (MB)
	210564  -  ResidentSetSize of job (KB)
...
006 (10497821.000.000) 2026-03-24 02:54:42 Image size of job updated: 437960
	209  -  MemoryUsage of job (MB)
	213892  -  ResidentSetSize of job (KB)
...
006 (10497821.000.000) 2026-03-24 03:14:44 Image size of job updated: 437960
	210  -  MemoryUsage of job (MB)
	214148  -  ResidentSetSize of job (KB)
...
006 (10497821.000.000) 2026-03-24 03:29:46 Image size of job updated: 437960
	210  -  MemoryUsage of job (MB)
	214404  -  ResidentSetSize of job (KB)
...
005 (10497821.000.000) 2026-03-24 05:07:00 Job terminated.
	(1) Normal termination (return value 0)
		Usr 0 03:17:16, Sys 0 00:00:00  -  Run Remote Usage
		Usr 0 00:00:00, Sys 0 00:00:00  -  Run Local Usage
		Usr 0 03:17:16, Sys 0 00:00:00  -  Total Remote Usage
		Usr 0 00:00:00, Sys 0 00:00:00  -  Total Local Usage
	0  -  Run Bytes Sent By Job
	0  -  Run Bytes Received By Job
	0  -  Total Bytes Sent By Job
	0  -  Total Bytes Received By Job
	Partitionable Resources :    Usage  Request Allocated 
	   Cpus                 :     1.00        1         1 
	   Disk (KB)            :  7500    10485760 120909712 
	   Memory (MB)          :   210        8192     15360 

	Job terminated of its own accord at 2026-03-24T04:07:00Z with exit-code 0.
...
