000 (10497819.000.000) 2026-03-24 01:49:07 Job submitted from host: <10.0.8.14:9618?addrs=10.0.8.14-9618&alias=head2.htc.inm7.de&noUDP&sock=schedd_1212952_c2ee>
...
001 (10497819.000.000) 2026-03-24 01:49:28 Job executing on host: <10.0.9.44:9618?addrs=10.0.9.44-9618&alias=cpu44.htc.inm7.de&noUDP&sock=startd_4087_eba8>
...
006 (10497819.000.000) 2026-03-24 01:49:36 Image size of job updated: 349384
	182  -  MemoryUsage of job (MB)
	186284  -  ResidentSetSize of job (KB)
...
006 (10497819.000.000) 2026-03-24 01:54:36 Image size of job updated: 430344
	203  -  MemoryUsage of job (MB)
	207072  -  ResidentSetSize of job (KB)
...
006 (10497819.000.000) 2026-03-24 02:09:37 Image size of job updated: 431368
	203  -  MemoryUsage of job (MB)
	207840  -  ResidentSetSize of job (KB)
...
006 (10497819.000.000) 2026-03-24 02:14:37 Image size of job updated: 433620
	205  -  MemoryUsage of job (MB)
	209760  -  ResidentSetSize of job (KB)
...
006 (10497819.000.000) 2026-03-24 02:29:39 Image size of job updated: 433620
	206  -  MemoryUsage of job (MB)
	210144  -  ResidentSetSize of job (KB)
...
006 (10497819.000.000) 2026-03-24 02:34:39 Image size of job updated: 433620
	206  -  MemoryUsage of job (MB)
	210528  -  ResidentSetSize of job (KB)
...
006 (10497819.000.000) 2026-03-24 02:39:40 Image size of job updated: 437676
	210  -  MemoryUsage of job (MB)
	214428  -  ResidentSetSize of job (KB)
...
006 (10497819.000.000) 2026-03-24 02:54:41 Image size of job updated: 437676
	210  -  MemoryUsage of job (MB)
	214812  -  ResidentSetSize of job (KB)
...
005 (10497819.000.000) 2026-03-24 04:22:26 Job terminated.
	(1) Normal termination (return value 0)
		Usr 0 02:32:50, Sys 0 00:00:00  -  Run Remote Usage
		Usr 0 00:00:00, Sys 0 00:00:00  -  Run Local Usage
		Usr 0 02:32:50, Sys 0 00:00:00  -  Total Remote Usage
		Usr 0 00:00:00, Sys 0 00:00:00  -  Total Local Usage
	0  -  Run Bytes Sent By Job
	0  -  Run Bytes Received By Job
	0  -  Total Bytes Sent By Job
	0  -  Total Bytes Received By Job
	Partitionable Resources :    Usage  Request Allocated 
	   Cpus                 :     1.00        1         1 
	   Disk (KB)            :  7500    10485760  24829514 
	   Memory (MB)          :   210        8192      8192 

	Job terminated of its own accord at 2026-03-24T03:22:26Z with exit-code 0.
...
