000 (10497817.000.000) 2026-03-24 01:49:07 Job submitted from host: <10.0.8.14:9618?addrs=10.0.8.14-9618&alias=head2.htc.inm7.de&noUDP&sock=schedd_1212952_c2ee>
...
001 (10497817.000.000) 2026-03-24 01:49:07 Job executing on host: <10.0.9.43:9618?addrs=10.0.9.43-9618&alias=cpu43.htc.inm7.de&noUDP&sock=startd_4240_dda5>
...
006 (10497817.000.000) 2026-03-24 01:49:15 Image size of job updated: 7500
	6  -  MemoryUsage of job (MB)
	5444  -  ResidentSetSize of job (KB)
...
006 (10497817.000.000) 2026-03-24 01:54:15 Image size of job updated: 433664
	206  -  MemoryUsage of job (MB)
	210740  -  ResidentSetSize of job (KB)
...
006 (10497817.000.000) 2026-03-24 02:09:16 Image size of job updated: 434688
	207  -  MemoryUsage of job (MB)
	211508  -  ResidentSetSize of job (KB)
...
006 (10497817.000.000) 2026-03-24 02:14:17 Image size of job updated: 435712
	207  -  MemoryUsage of job (MB)
	211892  -  ResidentSetSize of job (KB)
...
006 (10497817.000.000) 2026-03-24 02:39:20 Image size of job updated: 435712
	208  -  MemoryUsage of job (MB)
	212660  -  ResidentSetSize of job (KB)
...
006 (10497817.000.000) 2026-03-24 02:44:20 Image size of job updated: 440824
	213  -  MemoryUsage of job (MB)
	218036  -  ResidentSetSize of job (KB)
...
006 (10497817.000.000) 2026-03-24 02:54:22 Image size of job updated: 441848
	214  -  MemoryUsage of job (MB)
	218308  -  ResidentSetSize of job (KB)
...
006 (10497817.000.000) 2026-03-24 03:09:23 Image size of job updated: 441872
	214  -  MemoryUsage of job (MB)
	218804  -  ResidentSetSize of job (KB)
...
005 (10497817.000.000) 2026-03-24 04:50:40 Job terminated.
	(1) Normal termination (return value 0)
		Usr 0 03:00:30, Sys 0 00:00:01  -  Run Remote Usage
		Usr 0 00:00:00, Sys 0 00:00:00  -  Run Local Usage
		Usr 0 03:00:30, Sys 0 00:00:01  -  Total Remote Usage
		Usr 0 00:00:00, Sys 0 00:00:00  -  Total Local Usage
	0  -  Run Bytes Sent By Job
	0  -  Run Bytes Received By Job
	0  -  Total Bytes Sent By Job
	0  -  Total Bytes Received By Job
	Partitionable Resources :    Usage  Request Allocated 
	   Cpus                 :     1.00        1         1 
	   Disk (KB)            :  7500    10485760  24829510 
	   Memory (MB)          :   214        8192      8192 

	Job terminated of its own accord at 2026-03-24T03:50:40Z with exit-code 0.
...
