000 (10497822.000.000) 2026-03-24 01:49:08 Job submitted from host: <10.0.8.14:9618?addrs=10.0.8.14-9618&alias=head2.htc.inm7.de&noUDP&sock=schedd_1212952_c2ee>
...
001 (10497822.000.000) 2026-03-24 01:49:28 Job executing on host: <10.0.9.37:9618?addrs=10.0.9.37-9618&alias=cpu37.htc.inm7.de&noUDP&sock=startd_3286_804b>
...
006 (10497822.000.000) 2026-03-24 01:49:36 Image size of job updated: 7500
	6  -  MemoryUsage of job (MB)
	5376  -  ResidentSetSize of job (KB)
...
006 (10497822.000.000) 2026-03-24 01:54:36 Image size of job updated: 430368
	203  -  MemoryUsage of job (MB)
	207712  -  ResidentSetSize of job (KB)
...
006 (10497822.000.000) 2026-03-24 02:09:39 Image size of job updated: 431392
	204  -  MemoryUsage of job (MB)
	208224  -  ResidentSetSize of job (KB)
...
006 (10497822.000.000) 2026-03-24 02:14:39 Image size of job updated: 433652
	206  -  MemoryUsage of job (MB)
	210560  -  ResidentSetSize of job (KB)
...
006 (10497822.000.000) 2026-03-24 02:24:41 Image size of job updated: 433652
	206  -  MemoryUsage of job (MB)
	210816  -  ResidentSetSize of job (KB)
...
006 (10497822.000.000) 2026-03-24 02:39:42 Image size of job updated: 433652
	207  -  MemoryUsage of job (MB)
	211328  -  ResidentSetSize of job (KB)
...
006 (10497822.000.000) 2026-03-24 02:44:43 Image size of job updated: 437704
	210  -  MemoryUsage of job (MB)
	214912  -  ResidentSetSize of job (KB)
...
006 (10497822.000.000) 2026-03-24 03:04:45 Image size of job updated: 437704
	211  -  MemoryUsage of job (MB)
	215168  -  ResidentSetSize of job (KB)
...
006 (10497822.000.000) 2026-03-24 03:14:46 Image size of job updated: 437704
	211  -  MemoryUsage of job (MB)
	215424  -  ResidentSetSize of job (KB)
...
005 (10497822.000.000) 2026-03-24 04:36:01 Job terminated.
	(1) Normal termination (return value 0)
		Usr 0 02:46:18, Sys 0 00:00:00  -  Run Remote Usage
		Usr 0 00:00:00, Sys 0 00:00:00  -  Run Local Usage
		Usr 0 02:46:18, Sys 0 00:00:00  -  Total Remote Usage
		Usr 0 00:00:00, Sys 0 00:00:00  -  Total Local Usage
	0  -  Run Bytes Sent By Job
	0  -  Run Bytes Received By Job
	0  -  Total Bytes Sent By Job
	0  -  Total Bytes Received By Job
	Partitionable Resources :    Usage  Request Allocated 
	   Cpus                 :     1.00        1         1 
	   Disk (KB)            :  7500    10485760  15476335 
	   Memory (MB)          :   211        8192      8192 

	Job terminated of its own accord at 2026-03-24T03:36:01Z with exit-code 0.
...
