000 (10463134.000.000) 2026-03-12 21:47:53 Job submitted from host: <10.0.8.14:9618?addrs=10.0.8.14-9618&alias=head2.htc.inm7.de&noUDP&sock=schedd_1212952_c2ee>
...
001 (10463134.000.000) 2026-03-12 21:47:54 Job executing on host: <10.0.9.40:9618?addrs=10.0.9.40-9618&alias=cpu40.htc.inm7.de&noUDP&sock=startd_3319_22ec>
...
006 (10463134.000.000) 2026-03-12 21:48:02 Image size of job updated: 7500
	6  -  MemoryUsage of job (MB)
	5428  -  ResidentSetSize of job (KB)
...
006 (10463134.000.000) 2026-03-12 21:53:02 Image size of job updated: 2316828
	1898  -  MemoryUsage of job (MB)
	1943272  -  ResidentSetSize of job (KB)
...
006 (10463134.000.000) 2026-03-12 21:58:03 Image size of job updated: 2338272
	1919  -  MemoryUsage of job (MB)
	1964680  -  ResidentSetSize of job (KB)
...
006 (10463134.000.000) 2026-03-12 22:03:04 Image size of job updated: 2420124
	1945  -  MemoryUsage of job (MB)
	1990972  -  ResidentSetSize of job (KB)
...
006 (10463134.000.000) 2026-03-12 22:08:04 Image size of job updated: 2421148
	1946  -  MemoryUsage of job (MB)
	1991740  -  ResidentSetSize of job (KB)
...
006 (10463134.000.000) 2026-03-12 22:13:04 Image size of job updated: 2421148
	1946  -  MemoryUsage of job (MB)
	1991996  -  ResidentSetSize of job (KB)
...
006 (10463134.000.000) 2026-03-12 22:18:05 Image size of job updated: 2422172
	1946  -  MemoryUsage of job (MB)
	1992252  -  ResidentSetSize of job (KB)
...
006 (10463134.000.000) 2026-03-12 22:23:06 Image size of job updated: 2422172
	1948  -  MemoryUsage of job (MB)
	1994556  -  ResidentSetSize of job (KB)
...
006 (10463134.000.000) 2026-03-12 22:58:09 Image size of job updated: 2422172
	1949  -  MemoryUsage of job (MB)
	1994812  -  ResidentSetSize of job (KB)
...
006 (10463134.000.000) 2026-03-13 00:28:18 Image size of job updated: 2422172
	1949  -  MemoryUsage of job (MB)
	1995068  -  ResidentSetSize of job (KB)
...
006 (10463134.000.000) 2026-03-13 01:03:21 Image size of job updated: 2423196
	1949  -  MemoryUsage of job (MB)
	1995324  -  ResidentSetSize of job (KB)
...
004 (10463134.000.000) 2026-03-13 15:39:08 Job was evicted.
	(0) CPU times
		Usr 0 17:53:04, Sys 0 00:00:26  -  Run Remote Usage
		Usr 0 00:00:00, Sys 0 00:00:00  -  Run Local Usage
	0  -  Run Bytes Sent By Job
	0  -  Run Bytes Received By Job
	Partitionable Resources :    Usage  Request Allocated 
	   Cpus                 :     1.00        4         4 
	   Disk (KB)            :  7500     5242880   7738214 
	   Memory (MB)          :  1949       16384     16384 
...
009 (10463134.000.000) 2026-03-13 15:39:08 Job was aborted.
	via condor_rm (by user fkarateke)
...
