000 (10467026.000.000) 2026-03-13 16:16:52 Job submitted from host: <10.0.8.14:9618?addrs=10.0.8.14-9618&alias=head2.htc.inm7.de&noUDP&sock=schedd_1212952_c2ee>
...
001 (10467026.000.000) 2026-03-13 16:16:59 Job executing on host: <10.0.9.30:9618?addrs=10.0.9.30-9618&alias=cpu30.htc.inm7.de&noUDP&sock=startd_3176_0ce0>
...
006 (10467026.000.000) 2026-03-13 16:17:08 Image size of job updated: 22840
	6  -  MemoryUsage of job (MB)
	5444  -  ResidentSetSize of job (KB)
...
006 (10467026.000.000) 2026-03-13 16:22:09 Image size of job updated: 2316808
	1898  -  MemoryUsage of job (MB)
	1943376  -  ResidentSetSize of job (KB)
...
006 (10467026.000.000) 2026-03-13 16:27:09 Image size of job updated: 2316808
	1899  -  MemoryUsage of job (MB)
	1943888  -  ResidentSetSize of job (KB)
...
006 (10467026.000.000) 2026-03-13 16:32:09 Image size of job updated: 2406416
	1933  -  MemoryUsage of job (MB)
	1978456  -  ResidentSetSize of job (KB)
...
006 (10467026.000.000) 2026-03-13 16:52:11 Image size of job updated: 2406416
	1940  -  MemoryUsage of job (MB)
	1985880  -  ResidentSetSize of job (KB)
...
006 (10467026.000.000) 2026-03-13 16:57:12 Image size of job updated: 2407440
	1941  -  MemoryUsage of job (MB)
	1986904  -  ResidentSetSize of job (KB)
...
006 (10467026.000.000) 2026-03-13 17:02:12 Image size of job updated: 2408464
	1941  -  MemoryUsage of job (MB)
	1987416  -  ResidentSetSize of job (KB)
...
006 (10467026.000.000) 2026-03-13 17:07:12 Image size of job updated: 2408464
	1942  -  MemoryUsage of job (MB)
	1987928  -  ResidentSetSize of job (KB)
...
006 (10467026.000.000) 2026-03-13 17:12:13 Image size of job updated: 2409488
	1944  -  MemoryUsage of job (MB)
	1990232  -  ResidentSetSize of job (KB)
...
006 (10467026.000.000) 2026-03-13 17:37:15 Image size of job updated: 2409488
	1945  -  MemoryUsage of job (MB)
	1991000  -  ResidentSetSize of job (KB)
...
006 (10467026.000.000) 2026-03-13 17:42:16 Image size of job updated: 2410512
	1945  -  MemoryUsage of job (MB)
	1991256  -  ResidentSetSize of job (KB)
...
006 (10467026.000.000) 2026-03-13 17:47:17 Image size of job updated: 2410512
	1946  -  MemoryUsage of job (MB)
	1991768  -  ResidentSetSize of job (KB)
...
006 (10467026.000.000) 2026-03-13 17:52:17 Image size of job updated: 2410512
	1946  -  MemoryUsage of job (MB)
	1992280  -  ResidentSetSize of job (KB)
...
006 (10467026.000.000) 2026-03-13 18:02:18 Image size of job updated: 2411536
	1947  -  MemoryUsage of job (MB)
	1992792  -  ResidentSetSize of job (KB)
...
006 (10467026.000.000) 2026-03-13 18:07:19 Image size of job updated: 2411536
	1947  -  MemoryUsage of job (MB)
	1993304  -  ResidentSetSize of job (KB)
...
006 (10467026.000.000) 2026-03-13 18:17:19 Image size of job updated: 2412560
	1948  -  MemoryUsage of job (MB)
	1993816  -  ResidentSetSize of job (KB)
...
006 (10467026.000.000) 2026-03-13 18:22:19 Image size of job updated: 2412560
	1948  -  MemoryUsage of job (MB)
	1994328  -  ResidentSetSize of job (KB)
...
006 (10467026.000.000) 2026-03-13 18:27:20 Image size of job updated: 2413584
	1949  -  MemoryUsage of job (MB)
	1994840  -  ResidentSetSize of job (KB)
...
006 (10467026.000.000) 2026-03-13 18:32:20 Image size of job updated: 2413584
	1949  -  MemoryUsage of job (MB)
	1995096  -  ResidentSetSize of job (KB)
...
006 (10467026.000.000) 2026-03-13 18:42:21 Image size of job updated: 2414608
	1950  -  MemoryUsage of job (MB)
	1995864  -  ResidentSetSize of job (KB)
...
006 (10467026.000.000) 2026-03-13 18:47:22 Image size of job updated: 2414608
	1950  -  MemoryUsage of job (MB)
	1996120  -  ResidentSetSize of job (KB)
...
006 (10467026.000.000) 2026-03-13 18:52:22 Image size of job updated: 2415632
	1951  -  MemoryUsage of job (MB)
	1997200  -  ResidentSetSize of job (KB)
...
006 (10467026.000.000) 2026-03-13 18:57:22 Image size of job updated: 2428356
	1964  -  MemoryUsage of job (MB)
	2010184  -  ResidentSetSize of job (KB)
...
006 (10467026.000.000) 2026-03-13 19:07:23 Image size of job updated: 2428356
	1964  -  MemoryUsage of job (MB)
	2010440  -  ResidentSetSize of job (KB)
...
006 (10467026.000.000) 2026-03-13 19:27:25 Image size of job updated: 2429380
	1964  -  MemoryUsage of job (MB)
	2010440  -  ResidentSetSize of job (KB)
...
006 (10467026.000.000) 2026-03-13 19:52:27 Image size of job updated: 2429380
	1965  -  MemoryUsage of job (MB)
	2011464  -  ResidentSetSize of job (KB)
...
006 (10467026.000.000) 2026-03-14 04:18:18 Image size of job updated: 2437264
	1972  -  MemoryUsage of job (MB)
	2019252  -  ResidentSetSize of job (KB)
...
006 (10467026.000.000) 2026-03-14 04:28:19 Image size of job updated: 2438288
	1973  -  MemoryUsage of job (MB)
	2019508  -  ResidentSetSize of job (KB)
...
006 (10467026.000.000) 2026-03-14 04:33:20 Image size of job updated: 2444276
	1978  -  MemoryUsage of job (MB)
	2025368  -  ResidentSetSize of job (KB)
...
006 (10467026.000.000) 2026-03-14 05:18:24 Image size of job updated: 2444276
	1979  -  MemoryUsage of job (MB)
	2026136  -  ResidentSetSize of job (KB)
...
006 (10467026.000.000) 2026-03-14 10:18:59 Image size of job updated: 2444276
	1979  -  MemoryUsage of job (MB)
	2026392  -  ResidentSetSize of job (KB)
...
006 (10467026.000.000) 2026-03-14 10:49:02 Image size of job updated: 2445300
	1979  -  MemoryUsage of job (MB)
	2026392  -  ResidentSetSize of job (KB)
...
006 (10467026.000.000) 2026-03-14 10:54:02 Image size of job updated: 2446324
	1980  -  MemoryUsage of job (MB)
	2027416  -  ResidentSetSize of job (KB)
...
006 (10467026.000.000) 2026-03-14 10:59:03 Image size of job updated: 2446324
	1981  -  MemoryUsage of job (MB)
	2027672  -  ResidentSetSize of job (KB)
...
006 (10467026.000.000) 2026-03-14 11:04:04 Image size of job updated: 2447348
	1981  -  MemoryUsage of job (MB)
	2028440  -  ResidentSetSize of job (KB)
...
006 (10467026.000.000) 2026-03-14 11:09:04 Image size of job updated: 2447348
	1982  -  MemoryUsage of job (MB)
	2028696  -  ResidentSetSize of job (KB)
...
006 (10467026.000.000) 2026-03-14 11:29:05 Image size of job updated: 2447348
	1982  -  MemoryUsage of job (MB)
	2029208  -  ResidentSetSize of job (KB)
...
006 (10467026.000.000) 2026-03-14 11:34:06 Image size of job updated: 2448372
	1983  -  MemoryUsage of job (MB)
	2029720  -  ResidentSetSize of job (KB)
...
006 (10467026.000.000) 2026-03-14 11:39:07 Image size of job updated: 2448372
	1983  -  MemoryUsage of job (MB)
	2030232  -  ResidentSetSize of job (KB)
...
006 (10467026.000.000) 2026-03-14 11:44:07 Image size of job updated: 2449396
	1984  -  MemoryUsage of job (MB)
	2030744  -  ResidentSetSize of job (KB)
...
006 (10467026.000.000) 2026-03-14 11:54:09 Image size of job updated: 2449396
	1984  -  MemoryUsage of job (MB)
	2031256  -  ResidentSetSize of job (KB)
...
006 (10467026.000.000) 2026-03-14 11:59:09 Image size of job updated: 2450420
	1984  -  MemoryUsage of job (MB)
	2031512  -  ResidentSetSize of job (KB)
...
006 (10467026.000.000) 2026-03-14 12:04:09 Image size of job updated: 2450420
	1985  -  MemoryUsage of job (MB)
	2032280  -  ResidentSetSize of job (KB)
...
006 (10467026.000.000) 2026-03-14 12:09:10 Image size of job updated: 2451444
	1985  -  MemoryUsage of job (MB)
	2032536  -  ResidentSetSize of job (KB)
...
006 (10467026.000.000) 2026-03-14 12:19:10 Image size of job updated: 2451444
	1986  -  MemoryUsage of job (MB)
	2033048  -  ResidentSetSize of job (KB)
...
006 (10467026.000.000) 2026-03-14 12:24:11 Image size of job updated: 2452468
	1986  -  MemoryUsage of job (MB)
	2033560  -  ResidentSetSize of job (KB)
...
006 (10467026.000.000) 2026-03-14 12:34:12 Image size of job updated: 2452468
	1987  -  MemoryUsage of job (MB)
	2034072  -  ResidentSetSize of job (KB)
...
006 (10467026.000.000) 2026-03-14 12:39:13 Image size of job updated: 2453492
	1987  -  MemoryUsage of job (MB)
	2034584  -  ResidentSetSize of job (KB)
...
006 (10467026.000.000) 2026-03-14 12:44:15 Image size of job updated: 2453492
	1988  -  MemoryUsage of job (MB)
	2035096  -  ResidentSetSize of job (KB)
...
006 (10467026.000.000) 2026-03-14 12:49:15 Image size of job updated: 2453492
	1988  -  MemoryUsage of job (MB)
	2035352  -  ResidentSetSize of job (KB)
...
006 (10467026.000.000) 2026-03-14 13:04:17 Image size of job updated: 2454516
	1988  -  MemoryUsage of job (MB)
	2035608  -  ResidentSetSize of job (KB)
...
006 (10467026.000.000) 2026-03-14 13:24:19 Image size of job updated: 2454516
	1989  -  MemoryUsage of job (MB)
	2035864  -  ResidentSetSize of job (KB)
...
006 (10467026.000.000) 2026-03-14 15:34:32 Image size of job updated: 2454516
	1989  -  MemoryUsage of job (MB)
	2036632  -  ResidentSetSize of job (KB)
...
006 (10467026.000.000) 2026-03-14 19:24:56 Image size of job updated: 2455540
	1989  -  MemoryUsage of job (MB)
	2036632  -  ResidentSetSize of job (KB)
...
006 (10467026.000.000) 2026-03-14 19:29:57 Image size of job updated: 2455540
	1990  -  MemoryUsage of job (MB)
	2037144  -  ResidentSetSize of job (KB)
...
006 (10467026.000.000) 2026-03-14 19:34:57 Image size of job updated: 2456564
	1990  -  MemoryUsage of job (MB)
	2037656  -  ResidentSetSize of job (KB)
...
006 (10467026.000.000) 2026-03-14 19:39:57 Image size of job updated: 2457588
	1991  -  MemoryUsage of job (MB)
	2038680  -  ResidentSetSize of job (KB)
...
006 (10467026.000.000) 2026-03-14 19:44:58 Image size of job updated: 2457588
	1992  -  MemoryUsage of job (MB)
	2038936  -  ResidentSetSize of job (KB)
...
006 (10467026.000.000) 2026-03-14 20:05:00 Image size of job updated: 2457588
	1992  -  MemoryUsage of job (MB)
	2039704  -  ResidentSetSize of job (KB)
...
006 (10467026.000.000) 2026-03-14 20:10:00 Image size of job updated: 2458612
	1993  -  MemoryUsage of job (MB)
	2039960  -  ResidentSetSize of job (KB)
...
006 (10467026.000.000) 2026-03-14 20:15:01 Image size of job updated: 2458612
	1993  -  MemoryUsage of job (MB)
	2040472  -  ResidentSetSize of job (KB)
...
006 (10467026.000.000) 2026-03-14 20:20:02 Image size of job updated: 2459636
	1994  -  MemoryUsage of job (MB)
	2040984  -  ResidentSetSize of job (KB)
...
006 (10467026.000.000) 2026-03-14 20:35:03 Image size of job updated: 2459636
	1994  -  MemoryUsage of job (MB)
	2041496  -  ResidentSetSize of job (KB)
...
006 (10467026.000.000) 2026-03-14 20:40:03 Image size of job updated: 2460660
	1995  -  MemoryUsage of job (MB)
	2042008  -  ResidentSetSize of job (KB)
...
006 (10467026.000.000) 2026-03-14 20:45:03 Image size of job updated: 2460660
	1995  -  MemoryUsage of job (MB)
	2042520  -  ResidentSetSize of job (KB)
...
006 (10467026.000.000) 2026-03-14 20:50:04 Image size of job updated: 2461684
	1995  -  MemoryUsage of job (MB)
	2042776  -  ResidentSetSize of job (KB)
...
006 (10467026.000.000) 2026-03-14 21:05:06 Image size of job updated: 2461684
	1996  -  MemoryUsage of job (MB)
	2043288  -  ResidentSetSize of job (KB)
...
006 (10467026.000.000) 2026-03-14 21:10:07 Image size of job updated: 2462708
	1996  -  MemoryUsage of job (MB)
	2043800  -  ResidentSetSize of job (KB)
...
006 (10467026.000.000) 2026-03-14 21:15:07 Image size of job updated: 2462708
	1997  -  MemoryUsage of job (MB)
	2044312  -  ResidentSetSize of job (KB)
...
006 (10467026.000.000) 2026-03-14 21:20:07 Image size of job updated: 2462708
	1997  -  MemoryUsage of job (MB)
	2044824  -  ResidentSetSize of job (KB)
...
006 (10467026.000.000) 2026-03-14 21:30:08 Image size of job updated: 2463732
	1998  -  MemoryUsage of job (MB)
	2045336  -  ResidentSetSize of job (KB)
...
006 (10467026.000.000) 2026-03-14 21:35:08 Image size of job updated: 2466700
	2001  -  MemoryUsage of job (MB)
	2048664  -  ResidentSetSize of job (KB)
...
006 (10467026.000.000) 2026-03-14 21:45:09 Image size of job updated: 2467724
	2001  -  MemoryUsage of job (MB)
	2048920  -  ResidentSetSize of job (KB)
...
006 (10467026.000.000) 2026-03-14 22:45:16 Image size of job updated: 2467724
	2002  -  MemoryUsage of job (MB)
	2049688  -  ResidentSetSize of job (KB)
...
006 (10467026.000.000) 2026-03-15 04:15:48 Image size of job updated: 2468748
	2002  -  MemoryUsage of job (MB)
	2049944  -  ResidentSetSize of job (KB)
...
006 (10467026.000.000) 2026-03-15 04:20:48 Image size of job updated: 2468748
	2003  -  MemoryUsage of job (MB)
	2050200  -  ResidentSetSize of job (KB)
...
006 (10467026.000.000) 2026-03-15 04:25:49 Image size of job updated: 2469772
	2003  -  MemoryUsage of job (MB)
	2050968  -  ResidentSetSize of job (KB)
...
006 (10467026.000.000) 2026-03-15 04:30:50 Image size of job updated: 2470796
	2004  -  MemoryUsage of job (MB)
	2051736  -  ResidentSetSize of job (KB)
...
006 (10467026.000.000) 2026-03-15 04:35:50 Image size of job updated: 2470796
	2004  -  MemoryUsage of job (MB)
	2051992  -  ResidentSetSize of job (KB)
...
006 (10467026.000.000) 2026-03-15 05:00:52 Image size of job updated: 2470796
	2005  -  MemoryUsage of job (MB)
	2052504  -  ResidentSetSize of job (KB)
...
006 (10467026.000.000) 2026-03-15 05:05:53 Image size of job updated: 2471820
	2005  -  MemoryUsage of job (MB)
	2053016  -  ResidentSetSize of job (KB)
...
006 (10467026.000.000) 2026-03-15 05:10:54 Image size of job updated: 2471820
	2006  -  MemoryUsage of job (MB)
	2053528  -  ResidentSetSize of job (KB)
...
006 (10467026.000.000) 2026-03-15 05:15:54 Image size of job updated: 2472844
	2006  -  MemoryUsage of job (MB)
	2054040  -  ResidentSetSize of job (KB)
...
006 (10467026.000.000) 2026-03-15 05:25:55 Image size of job updated: 2472844
	2007  -  MemoryUsage of job (MB)
	2054552  -  ResidentSetSize of job (KB)
...
006 (10467026.000.000) 2026-03-15 05:30:55 Image size of job updated: 2473868
	2007  -  MemoryUsage of job (MB)
	2054808  -  ResidentSetSize of job (KB)
...
006 (10467026.000.000) 2026-03-15 05:40:56 Image size of job updated: 2473868
	2008  -  MemoryUsage of job (MB)
	2055576  -  ResidentSetSize of job (KB)
...
006 (10467026.000.000) 2026-03-15 05:45:56 Image size of job updated: 2474892
	2008  -  MemoryUsage of job (MB)
	2055832  -  ResidentSetSize of job (KB)
...
006 (10467026.000.000) 2026-03-15 05:55:57 Image size of job updated: 2474892
	2009  -  MemoryUsage of job (MB)
	2056344  -  ResidentSetSize of job (KB)
...
006 (10467026.000.000) 2026-03-15 06:00:58 Image size of job updated: 2475916
	2009  -  MemoryUsage of job (MB)
	2056856  -  ResidentSetSize of job (KB)
...
006 (10467026.000.000) 2026-03-15 06:10:58 Image size of job updated: 2475916
	2010  -  MemoryUsage of job (MB)
	2057624  -  ResidentSetSize of job (KB)
...
006 (10467026.000.000) 2026-03-15 06:26:00 Image size of job updated: 2476940
	2010  -  MemoryUsage of job (MB)
	2058136  -  ResidentSetSize of job (KB)
...
006 (10467026.000.000) 2026-03-15 06:31:01 Image size of job updated: 2481540
	2015  -  MemoryUsage of job (MB)
	2063256  -  ResidentSetSize of job (KB)
...
006 (10467026.000.000) 2026-03-15 06:41:02 Image size of job updated: 2482564
	2016  -  MemoryUsage of job (MB)
	2063512  -  ResidentSetSize of job (KB)
...
006 (10467026.000.000) 2026-03-15 07:01:04 Image size of job updated: 2482564
	2016  -  MemoryUsage of job (MB)
	2064280  -  ResidentSetSize of job (KB)
...
004 (10467026.000.000) 2026-03-15 10:37:02 Job was evicted.
	(0) CPU times
		Usr 1 18:26:16, Sys 0 00:26:07  -  Run Remote Usage
		Usr 0 00:00:00, Sys 0 00:00:00  -  Run Local Usage
	0  -  Run Bytes Sent By Job
	0  -  Run Bytes Received By Job
	Partitionable Resources :    Usage  Request Allocated 
	   Cpus                 :     1.00        4         4 
	   Disk (KB)            :  7500     5242880   7738299 
	   Memory (MB)          :  2016       16384     16384 
...
009 (10467026.000.000) 2026-03-15 10:37:02 Job was aborted.
	via condor_rm (by user fkarateke)
...
