16:17:06 | INFO | ======================================================================
16:17:06 | INFO | BATCH TRAINER: batch4
16:17:06 | INFO | Regions: 31-40
16:17:06 | INFO | Preset: paper_compliant - Paper-compliant using ElasticNetCV (automatic tuning)
16:17:06 | INFO | ElasticNetCV: n_alphas=100, l1_ratio=7 values
16:17:06 | INFO | ======================================================================
16:17:06 | INFO | Loading data...
16:17:06 | INFO | ✓ Loaded 563 subjects
16:17:06 | INFO | Preparing regions 31-40...
16:17:06 | INFO | ✓ Data shape: (563, 2455)
16:17:06 | INFO | Building stacking model with ElasticNetCV...
16:17:07 | INFO | ✓ Model built: 10 regions with ElasticNetCV
16:17:07 | INFO | Training started...
16:17:07 | INFO | Features: 2,453, Subjects: 563
02:49:19 | WARNING | 730 warnings during training
02:49:19 | INFO | ✓ Training done! Time: 37932.7s (632.2 min)
02:49:19 | INFO | MAE: 14.422, R²: -0.3694, RMSE: 16.480
02:49:19 | INFO | ✓ Results saved
02:49:19 | INFO | ======================================================================
02:49:19 | INFO | BATCH batch4 COMPLETED!
02:49:19 | INFO | ======================================================================
