000 (10467026.003.000) 2026-03-13 16:16:52 Job submitted from host: <10.0.8.14:9618?addrs=10.0.8.14-9618&alias=head2.htc.inm7.de&noUDP&sock=schedd_1212952_c2ee>
...
001 (10467026.003.000) 2026-03-13 16:16:59 Job executing on host: <10.0.9.29:9618?addrs=10.0.9.29-9618&alias=cpu29.htc.inm7.de&noUDP&sock=startd_3130_7f85>
...
006 (10467026.003.000) 2026-03-13 16:17:08 Image size of job updated: 22724
	6  -  MemoryUsage of job (MB)
	5348  -  ResidentSetSize of job (KB)
...
006 (10467026.003.000) 2026-03-13 16:22:09 Image size of job updated: 2366288
	1895  -  MemoryUsage of job (MB)
	1940324  -  ResidentSetSize of job (KB)
...
006 (10467026.003.000) 2026-03-13 16:27:09 Image size of job updated: 2367312
	1896  -  MemoryUsage of job (MB)
	1940836  -  ResidentSetSize of job (KB)
...
006 (10467026.003.000) 2026-03-13 16:32:10 Image size of job updated: 2368336
	1897  -  MemoryUsage of job (MB)
	1941860  -  ResidentSetSize of job (KB)
...
006 (10467026.003.000) 2026-03-13 16:37:11 Image size of job updated: 2376548
	1905  -  MemoryUsage of job (MB)
	1950152  -  ResidentSetSize of job (KB)
...
006 (10467026.003.000) 2026-03-13 16:42:11 Image size of job updated: 2376548
	1907  -  MemoryUsage of job (MB)
	1952456  -  ResidentSetSize of job (KB)
...
006 (10467026.003.000) 2026-03-13 17:12:14 Image size of job updated: 2376548
	1907  -  MemoryUsage of job (MB)
	1952712  -  ResidentSetSize of job (KB)
...
006 (10467026.003.000) 2026-03-13 17:32:16 Image size of job updated: 2376548
	1908  -  MemoryUsage of job (MB)
	1952968  -  ResidentSetSize of job (KB)
...
006 (10467026.003.000) 2026-03-13 18:32:23 Image size of job updated: 2379088
	1909  -  MemoryUsage of job (MB)
	1954516  -  ResidentSetSize of job (KB)
...
006 (10467026.003.000) 2026-03-13 18:37:23 Image size of job updated: 2379088
	1910  -  MemoryUsage of job (MB)
	1955284  -  ResidentSetSize of job (KB)
...
006 (10467026.003.000) 2026-03-13 20:12:33 Image size of job updated: 2384420
	1915  -  MemoryUsage of job (MB)
	1960216  -  ResidentSetSize of job (KB)
...
006 (10467026.003.000) 2026-03-13 20:17:33 Image size of job updated: 2384564
	1915  -  MemoryUsage of job (MB)
	1960216  -  ResidentSetSize of job (KB)
...
006 (10467026.003.000) 2026-03-13 20:22:34 Image size of job updated: 2384564
	1915  -  MemoryUsage of job (MB)
	1960472  -  ResidentSetSize of job (KB)
...
006 (10467026.003.000) 2026-03-13 21:12:38 Image size of job updated: 2385608
	1916  -  MemoryUsage of job (MB)
	1961496  -  ResidentSetSize of job (KB)
...
006 (10467026.003.000) 2026-03-13 21:27:40 Image size of job updated: 2388340
	1919  -  MemoryUsage of job (MB)
	1964312  -  ResidentSetSize of job (KB)
...
006 (10467026.003.000) 2026-03-13 21:32:40 Image size of job updated: 2390388
	1920  -  MemoryUsage of job (MB)
	1965848  -  ResidentSetSize of job (KB)
...
006 (10467026.003.000) 2026-03-13 21:37:41 Image size of job updated: 2390388
	1921  -  MemoryUsage of job (MB)
	1966360  -  ResidentSetSize of job (KB)
...
006 (10467026.003.000) 2026-03-13 21:47:42 Image size of job updated: 2391412
	1922  -  MemoryUsage of job (MB)
	1967384  -  ResidentSetSize of job (KB)
...
006 (10467026.003.000) 2026-03-13 21:57:44 Image size of job updated: 2392436
	1923  -  MemoryUsage of job (MB)
	1968408  -  ResidentSetSize of job (KB)
...
006 (10467026.003.000) 2026-03-13 22:02:44 Image size of job updated: 2392436
	1923  -  MemoryUsage of job (MB)
	1968664  -  ResidentSetSize of job (KB)
...
006 (10467026.003.000) 2026-03-13 22:57:49 Image size of job updated: 2394060
	1924  -  MemoryUsage of job (MB)
	1969176  -  ResidentSetSize of job (KB)
...
006 (10467026.003.000) 2026-03-13 23:12:51 Image size of job updated: 2395084
	1925  -  MemoryUsage of job (MB)
	1970200  -  ResidentSetSize of job (KB)
...
006 (10467026.003.000) 2026-03-13 23:17:52 Image size of job updated: 2396108
	1926  -  MemoryUsage of job (MB)
	1971736  -  ResidentSetSize of job (KB)
...
006 (10467026.003.000) 2026-03-13 23:22:52 Image size of job updated: 2397132
	1927  -  MemoryUsage of job (MB)
	1972248  -  ResidentSetSize of job (KB)
...
006 (10467026.003.000) 2026-03-13 23:32:53 Image size of job updated: 2398156
	1928  -  MemoryUsage of job (MB)
	1973272  -  ResidentSetSize of job (KB)
...
006 (10467026.003.000) 2026-03-13 23:42:54 Image size of job updated: 2401452
	1931  -  MemoryUsage of job (MB)
	1976856  -  ResidentSetSize of job (KB)
...
006 (10467026.003.000) 2026-03-13 23:57:56 Image size of job updated: 2404348
	1934  -  MemoryUsage of job (MB)
	1979672  -  ResidentSetSize of job (KB)
...
006 (10467026.003.000) 2026-03-14 00:22:57 Image size of job updated: 2404348
	1935  -  MemoryUsage of job (MB)
	1980440  -  ResidentSetSize of job (KB)
...
006 (10467026.003.000) 2026-03-14 01:03:01 Image size of job updated: 2405372
	1935  -  MemoryUsage of job (MB)
	1980952  -  ResidentSetSize of job (KB)
...
006 (10467026.003.000) 2026-03-14 01:08:01 Image size of job updated: 2406396
	1936  -  MemoryUsage of job (MB)
	1981976  -  ResidentSetSize of job (KB)
...
006 (10467026.003.000) 2026-03-14 01:13:02 Image size of job updated: 2407420
	1937  -  MemoryUsage of job (MB)
	1983000  -  ResidentSetSize of job (KB)
...
006 (10467026.003.000) 2026-03-14 01:23:03 Image size of job updated: 2408444
	1938  -  MemoryUsage of job (MB)
	1984024  -  ResidentSetSize of job (KB)
...
006 (10467026.003.000) 2026-03-14 01:28:03 Image size of job updated: 2409468
	1939  -  MemoryUsage of job (MB)
	1985304  -  ResidentSetSize of job (KB)
...
005 (10467026.003.000) 2026-03-14 02:49:19 Job terminated.
	(1) Normal termination (return value 0)
		Usr 0 10:55:44, Sys 0 01:37:04  -  Run Remote Usage
		Usr 0 00:00:00, Sys 0 00:00:00  -  Run Local Usage
		Usr 0 10:55:44, Sys 0 01:37:04  -  Total Remote Usage
		Usr 0 00:00:00, Sys 0 00:00:00  -  Total Local Usage
	0  -  Run Bytes Sent By Job
	0  -  Run Bytes Received By Job
	0  -  Total Bytes Sent By Job
	0  -  Total Bytes Received By Job
	Partitionable Resources :    Usage  Request Allocated 
	   Cpus                 :     1.00        4         4 
	   Disk (KB)            :  7500     5242880   7738218 
	   Memory (MB)          :  1939       16384     16384 

	Job terminated of its own accord at 2026-03-14T01:49:19Z with exit-code 0.
...
