000 (10467026.002.000) 2026-03-13 16:16:52 Job submitted from host: <10.0.8.14:9618?addrs=10.0.8.14-9618&alias=head2.htc.inm7.de&noUDP&sock=schedd_1212952_c2ee>
...
001 (10467026.002.000) 2026-03-13 16:16:59 Job executing on host: <10.0.9.30:9618?addrs=10.0.9.30-9618&alias=cpu30.htc.inm7.de&noUDP&sock=startd_3176_0ce0>
...
006 (10467026.002.000) 2026-03-13 16:17:08 Image size of job updated: 7500
	6  -  MemoryUsage of job (MB)
	5448  -  ResidentSetSize of job (KB)
...
006 (10467026.002.000) 2026-03-13 16:22:09 Image size of job updated: 2316096
	1898  -  MemoryUsage of job (MB)
	1942900  -  ResidentSetSize of job (KB)
...
006 (10467026.002.000) 2026-03-13 16:27:09 Image size of job updated: 2316096
	1898  -  MemoryUsage of job (MB)
	1943412  -  ResidentSetSize of job (KB)
...
006 (10467026.002.000) 2026-03-13 16:32:09 Image size of job updated: 2402836
	1930  -  MemoryUsage of job (MB)
	1976300  -  ResidentSetSize of job (KB)
...
006 (10467026.002.000) 2026-03-13 16:37:10 Image size of job updated: 2405704
	1933  -  MemoryUsage of job (MB)
	1978604  -  ResidentSetSize of job (KB)
...
006 (10467026.002.000) 2026-03-13 16:52:11 Image size of job updated: 2405704
	1935  -  MemoryUsage of job (MB)
	1980908  -  ResidentSetSize of job (KB)
...
006 (10467026.002.000) 2026-03-13 17:07:12 Image size of job updated: 2405704
	1942  -  MemoryUsage of job (MB)
	1987880  -  ResidentSetSize of job (KB)
...
006 (10467026.002.000) 2026-03-13 17:12:13 Image size of job updated: 2406728
	1942  -  MemoryUsage of job (MB)
	1988136  -  ResidentSetSize of job (KB)
...
006 (10467026.002.000) 2026-03-13 17:17:13 Image size of job updated: 2406728
	1943  -  MemoryUsage of job (MB)
	1988648  -  ResidentSetSize of job (KB)
...
006 (10467026.002.000) 2026-03-13 17:22:13 Image size of job updated: 2407752
	1943  -  MemoryUsage of job (MB)
	1989160  -  ResidentSetSize of job (KB)
...
006 (10467026.002.000) 2026-03-13 17:37:15 Image size of job updated: 2408776
	1945  -  MemoryUsage of job (MB)
	1990696  -  ResidentSetSize of job (KB)
...
006 (10467026.002.000) 2026-03-13 17:42:16 Image size of job updated: 2409800
	1945  -  MemoryUsage of job (MB)
	1991464  -  ResidentSetSize of job (KB)
...
006 (10467026.002.000) 2026-03-13 17:47:17 Image size of job updated: 2409800
	1946  -  MemoryUsage of job (MB)
	1991976  -  ResidentSetSize of job (KB)
...
006 (10467026.002.000) 2026-03-13 17:57:17 Image size of job updated: 2410824
	1946  -  MemoryUsage of job (MB)
	1992488  -  ResidentSetSize of job (KB)
...
006 (10467026.002.000) 2026-03-13 18:02:18 Image size of job updated: 2411848
	1947  -  MemoryUsage of job (MB)
	1993512  -  ResidentSetSize of job (KB)
...
006 (10467026.002.000) 2026-03-13 18:07:19 Image size of job updated: 2411848
	1948  -  MemoryUsage of job (MB)
	1993768  -  ResidentSetSize of job (KB)
...
006 (10467026.002.000) 2026-03-13 18:32:21 Image size of job updated: 2412872
	1948  -  MemoryUsage of job (MB)
	1994536  -  ResidentSetSize of job (KB)
...
006 (10467026.002.000) 2026-03-13 18:37:22 Image size of job updated: 2412872
	1949  -  MemoryUsage of job (MB)
	1994792  -  ResidentSetSize of job (KB)
...
006 (10467026.002.000) 2026-03-13 18:42:23 Image size of job updated: 2413896
	1949  -  MemoryUsage of job (MB)
	1995304  -  ResidentSetSize of job (KB)
...
006 (10467026.002.000) 2026-03-13 18:47:23 Image size of job updated: 2425496
	1961  -  MemoryUsage of job (MB)
	2007500  -  ResidentSetSize of job (KB)
...
006 (10467026.002.000) 2026-03-13 19:02:25 Image size of job updated: 2426724
	1962  -  MemoryUsage of job (MB)
	2008780  -  ResidentSetSize of job (KB)
...
006 (10467026.002.000) 2026-03-13 19:42:28 Image size of job updated: 2427748
	1962  -  MemoryUsage of job (MB)
	2008780  -  ResidentSetSize of job (KB)
...
006 (10467026.002.000) 2026-03-13 21:37:39 Image size of job updated: 2427748
	1962  -  MemoryUsage of job (MB)
	2009036  -  ResidentSetSize of job (KB)
...
006 (10467026.002.000) 2026-03-14 02:48:10 Image size of job updated: 2431904
	1967  -  MemoryUsage of job (MB)
	2013612  -  ResidentSetSize of job (KB)
...
006 (10467026.002.000) 2026-03-14 02:53:11 Image size of job updated: 2432928
	1967  -  MemoryUsage of job (MB)
	2013612  -  ResidentSetSize of job (KB)
...
006 (10467026.002.000) 2026-03-14 02:58:11 Image size of job updated: 2433084
	1967  -  MemoryUsage of job (MB)
	2013868  -  ResidentSetSize of job (KB)
...
006 (10467026.002.000) 2026-03-14 03:08:13 Image size of job updated: 2436896
	1971  -  MemoryUsage of job (MB)
	2017708  -  ResidentSetSize of job (KB)
...
006 (10467026.002.000) 2026-03-14 03:23:15 Image size of job updated: 2436896
	1971  -  MemoryUsage of job (MB)
	2017964  -  ResidentSetSize of job (KB)
...
006 (10467026.002.000) 2026-03-14 08:13:45 Image size of job updated: 2439020
	1973  -  MemoryUsage of job (MB)
	2020012  -  ResidentSetSize of job (KB)
...
006 (10467026.002.000) 2026-03-14 08:18:46 Image size of job updated: 2439020
	1973  -  MemoryUsage of job (MB)
	2020268  -  ResidentSetSize of job (KB)
...
006 (10467026.002.000) 2026-03-14 08:38:48 Image size of job updated: 2440044
	1974  -  MemoryUsage of job (MB)
	2021036  -  ResidentSetSize of job (KB)
...
006 (10467026.002.000) 2026-03-14 08:43:48 Image size of job updated: 2440044
	1974  -  MemoryUsage of job (MB)
	2021292  -  ResidentSetSize of job (KB)
...
006 (10467026.002.000) 2026-03-14 08:53:49 Image size of job updated: 2440044
	1975  -  MemoryUsage of job (MB)
	2021804  -  ResidentSetSize of job (KB)
...
006 (10467026.002.000) 2026-03-14 08:58:49 Image size of job updated: 2441068
	1975  -  MemoryUsage of job (MB)
	2022316  -  ResidentSetSize of job (KB)
...
006 (10467026.002.000) 2026-03-14 09:08:50 Image size of job updated: 2441068
	1976  -  MemoryUsage of job (MB)
	2022828  -  ResidentSetSize of job (KB)
...
006 (10467026.002.000) 2026-03-14 09:13:51 Image size of job updated: 2442092
	1977  -  MemoryUsage of job (MB)
	2023852  -  ResidentSetSize of job (KB)
...
006 (10467026.002.000) 2026-03-14 09:18:51 Image size of job updated: 2443116
	1978  -  MemoryUsage of job (MB)
	2024620  -  ResidentSetSize of job (KB)
...
006 (10467026.002.000) 2026-03-14 09:23:52 Image size of job updated: 2444140
	1978  -  MemoryUsage of job (MB)
	2025132  -  ResidentSetSize of job (KB)
...
006 (10467026.002.000) 2026-03-14 09:33:53 Image size of job updated: 2444140
	1979  -  MemoryUsage of job (MB)
	2025900  -  ResidentSetSize of job (KB)
...
006 (10467026.002.000) 2026-03-14 09:38:53 Image size of job updated: 2445164
	1980  -  MemoryUsage of job (MB)
	2026668  -  ResidentSetSize of job (KB)
...
006 (10467026.002.000) 2026-03-14 09:43:54 Image size of job updated: 2445164
	1980  -  MemoryUsage of job (MB)
	2026924  -  ResidentSetSize of job (KB)
...
006 (10467026.002.000) 2026-03-14 10:03:57 Image size of job updated: 2446188
	1980  -  MemoryUsage of job (MB)
	2027436  -  ResidentSetSize of job (KB)
...
006 (10467026.002.000) 2026-03-14 10:08:57 Image size of job updated: 2446188
	1981  -  MemoryUsage of job (MB)
	2027692  -  ResidentSetSize of job (KB)
...
006 (10467026.002.000) 2026-03-14 10:13:57 Image size of job updated: 2447212
	1981  -  MemoryUsage of job (MB)
	2028460  -  ResidentSetSize of job (KB)
...
006 (10467026.002.000) 2026-03-14 10:18:58 Image size of job updated: 2447212
	1982  -  MemoryUsage of job (MB)
	2028972  -  ResidentSetSize of job (KB)
...
006 (10467026.002.000) 2026-03-14 10:33:59 Image size of job updated: 2449872
	1984  -  MemoryUsage of job (MB)
	2031532  -  ResidentSetSize of job (KB)
...
006 (10467026.002.000) 2026-03-14 10:49:01 Image size of job updated: 2450896
	1985  -  MemoryUsage of job (MB)
	2031788  -  ResidentSetSize of job (KB)
...
006 (10467026.002.000) 2026-03-14 15:34:30 Image size of job updated: 2450896
	1985  -  MemoryUsage of job (MB)
	2032556  -  ResidentSetSize of job (KB)
...
006 (10467026.002.000) 2026-03-14 15:39:31 Image size of job updated: 2451920
	1986  -  MemoryUsage of job (MB)
	2033068  -  ResidentSetSize of job (KB)
...
006 (10467026.002.000) 2026-03-14 15:59:32 Image size of job updated: 2451920
	1986  -  MemoryUsage of job (MB)
	2033580  -  ResidentSetSize of job (KB)
...
006 (10467026.002.000) 2026-03-14 16:04:32 Image size of job updated: 2452944
	1987  -  MemoryUsage of job (MB)
	2033836  -  ResidentSetSize of job (KB)
...
006 (10467026.002.000) 2026-03-14 16:14:34 Image size of job updated: 2452944
	1987  -  MemoryUsage of job (MB)
	2034604  -  ResidentSetSize of job (KB)
...
006 (10467026.002.000) 2026-03-14 16:19:34 Image size of job updated: 2453968
	1988  -  MemoryUsage of job (MB)
	2034860  -  ResidentSetSize of job (KB)
...
006 (10467026.002.000) 2026-03-14 16:34:36 Image size of job updated: 2453968
	1988  -  MemoryUsage of job (MB)
	2035628  -  ResidentSetSize of job (KB)
...
006 (10467026.002.000) 2026-03-14 16:39:36 Image size of job updated: 2454992
	1989  -  MemoryUsage of job (MB)
	2036396  -  ResidentSetSize of job (KB)
...
006 (10467026.002.000) 2026-03-14 16:44:38 Image size of job updated: 2456016
	1990  -  MemoryUsage of job (MB)
	2037420  -  ResidentSetSize of job (KB)
...
006 (10467026.002.000) 2026-03-14 16:49:38 Image size of job updated: 2456016
	1990  -  MemoryUsage of job (MB)
	2037676  -  ResidentSetSize of job (KB)
...
006 (10467026.002.000) 2026-03-14 16:54:38 Image size of job updated: 2457040
	1991  -  MemoryUsage of job (MB)
	2038444  -  ResidentSetSize of job (KB)
...
006 (10467026.002.000) 2026-03-14 16:59:39 Image size of job updated: 2458064
	1992  -  MemoryUsage of job (MB)
	2039212  -  ResidentSetSize of job (KB)
...
006 (10467026.002.000) 2026-03-14 17:04:40 Image size of job updated: 2458064
	1992  -  MemoryUsage of job (MB)
	2039724  -  ResidentSetSize of job (KB)
...
006 (10467026.002.000) 2026-03-14 17:24:42 Image size of job updated: 2459088
	1993  -  MemoryUsage of job (MB)
	2040236  -  ResidentSetSize of job (KB)
...
006 (10467026.002.000) 2026-03-14 17:29:42 Image size of job updated: 2459088
	1993  -  MemoryUsage of job (MB)
	2040492  -  ResidentSetSize of job (KB)
...
006 (10467026.002.000) 2026-03-14 17:34:43 Image size of job updated: 2460112
	1994  -  MemoryUsage of job (MB)
	2041260  -  ResidentSetSize of job (KB)
...
006 (10467026.002.000) 2026-03-14 17:39:44 Image size of job updated: 2462828
	1997  -  MemoryUsage of job (MB)
	2044588  -  ResidentSetSize of job (KB)
...
006 (10467026.002.000) 2026-03-14 17:59:46 Image size of job updated: 2464648
	1999  -  MemoryUsage of job (MB)
	2046380  -  ResidentSetSize of job (KB)
...
006 (10467026.002.000) 2026-03-14 21:50:08 Image size of job updated: 2465672
	1999  -  MemoryUsage of job (MB)
	2046380  -  ResidentSetSize of job (KB)
...
006 (10467026.002.000) 2026-03-14 23:00:17 Image size of job updated: 2465672
	2000  -  MemoryUsage of job (MB)
	2047148  -  ResidentSetSize of job (KB)
...
006 (10467026.002.000) 2026-03-14 23:05:18 Image size of job updated: 2466696
	2000  -  MemoryUsage of job (MB)
	2047404  -  ResidentSetSize of job (KB)
...
006 (10467026.002.000) 2026-03-14 23:30:20 Image size of job updated: 2466696
	2001  -  MemoryUsage of job (MB)
	2048172  -  ResidentSetSize of job (KB)
...
006 (10467026.002.000) 2026-03-14 23:35:21 Image size of job updated: 2467720
	2001  -  MemoryUsage of job (MB)
	2048428  -  ResidentSetSize of job (KB)
...
006 (10467026.002.000) 2026-03-14 23:45:22 Image size of job updated: 2467720
	2002  -  MemoryUsage of job (MB)
	2049196  -  ResidentSetSize of job (KB)
...
006 (10467026.002.000) 2026-03-14 23:50:22 Image size of job updated: 2468744
	2002  -  MemoryUsage of job (MB)
	2049452  -  ResidentSetSize of job (KB)
...
006 (10467026.002.000) 2026-03-14 23:55:23 Image size of job updated: 2468744
	2003  -  MemoryUsage of job (MB)
	2050220  -  ResidentSetSize of job (KB)
...
006 (10467026.002.000) 2026-03-15 00:05:23 Image size of job updated: 2469768
	2003  -  MemoryUsage of job (MB)
	2050732  -  ResidentSetSize of job (KB)
...
006 (10467026.002.000) 2026-03-15 00:10:24 Image size of job updated: 2470792
	2004  -  MemoryUsage of job (MB)
	2051756  -  ResidentSetSize of job (KB)
...
006 (10467026.002.000) 2026-03-15 00:15:25 Image size of job updated: 2470792
	2004  -  MemoryUsage of job (MB)
	2052012  -  ResidentSetSize of job (KB)
...
006 (10467026.002.000) 2026-03-15 00:25:26 Image size of job updated: 2471816
	2005  -  MemoryUsage of job (MB)
	2052780  -  ResidentSetSize of job (KB)
...
006 (10467026.002.000) 2026-03-15 00:30:27 Image size of job updated: 2472840
	2006  -  MemoryUsage of job (MB)
	2053548  -  ResidentSetSize of job (KB)
...
006 (10467026.002.000) 2026-03-15 00:35:27 Image size of job updated: 2472840
	2006  -  MemoryUsage of job (MB)
	2053804  -  ResidentSetSize of job (KB)
...
006 (10467026.002.000) 2026-03-15 00:45:28 Image size of job updated: 2472840
	2006  -  MemoryUsage of job (MB)
	2054060  -  ResidentSetSize of job (KB)
...
006 (10467026.002.000) 2026-03-15 01:00:30 Image size of job updated: 2473864
	2007  -  MemoryUsage of job (MB)
	2054572  -  ResidentSetSize of job (KB)
...
006 (10467026.002.000) 2026-03-15 01:10:31 Image size of job updated: 2474888
	2008  -  MemoryUsage of job (MB)
	2055340  -  ResidentSetSize of job (KB)
...
006 (10467026.002.000) 2026-03-15 01:15:31 Image size of job updated: 2478480
	2012  -  MemoryUsage of job (MB)
	2059408  -  ResidentSetSize of job (KB)
...
006 (10467026.002.000) 2026-03-15 01:35:34 Image size of job updated: 2479464
	2013  -  MemoryUsage of job (MB)
	2060688  -  ResidentSetSize of job (KB)
...
006 (10467026.002.000) 2026-03-15 06:41:06 Image size of job updated: 2480488
	2014  -  MemoryUsage of job (MB)
	2061456  -  ResidentSetSize of job (KB)
...
006 (10467026.002.000) 2026-03-15 06:46:06 Image size of job updated: 2481512
	2014  -  MemoryUsage of job (MB)
	2061712  -  ResidentSetSize of job (KB)
...
006 (10467026.002.000) 2026-03-15 07:06:08 Image size of job updated: 2481512
	2014  -  MemoryUsage of job (MB)
	2062224  -  ResidentSetSize of job (KB)
...
006 (10467026.002.000) 2026-03-15 07:11:09 Image size of job updated: 2482536
	2015  -  MemoryUsage of job (MB)
	2062736  -  ResidentSetSize of job (KB)
...
006 (10467026.002.000) 2026-03-15 07:21:10 Image size of job updated: 2482536
	2015  -  MemoryUsage of job (MB)
	2063248  -  ResidentSetSize of job (KB)
...
006 (10467026.002.000) 2026-03-15 07:26:11 Image size of job updated: 2482536
	2016  -  MemoryUsage of job (MB)
	2063504  -  ResidentSetSize of job (KB)
...
006 (10467026.002.000) 2026-03-15 07:36:11 Image size of job updated: 2483560
	2016  -  MemoryUsage of job (MB)
	2064272  -  ResidentSetSize of job (KB)
...
006 (10467026.002.000) 2026-03-15 07:41:13 Image size of job updated: 2484584
	2017  -  MemoryUsage of job (MB)
	2065296  -  ResidentSetSize of job (KB)
...
006 (10467026.002.000) 2026-03-15 07:46:13 Image size of job updated: 2485608
	2019  -  MemoryUsage of job (MB)
	2066576  -  ResidentSetSize of job (KB)
...
006 (10467026.002.000) 2026-03-15 07:56:14 Image size of job updated: 2486632
	2019  -  MemoryUsage of job (MB)
	2067088  -  ResidentSetSize of job (KB)
...
006 (10467026.002.000) 2026-03-15 08:01:15 Image size of job updated: 2487656
	2020  -  MemoryUsage of job (MB)
	2068112  -  ResidentSetSize of job (KB)
...
006 (10467026.002.000) 2026-03-15 08:06:15 Image size of job updated: 2487656
	2020  -  MemoryUsage of job (MB)
	2068368  -  ResidentSetSize of job (KB)
...
006 (10467026.002.000) 2026-03-15 08:21:17 Image size of job updated: 2487656
	2021  -  MemoryUsage of job (MB)
	2068624  -  ResidentSetSize of job (KB)
...
006 (10467026.002.000) 2026-03-15 08:26:17 Image size of job updated: 2488680
	2021  -  MemoryUsage of job (MB)
	2068880  -  ResidentSetSize of job (KB)
...
006 (10467026.002.000) 2026-03-15 08:31:18 Image size of job updated: 2488680
	2021  -  MemoryUsage of job (MB)
	2069136  -  ResidentSetSize of job (KB)
...
006 (10467026.002.000) 2026-03-15 08:36:18 Image size of job updated: 2489704
	2022  -  MemoryUsage of job (MB)
	2069648  -  ResidentSetSize of job (KB)
...
006 (10467026.002.000) 2026-03-15 08:41:18 Image size of job updated: 2491260
	2023  -  MemoryUsage of job (MB)
	2071440  -  ResidentSetSize of job (KB)
...
006 (10467026.002.000) 2026-03-15 08:46:19 Image size of job updated: 2491408
	2024  -  MemoryUsage of job (MB)
	2071696  -  ResidentSetSize of job (KB)
...
006 (10467026.002.000) 2026-03-15 08:56:20 Image size of job updated: 2491408
	2024  -  MemoryUsage of job (MB)
	2071952  -  ResidentSetSize of job (KB)
...
006 (10467026.002.000) 2026-03-15 09:01:21 Image size of job updated: 2494452
	2027  -  MemoryUsage of job (MB)
	2075024  -  ResidentSetSize of job (KB)
...
006 (10467026.002.000) 2026-03-15 09:11:22 Image size of job updated: 2494452
	2027  -  MemoryUsage of job (MB)
	2075280  -  ResidentSetSize of job (KB)
...
006 (10467026.002.000) 2026-03-15 09:16:22 Image size of job updated: 2495360
	2028  -  MemoryUsage of job (MB)
	2076048  -  ResidentSetSize of job (KB)
...
004 (10467026.002.000) 2026-03-15 10:37:02 Job was evicted.
	(0) CPU times
		Usr 1 18:34:56, Sys 0 01:01:28  -  Run Remote Usage
		Usr 0 00:00:00, Sys 0 00:00:00  -  Run Local Usage
	0  -  Run Bytes Sent By Job
	0  -  Run Bytes Received By Job
	Partitionable Resources :    Usage  Request Allocated 
	   Cpus                 :     1.00        4         4 
	   Disk (KB)            :  7500     5242880   7738299 
	   Memory (MB)          :  2028       16384     16384 
...
009 (10467026.002.000) 2026-03-15 10:37:02 Job was aborted.
	via condor_rm (by user fkarateke)
...
