000 (10467026.001.000) 2026-03-13 16:16:52 Job submitted from host: <10.0.8.14:9618?addrs=10.0.8.14-9618&alias=head2.htc.inm7.de&noUDP&sock=schedd_1212952_c2ee>
...
001 (10467026.001.000) 2026-03-13 16:16:59 Job executing on host: <10.0.9.29:9618?addrs=10.0.9.29-9618&alias=cpu29.htc.inm7.de&noUDP&sock=startd_3130_7f85>
...
006 (10467026.001.000) 2026-03-13 16:17:08 Image size of job updated: 22836
	6  -  MemoryUsage of job (MB)
	5520  -  ResidentSetSize of job (KB)
...
006 (10467026.001.000) 2026-03-13 16:22:09 Image size of job updated: 2309164
	1892  -  MemoryUsage of job (MB)
	1936596  -  ResidentSetSize of job (KB)
...
006 (10467026.001.000) 2026-03-13 16:27:09 Image size of job updated: 2393588
	1921  -  MemoryUsage of job (MB)
	1966184  -  ResidentSetSize of job (KB)
...
006 (10467026.001.000) 2026-03-13 16:32:09 Image size of job updated: 2393588
	1921  -  MemoryUsage of job (MB)
	1966440  -  ResidentSetSize of job (KB)
...
006 (10467026.001.000) 2026-03-13 16:42:11 Image size of job updated: 2394612
	1921  -  MemoryUsage of job (MB)
	1966952  -  ResidentSetSize of job (KB)
...
006 (10467026.001.000) 2026-03-13 16:47:11 Image size of job updated: 2395636
	1922  -  MemoryUsage of job (MB)
	1967720  -  ResidentSetSize of job (KB)
...
006 (10467026.001.000) 2026-03-13 16:52:12 Image size of job updated: 2396660
	1923  -  MemoryUsage of job (MB)
	1968744  -  ResidentSetSize of job (KB)
...
006 (10467026.001.000) 2026-03-13 16:57:13 Image size of job updated: 2397684
	1924  -  MemoryUsage of job (MB)
	1969768  -  ResidentSetSize of job (KB)
...
006 (10467026.001.000) 2026-03-13 17:02:13 Image size of job updated: 2397684
	1925  -  MemoryUsage of job (MB)
	1970536  -  ResidentSetSize of job (KB)
...
006 (10467026.001.000) 2026-03-13 17:12:14 Image size of job updated: 2398708
	1926  -  MemoryUsage of job (MB)
	1971304  -  ResidentSetSize of job (KB)
...
006 (10467026.001.000) 2026-03-13 17:17:15 Image size of job updated: 2398708
	1926  -  MemoryUsage of job (MB)
	1972072  -  ResidentSetSize of job (KB)
...
006 (10467026.001.000) 2026-03-13 17:22:15 Image size of job updated: 2398708
	1929  -  MemoryUsage of job (MB)
	1974632  -  ResidentSetSize of job (KB)
...
006 (10467026.001.000) 2026-03-13 17:27:15 Image size of job updated: 2399732
	1929  -  MemoryUsage of job (MB)
	1975144  -  ResidentSetSize of job (KB)
...
006 (10467026.001.000) 2026-03-13 17:32:16 Image size of job updated: 2400756
	1930  -  MemoryUsage of job (MB)
	1975912  -  ResidentSetSize of job (KB)
...
006 (10467026.001.000) 2026-03-13 17:37:17 Image size of job updated: 2400756
	1930  -  MemoryUsage of job (MB)
	1976168  -  ResidentSetSize of job (KB)
...
006 (10467026.001.000) 2026-03-13 17:42:17 Image size of job updated: 2413680
	1943  -  MemoryUsage of job (MB)
	1989064  -  ResidentSetSize of job (KB)
...
006 (10467026.001.000) 2026-03-13 17:47:18 Image size of job updated: 2413680
	1943  -  MemoryUsage of job (MB)
	1989320  -  ResidentSetSize of job (KB)
...
006 (10467026.001.000) 2026-03-13 21:02:37 Image size of job updated: 2413680
	1943  -  MemoryUsage of job (MB)
	1989576  -  ResidentSetSize of job (KB)
...
006 (10467026.001.000) 2026-03-13 23:12:51 Image size of job updated: 2428536
	1957  -  MemoryUsage of job (MB)
	2003852  -  ResidentSetSize of job (KB)
...
006 (10467026.001.000) 2026-03-14 01:03:02 Image size of job updated: 2428536
	1958  -  MemoryUsage of job (MB)
	2004108  -  ResidentSetSize of job (KB)
...
006 (10467026.001.000) 2026-03-14 02:58:14 Image size of job updated: 2429560
	1959  -  MemoryUsage of job (MB)
	2005132  -  ResidentSetSize of job (KB)
...
006 (10467026.001.000) 2026-03-14 03:13:16 Image size of job updated: 2430584
	1959  -  MemoryUsage of job (MB)
	2005900  -  ResidentSetSize of job (KB)
...
006 (10467026.001.000) 2026-03-14 03:18:16 Image size of job updated: 2431608
	1961  -  MemoryUsage of job (MB)
	2007180  -  ResidentSetSize of job (KB)
...
006 (10467026.001.000) 2026-03-14 03:23:17 Image size of job updated: 2432632
	1961  -  MemoryUsage of job (MB)
	2007436  -  ResidentSetSize of job (KB)
...
006 (10467026.001.000) 2026-03-14 03:28:17 Image size of job updated: 2433656
	1962  -  MemoryUsage of job (MB)
	2008460  -  ResidentSetSize of job (KB)
...
006 (10467026.001.000) 2026-03-14 03:43:19 Image size of job updated: 2433656
	1963  -  MemoryUsage of job (MB)
	2009228  -  ResidentSetSize of job (KB)
...
006 (10467026.001.000) 2026-03-14 03:48:19 Image size of job updated: 2434680
	1963  -  MemoryUsage of job (MB)
	2009740  -  ResidentSetSize of job (KB)
...
006 (10467026.001.000) 2026-03-14 03:53:19 Image size of job updated: 2434680
	1963  -  MemoryUsage of job (MB)
	2009996  -  ResidentSetSize of job (KB)
...
006 (10467026.001.000) 2026-03-14 04:03:20 Image size of job updated: 2436728
	1965  -  MemoryUsage of job (MB)
	2011276  -  ResidentSetSize of job (KB)
...
006 (10467026.001.000) 2026-03-14 04:08:20 Image size of job updated: 2436728
	1965  -  MemoryUsage of job (MB)
	2011532  -  ResidentSetSize of job (KB)
...
006 (10467026.001.000) 2026-03-14 04:18:22 Image size of job updated: 2437752
	1966  -  MemoryUsage of job (MB)
	2012300  -  ResidentSetSize of job (KB)
...
006 (10467026.001.000) 2026-03-14 04:23:22 Image size of job updated: 2437752
	1966  -  MemoryUsage of job (MB)
	2012556  -  ResidentSetSize of job (KB)
...
006 (10467026.001.000) 2026-03-14 04:53:25 Image size of job updated: 2437752
	1966  -  MemoryUsage of job (MB)
	2013068  -  ResidentSetSize of job (KB)
...
006 (10467026.001.000) 2026-03-14 08:13:46 Image size of job updated: 2438776
	1967  -  MemoryUsage of job (MB)
	2013580  -  ResidentSetSize of job (KB)
...
006 (10467026.001.000) 2026-03-14 08:23:46 Image size of job updated: 2439800
	1968  -  MemoryUsage of job (MB)
	2014348  -  ResidentSetSize of job (KB)
...
006 (10467026.001.000) 2026-03-14 08:28:47 Image size of job updated: 2439800
	1968  -  MemoryUsage of job (MB)
	2015116  -  ResidentSetSize of job (KB)
...
006 (10467026.001.000) 2026-03-14 08:33:47 Image size of job updated: 2440824
	1969  -  MemoryUsage of job (MB)
	2015884  -  ResidentSetSize of job (KB)
...
006 (10467026.001.000) 2026-03-14 08:38:47 Image size of job updated: 2441848
	1969  -  MemoryUsage of job (MB)
	2016140  -  ResidentSetSize of job (KB)
...
006 (10467026.001.000) 2026-03-14 08:43:48 Image size of job updated: 2441848
	1970  -  MemoryUsage of job (MB)
	2017164  -  ResidentSetSize of job (KB)
...
006 (10467026.001.000) 2026-03-14 08:53:49 Image size of job updated: 2442872
	1971  -  MemoryUsage of job (MB)
	2017932  -  ResidentSetSize of job (KB)
...
006 (10467026.001.000) 2026-03-14 09:03:50 Image size of job updated: 2443896
	1972  -  MemoryUsage of job (MB)
	2018700  -  ResidentSetSize of job (KB)
...
006 (10467026.001.000) 2026-03-14 09:13:50 Image size of job updated: 2444920
	1973  -  MemoryUsage of job (MB)
	2019980  -  ResidentSetSize of job (KB)
...
006 (10467026.001.000) 2026-03-14 09:18:51 Image size of job updated: 2445944
	1974  -  MemoryUsage of job (MB)
	2020492  -  ResidentSetSize of job (KB)
...
006 (10467026.001.000) 2026-03-14 09:28:52 Image size of job updated: 2445944
	1974  -  MemoryUsage of job (MB)
	2021004  -  ResidentSetSize of job (KB)
...
006 (10467026.001.000) 2026-03-14 09:33:53 Image size of job updated: 2446968
	1975  -  MemoryUsage of job (MB)
	2021516  -  ResidentSetSize of job (KB)
...
006 (10467026.001.000) 2026-03-14 09:53:56 Image size of job updated: 2447616
	1975  -  MemoryUsage of job (MB)
	2022028  -  ResidentSetSize of job (KB)
...
006 (10467026.001.000) 2026-03-14 09:58:56 Image size of job updated: 2447616
	1975  -  MemoryUsage of job (MB)
	2022284  -  ResidentSetSize of job (KB)
...
006 (10467026.001.000) 2026-03-14 13:14:17 Image size of job updated: 2448640
	1976  -  MemoryUsage of job (MB)
	2023052  -  ResidentSetSize of job (KB)
...
006 (10467026.001.000) 2026-03-14 13:19:18 Image size of job updated: 2448640
	1976  -  MemoryUsage of job (MB)
	2023308  -  ResidentSetSize of job (KB)
...
006 (10467026.001.000) 2026-03-14 13:24:18 Image size of job updated: 2448640
	1977  -  MemoryUsage of job (MB)
	2023820  -  ResidentSetSize of job (KB)
...
006 (10467026.001.000) 2026-03-14 13:29:18 Image size of job updated: 2453792
	1981  -  MemoryUsage of job (MB)
	2028428  -  ResidentSetSize of job (KB)
...
006 (10467026.001.000) 2026-03-14 13:34:20 Image size of job updated: 2453792
	1982  -  MemoryUsage of job (MB)
	2029196  -  ResidentSetSize of job (KB)
...
006 (10467026.001.000) 2026-03-14 13:39:20 Image size of job updated: 2454816
	1983  -  MemoryUsage of job (MB)
	2029964  -  ResidentSetSize of job (KB)
...
006 (10467026.001.000) 2026-03-14 13:44:20 Image size of job updated: 2455840
	1983  -  MemoryUsage of job (MB)
	2030220  -  ResidentSetSize of job (KB)
...
006 (10467026.001.000) 2026-03-14 13:49:21 Image size of job updated: 2455840
	1984  -  MemoryUsage of job (MB)
	2030732  -  ResidentSetSize of job (KB)
...
006 (10467026.001.000) 2026-03-14 13:59:22 Image size of job updated: 2456864
	1984  -  MemoryUsage of job (MB)
	2031500  -  ResidentSetSize of job (KB)
...
006 (10467026.001.000) 2026-03-14 14:09:23 Image size of job updated: 2457888
	1985  -  MemoryUsage of job (MB)
	2032268  -  ResidentSetSize of job (KB)
...
006 (10467026.001.000) 2026-03-14 14:19:23 Image size of job updated: 2458912
	1986  -  MemoryUsage of job (MB)
	2033548  -  ResidentSetSize of job (KB)
...
006 (10467026.001.000) 2026-03-14 14:24:24 Image size of job updated: 2458912
	1987  -  MemoryUsage of job (MB)
	2034060  -  ResidentSetSize of job (KB)
...
006 (10467026.001.000) 2026-03-14 14:34:25 Image size of job updated: 2464664
	1992  -  MemoryUsage of job (MB)
	2039752  -  ResidentSetSize of job (KB)
...
006 (10467026.001.000) 2026-03-14 15:19:30 Image size of job updated: 2464664
	1993  -  MemoryUsage of job (MB)
	2040008  -  ResidentSetSize of job (KB)
...
006 (10467026.001.000) 2026-03-14 15:34:31 Image size of job updated: 2469456
	1997  -  MemoryUsage of job (MB)
	2044692  -  ResidentSetSize of job (KB)
...
006 (10467026.001.000) 2026-03-14 16:34:37 Image size of job updated: 2470480
	1997  -  MemoryUsage of job (MB)
	2044692  -  ResidentSetSize of job (KB)
...
006 (10467026.001.000) 2026-03-14 16:59:40 Image size of job updated: 2470480
	1998  -  MemoryUsage of job (MB)
	2045716  -  ResidentSetSize of job (KB)
...
006 (10467026.001.000) 2026-03-14 18:34:50 Image size of job updated: 2471504
	1998  -  MemoryUsage of job (MB)
	2045716  -  ResidentSetSize of job (KB)
...
006 (10467026.001.000) 2026-03-14 18:44:51 Image size of job updated: 2471504
	1999  -  MemoryUsage of job (MB)
	2046484  -  ResidentSetSize of job (KB)
...
006 (10467026.001.000) 2026-03-14 18:49:52 Image size of job updated: 2472528
	2000  -  MemoryUsage of job (MB)
	2047252  -  ResidentSetSize of job (KB)
...
006 (10467026.001.000) 2026-03-14 18:54:52 Image size of job updated: 2473552
	2001  -  MemoryUsage of job (MB)
	2048020  -  ResidentSetSize of job (KB)
...
006 (10467026.001.000) 2026-03-14 18:59:53 Image size of job updated: 2474576
	2001  -  MemoryUsage of job (MB)
	2048788  -  ResidentSetSize of job (KB)
...
006 (10467026.001.000) 2026-03-14 19:04:54 Image size of job updated: 2474576
	2002  -  MemoryUsage of job (MB)
	2049300  -  ResidentSetSize of job (KB)
...
006 (10467026.001.000) 2026-03-14 19:14:54 Image size of job updated: 2475600
	2003  -  MemoryUsage of job (MB)
	2050068  -  ResidentSetSize of job (KB)
...
006 (10467026.001.000) 2026-03-14 19:24:56 Image size of job updated: 2476624
	2003  -  MemoryUsage of job (MB)
	2050836  -  ResidentSetSize of job (KB)
...
006 (10467026.001.000) 2026-03-14 19:34:57 Image size of job updated: 2477648
	2005  -  MemoryUsage of job (MB)
	2052372  -  ResidentSetSize of job (KB)
...
006 (10467026.001.000) 2026-03-14 19:39:58 Image size of job updated: 2477648
	2005  -  MemoryUsage of job (MB)
	2052628  -  ResidentSetSize of job (KB)
...
006 (10467026.001.000) 2026-03-14 19:44:58 Image size of job updated: 2478672
	2006  -  MemoryUsage of job (MB)
	2053140  -  ResidentSetSize of job (KB)
...
006 (10467026.001.000) 2026-03-14 19:49:58 Image size of job updated: 2478672
	2006  -  MemoryUsage of job (MB)
	2053652  -  ResidentSetSize of job (KB)
...
005 (10467026.001.000) 2026-03-14 23:30:58 Job terminated.
	(1) Normal termination (return value 0)
		Usr 1 07:31:01, Sys 0 01:11:36  -  Run Remote Usage
		Usr 0 00:00:00, Sys 0 00:00:00  -  Run Local Usage
		Usr 1 07:31:01, Sys 0 01:11:36  -  Total Remote Usage
		Usr 0 00:00:00, Sys 0 00:00:00  -  Total Local Usage
	0  -  Run Bytes Sent By Job
	0  -  Run Bytes Received By Job
	0  -  Total Bytes Sent By Job
	0  -  Total Bytes Received By Job
	Partitionable Resources :    Usage  Request Allocated 
	   Cpus                 :     1.00        4         4 
	   Disk (KB)            :  7500     5242880   7738218 
	   Memory (MB)          :  2006       16384     16384 

	Job terminated of its own accord at 2026-03-14T22:30:58Z with exit-code 0.
...
