000 (10467026.004.000) 2026-03-13 16:16:52 Job submitted from host: <10.0.8.14:9618?addrs=10.0.8.14-9618&alias=head2.htc.inm7.de&noUDP&sock=schedd_1212952_c2ee>
...
001 (10467026.004.000) 2026-03-13 16:16:59 Job executing on host: <10.0.9.29:9618?addrs=10.0.9.29-9618&alias=cpu29.htc.inm7.de&noUDP&sock=startd_3130_7f85>
...
006 (10467026.004.000) 2026-03-13 16:17:08 Image size of job updated: 7500
	6  -  MemoryUsage of job (MB)
	5432  -  ResidentSetSize of job (KB)
...
006 (10467026.004.000) 2026-03-13 16:22:09 Image size of job updated: 2276748
	1858  -  MemoryUsage of job (MB)
	1902204  -  ResidentSetSize of job (KB)
...
006 (10467026.004.000) 2026-03-13 16:27:09 Image size of job updated: 2316044
	1898  -  MemoryUsage of job (MB)
	1942952  -  ResidentSetSize of job (KB)
...
006 (10467026.004.000) 2026-03-13 16:37:11 Image size of job updated: 2402760
	1930  -  MemoryUsage of job (MB)
	1975556  -  ResidentSetSize of job (KB)
...
006 (10467026.004.000) 2026-03-13 16:42:11 Image size of job updated: 2402760
	1931  -  MemoryUsage of job (MB)
	1976324  -  ResidentSetSize of job (KB)
...
006 (10467026.004.000) 2026-03-13 16:47:11 Image size of job updated: 2403784
	1932  -  MemoryUsage of job (MB)
	1977348  -  ResidentSetSize of job (KB)
...
006 (10467026.004.000) 2026-03-13 16:52:12 Image size of job updated: 2404808
	1932  -  MemoryUsage of job (MB)
	1977604  -  ResidentSetSize of job (KB)
...
006 (10467026.004.000) 2026-03-13 17:02:12 Image size of job updated: 2404808
	1934  -  MemoryUsage of job (MB)
	1979652  -  ResidentSetSize of job (KB)
...
006 (10467026.004.000) 2026-03-13 17:12:14 Image size of job updated: 2404808
	1941  -  MemoryUsage of job (MB)
	1986624  -  ResidentSetSize of job (KB)
...
006 (10467026.004.000) 2026-03-13 17:17:14 Image size of job updated: 2405832
	1941  -  MemoryUsage of job (MB)
	1986880  -  ResidentSetSize of job (KB)
...
006 (10467026.004.000) 2026-03-13 17:22:15 Image size of job updated: 2405832
	1942  -  MemoryUsage of job (MB)
	1987648  -  ResidentSetSize of job (KB)
...
006 (10467026.004.000) 2026-03-13 17:27:16 Image size of job updated: 2406856
	1942  -  MemoryUsage of job (MB)
	1988416  -  ResidentSetSize of job (KB)
...
006 (10467026.004.000) 2026-03-13 17:37:16 Image size of job updated: 2407880
	1943  -  MemoryUsage of job (MB)
	1989440  -  ResidentSetSize of job (KB)
...
006 (10467026.004.000) 2026-03-13 17:42:17 Image size of job updated: 2407880
	1944  -  MemoryUsage of job (MB)
	1989696  -  ResidentSetSize of job (KB)
...
006 (10467026.004.000) 2026-03-13 17:47:18 Image size of job updated: 2408904
	1944  -  MemoryUsage of job (MB)
	1990464  -  ResidentSetSize of job (KB)
...
006 (10467026.004.000) 2026-03-13 17:52:18 Image size of job updated: 2408904
	1945  -  MemoryUsage of job (MB)
	1990720  -  ResidentSetSize of job (KB)
...
006 (10467026.004.000) 2026-03-13 18:07:19 Image size of job updated: 2409928
	1945  -  MemoryUsage of job (MB)
	1991488  -  ResidentSetSize of job (KB)
...
006 (10467026.004.000) 2026-03-13 18:12:19 Image size of job updated: 2411876
	1947  -  MemoryUsage of job (MB)
	1993536  -  ResidentSetSize of job (KB)
...
006 (10467026.004.000) 2026-03-13 18:37:22 Image size of job updated: 2412900
	1948  -  MemoryUsage of job (MB)
	1994304  -  ResidentSetSize of job (KB)
...
006 (10467026.004.000) 2026-03-13 18:42:22 Image size of job updated: 2413924
	1949  -  MemoryUsage of job (MB)
	1995328  -  ResidentSetSize of job (KB)
...
006 (10467026.004.000) 2026-03-13 18:47:22 Image size of job updated: 2425404
	1960  -  MemoryUsage of job (MB)
	2007024  -  ResidentSetSize of job (KB)
...
006 (10467026.004.000) 2026-03-13 18:52:22 Image size of job updated: 2425404
	1961  -  MemoryUsage of job (MB)
	2007280  -  ResidentSetSize of job (KB)
...
006 (10467026.004.000) 2026-03-13 20:17:31 Image size of job updated: 2426428
	1961  -  MemoryUsage of job (MB)
	2007280  -  ResidentSetSize of job (KB)
...
006 (10467026.004.000) 2026-03-13 23:27:50 Image size of job updated: 2427728
	1962  -  MemoryUsage of job (MB)
	2008560  -  ResidentSetSize of job (KB)
...
006 (10467026.004.000) 2026-03-14 02:58:12 Image size of job updated: 2431920
	1966  -  MemoryUsage of job (MB)
	2013004  -  ResidentSetSize of job (KB)
...
006 (10467026.004.000) 2026-03-14 03:03:12 Image size of job updated: 2431920
	1967  -  MemoryUsage of job (MB)
	2013260  -  ResidentSetSize of job (KB)
...
006 (10467026.004.000) 2026-03-14 03:08:13 Image size of job updated: 2432052
	1967  -  MemoryUsage of job (MB)
	2013260  -  ResidentSetSize of job (KB)
...
006 (10467026.004.000) 2026-03-14 03:13:13 Image size of job updated: 2432052
	1967  -  MemoryUsage of job (MB)
	2013516  -  ResidentSetSize of job (KB)
...
006 (10467026.004.000) 2026-03-14 04:08:19 Image size of job updated: 2432192
	1967  -  MemoryUsage of job (MB)
	2013516  -  ResidentSetSize of job (KB)
...
006 (10467026.004.000) 2026-03-14 04:23:21 Image size of job updated: 2432192
	1967  -  MemoryUsage of job (MB)
	2013772  -  ResidentSetSize of job (KB)
...
006 (10467026.004.000) 2026-03-14 07:03:36 Image size of job updated: 2435236
	1970  -  MemoryUsage of job (MB)
	2016844  -  ResidentSetSize of job (KB)
...
006 (10467026.004.000) 2026-03-14 07:38:39 Image size of job updated: 2442576
	1977  -  MemoryUsage of job (MB)
	2024216  -  ResidentSetSize of job (KB)
...
006 (10467026.004.000) 2026-03-14 08:23:44 Image size of job updated: 2443600
	1978  -  MemoryUsage of job (MB)
	2024472  -  ResidentSetSize of job (KB)
...
006 (10467026.004.000) 2026-03-14 08:33:45 Image size of job updated: 2443600
	1978  -  MemoryUsage of job (MB)
	2024984  -  ResidentSetSize of job (KB)
...
006 (10467026.004.000) 2026-03-14 08:38:45 Image size of job updated: 2444624
	1979  -  MemoryUsage of job (MB)
	2026008  -  ResidentSetSize of job (KB)
...
006 (10467026.004.000) 2026-03-14 08:43:45 Image size of job updated: 2444624
	1979  -  MemoryUsage of job (MB)
	2026264  -  ResidentSetSize of job (KB)
...
006 (10467026.004.000) 2026-03-14 08:58:46 Image size of job updated: 2445648
	1980  -  MemoryUsage of job (MB)
	2027032  -  ResidentSetSize of job (KB)
...
006 (10467026.004.000) 2026-03-14 09:03:47 Image size of job updated: 2445648
	1980  -  MemoryUsage of job (MB)
	2027288  -  ResidentSetSize of job (KB)
...
006 (10467026.004.000) 2026-03-14 09:13:48 Image size of job updated: 2446672
	1981  -  MemoryUsage of job (MB)
	2027800  -  ResidentSetSize of job (KB)
...
006 (10467026.004.000) 2026-03-14 09:18:49 Image size of job updated: 2447696
	1982  -  MemoryUsage of job (MB)
	2028824  -  ResidentSetSize of job (KB)
...
006 (10467026.004.000) 2026-03-14 09:23:50 Image size of job updated: 2447696
	1982  -  MemoryUsage of job (MB)
	2029080  -  ResidentSetSize of job (KB)
...
006 (10467026.004.000) 2026-03-14 09:28:50 Image size of job updated: 2448720
	1983  -  MemoryUsage of job (MB)
	2029848  -  ResidentSetSize of job (KB)
...
006 (10467026.004.000) 2026-03-14 09:38:51 Image size of job updated: 2449744
	1984  -  MemoryUsage of job (MB)
	2030616  -  ResidentSetSize of job (KB)
...
006 (10467026.004.000) 2026-03-14 09:43:51 Image size of job updated: 2449744
	1984  -  MemoryUsage of job (MB)
	2031128  -  ResidentSetSize of job (KB)
...
006 (10467026.004.000) 2026-03-14 09:53:52 Image size of job updated: 2450768
	1985  -  MemoryUsage of job (MB)
	2031640  -  ResidentSetSize of job (KB)
...
006 (10467026.004.000) 2026-03-14 10:03:53 Image size of job updated: 2450768
	1985  -  MemoryUsage of job (MB)
	2031896  -  ResidentSetSize of job (KB)
...
006 (10467026.004.000) 2026-03-14 10:08:54 Image size of job updated: 2450768
	1985  -  MemoryUsage of job (MB)
	2032408  -  ResidentSetSize of job (KB)
...
006 (10467026.004.000) 2026-03-14 10:18:55 Image size of job updated: 2451792
	1986  -  MemoryUsage of job (MB)
	2032664  -  ResidentSetSize of job (KB)
...
006 (10467026.004.000) 2026-03-14 10:28:56 Image size of job updated: 2452816
	1987  -  MemoryUsage of job (MB)
	2033688  -  ResidentSetSize of job (KB)
...
006 (10467026.004.000) 2026-03-14 10:33:56 Image size of job updated: 2452816
	1987  -  MemoryUsage of job (MB)
	2033944  -  ResidentSetSize of job (KB)
...
006 (10467026.004.000) 2026-03-14 10:38:56 Image size of job updated: 2452816
	1987  -  MemoryUsage of job (MB)
	2034200  -  ResidentSetSize of job (KB)
...
006 (10467026.004.000) 2026-03-14 10:58:58 Image size of job updated: 2452816
	1987  -  MemoryUsage of job (MB)
	2034456  -  ResidentSetSize of job (KB)
...
006 (10467026.004.000) 2026-03-14 15:59:31 Image size of job updated: 2453840
	1987  -  MemoryUsage of job (MB)
	2034456  -  ResidentSetSize of job (KB)
...
006 (10467026.004.000) 2026-03-14 16:04:31 Image size of job updated: 2453840
	1988  -  MemoryUsage of job (MB)
	2034968  -  ResidentSetSize of job (KB)
...
006 (10467026.004.000) 2026-03-14 16:09:33 Image size of job updated: 2454864
	1989  -  MemoryUsage of job (MB)
	2035992  -  ResidentSetSize of job (KB)
...
006 (10467026.004.000) 2026-03-14 16:19:33 Image size of job updated: 2454864
	1989  -  MemoryUsage of job (MB)
	2036248  -  ResidentSetSize of job (KB)
...
006 (10467026.004.000) 2026-03-14 16:34:35 Image size of job updated: 2455888
	1990  -  MemoryUsage of job (MB)
	2036760  -  ResidentSetSize of job (KB)
...
006 (10467026.004.000) 2026-03-14 16:44:37 Image size of job updated: 2455888
	1990  -  MemoryUsage of job (MB)
	2037016  -  ResidentSetSize of job (KB)
...
006 (10467026.004.000) 2026-03-14 16:49:37 Image size of job updated: 2456912
	1990  -  MemoryUsage of job (MB)
	2037528  -  ResidentSetSize of job (KB)
...
006 (10467026.004.000) 2026-03-14 16:54:37 Image size of job updated: 2457936
	1991  -  MemoryUsage of job (MB)
	2038552  -  ResidentSetSize of job (KB)
...
006 (10467026.004.000) 2026-03-14 16:59:38 Image size of job updated: 2457936
	1992  -  MemoryUsage of job (MB)
	2038808  -  ResidentSetSize of job (KB)
...
006 (10467026.004.000) 2026-03-14 17:09:39 Image size of job updated: 2458960
	1992  -  MemoryUsage of job (MB)
	2039576  -  ResidentSetSize of job (KB)
...
006 (10467026.004.000) 2026-03-14 17:14:40 Image size of job updated: 2458960
	1993  -  MemoryUsage of job (MB)
	2039832  -  ResidentSetSize of job (KB)
...
006 (10467026.004.000) 2026-03-14 17:19:41 Image size of job updated: 2459984
	1993  -  MemoryUsage of job (MB)
	2040344  -  ResidentSetSize of job (KB)
...
006 (10467026.004.000) 2026-03-14 17:24:41 Image size of job updated: 2459984
	1994  -  MemoryUsage of job (MB)
	2040856  -  ResidentSetSize of job (KB)
...
006 (10467026.004.000) 2026-03-14 17:34:42 Image size of job updated: 2461008
	1994  -  MemoryUsage of job (MB)
	2041368  -  ResidentSetSize of job (KB)
...
006 (10467026.004.000) 2026-03-14 17:39:42 Image size of job updated: 2461008
	1994  -  MemoryUsage of job (MB)
	2041624  -  ResidentSetSize of job (KB)
...
006 (10467026.004.000) 2026-03-14 17:54:44 Image size of job updated: 2461008
	1995  -  MemoryUsage of job (MB)
	2042392  -  ResidentSetSize of job (KB)
...
006 (10467026.004.000) 2026-03-14 18:04:44 Image size of job updated: 2462032
	1996  -  MemoryUsage of job (MB)
	2043160  -  ResidentSetSize of job (KB)
...
006 (10467026.004.000) 2026-03-14 18:09:45 Image size of job updated: 2463056
	1996  -  MemoryUsage of job (MB)
	2043672  -  ResidentSetSize of job (KB)
...
006 (10467026.004.000) 2026-03-14 18:19:45 Image size of job updated: 2463056
	1997  -  MemoryUsage of job (MB)
	2043928  -  ResidentSetSize of job (KB)
...
006 (10467026.004.000) 2026-03-14 18:24:46 Image size of job updated: 2463056
	1997  -  MemoryUsage of job (MB)
	2044440  -  ResidentSetSize of job (KB)
...
006 (10467026.004.000) 2026-03-14 22:30:12 Image size of job updated: 2464700
	1999  -  MemoryUsage of job (MB)
	2045976  -  ResidentSetSize of job (KB)
...
006 (10467026.004.000) 2026-03-14 23:50:21 Image size of job updated: 2465724
	1999  -  MemoryUsage of job (MB)
	2046488  -  ResidentSetSize of job (KB)
...
006 (10467026.004.000) 2026-03-14 23:55:22 Image size of job updated: 2466748
	2000  -  MemoryUsage of job (MB)
	2047256  -  ResidentSetSize of job (KB)
...
006 (10467026.004.000) 2026-03-15 00:00:22 Image size of job updated: 2466748
	2000  -  MemoryUsage of job (MB)
	2047512  -  ResidentSetSize of job (KB)
...
006 (10467026.004.000) 2026-03-15 00:15:23 Image size of job updated: 2467772
	2001  -  MemoryUsage of job (MB)
	2048024  -  ResidentSetSize of job (KB)
...
006 (10467026.004.000) 2026-03-15 00:25:24 Image size of job updated: 2467772
	2001  -  MemoryUsage of job (MB)
	2048536  -  ResidentSetSize of job (KB)
...
006 (10467026.004.000) 2026-03-15 00:30:25 Image size of job updated: 2468796
	2002  -  MemoryUsage of job (MB)
	2049048  -  ResidentSetSize of job (KB)
...
006 (10467026.004.000) 2026-03-15 00:35:25 Image size of job updated: 2469820
	2003  -  MemoryUsage of job (MB)
	2050072  -  ResidentSetSize of job (KB)
...
006 (10467026.004.000) 2026-03-15 00:40:25 Image size of job updated: 2469820
	2003  -  MemoryUsage of job (MB)
	2050328  -  ResidentSetSize of job (KB)
...
006 (10467026.004.000) 2026-03-15 00:50:27 Image size of job updated: 2470844
	2003  -  MemoryUsage of job (MB)
	2050840  -  ResidentSetSize of job (KB)
...
006 (10467026.004.000) 2026-03-15 00:55:27 Image size of job updated: 2470844
	2004  -  MemoryUsage of job (MB)
	2051352  -  ResidentSetSize of job (KB)
...
006 (10467026.004.000) 2026-03-15 01:00:28 Image size of job updated: 2470844
	2004  -  MemoryUsage of job (MB)
	2051864  -  ResidentSetSize of job (KB)
...
006 (10467026.004.000) 2026-03-15 01:05:29 Image size of job updated: 2471868
	2005  -  MemoryUsage of job (MB)
	2052120  -  ResidentSetSize of job (KB)
...
006 (10467026.004.000) 2026-03-15 01:15:29 Image size of job updated: 2471868
	2005  -  MemoryUsage of job (MB)
	2052888  -  ResidentSetSize of job (KB)
...
006 (10467026.004.000) 2026-03-15 01:20:30 Image size of job updated: 2472892
	2006  -  MemoryUsage of job (MB)
	2053144  -  ResidentSetSize of job (KB)
...
006 (10467026.004.000) 2026-03-15 01:35:31 Image size of job updated: 2472892
	2006  -  MemoryUsage of job (MB)
	2053912  -  ResidentSetSize of job (KB)
...
006 (10467026.004.000) 2026-03-15 01:45:32 Image size of job updated: 2473916
	2007  -  MemoryUsage of job (MB)
	2054680  -  ResidentSetSize of job (KB)
...
006 (10467026.004.000) 2026-03-15 01:55:33 Image size of job updated: 2478464
	2011  -  MemoryUsage of job (MB)
	2058520  -  ResidentSetSize of job (KB)
...
006 (10467026.004.000) 2026-03-15 02:00:34 Image size of job updated: 2478464
	2012  -  MemoryUsage of job (MB)
	2059544  -  ResidentSetSize of job (KB)
...
006 (10467026.004.000) 2026-03-15 06:11:00 Image size of job updated: 2479504
	2013  -  MemoryUsage of job (MB)
	2060568  -  ResidentSetSize of job (KB)
...
006 (10467026.004.000) 2026-03-15 07:36:08 Image size of job updated: 2480528
	2013  -  MemoryUsage of job (MB)
	2060824  -  ResidentSetSize of job (KB)
...
006 (10467026.004.000) 2026-03-15 07:41:09 Image size of job updated: 2481552
	2014  -  MemoryUsage of job (MB)
	2061848  -  ResidentSetSize of job (KB)
...
006 (10467026.004.000) 2026-03-15 07:46:09 Image size of job updated: 2481552
	2014  -  MemoryUsage of job (MB)
	2062104  -  ResidentSetSize of job (KB)
...
006 (10467026.004.000) 2026-03-15 08:01:11 Image size of job updated: 2482576
	2015  -  MemoryUsage of job (MB)
	2062616  -  ResidentSetSize of job (KB)
...
006 (10467026.004.000) 2026-03-15 08:06:11 Image size of job updated: 2482576
	2015  -  MemoryUsage of job (MB)
	2063128  -  ResidentSetSize of job (KB)
...
006 (10467026.004.000) 2026-03-15 08:16:13 Image size of job updated: 2483600
	2016  -  MemoryUsage of job (MB)
	2063640  -  ResidentSetSize of job (KB)
...
006 (10467026.004.000) 2026-03-15 08:21:13 Image size of job updated: 2483600
	2017  -  MemoryUsage of job (MB)
	2064664  -  ResidentSetSize of job (KB)
...
006 (10467026.004.000) 2026-03-15 08:26:14 Image size of job updated: 2484624
	2017  -  MemoryUsage of job (MB)
	2064920  -  ResidentSetSize of job (KB)
...
006 (10467026.004.000) 2026-03-15 08:31:15 Image size of job updated: 2484624
	2018  -  MemoryUsage of job (MB)
	2065432  -  ResidentSetSize of job (KB)
...
006 (10467026.004.000) 2026-03-15 08:36:15 Image size of job updated: 2485648
	2018  -  MemoryUsage of job (MB)
	2065944  -  ResidentSetSize of job (KB)
...
006 (10467026.004.000) 2026-03-15 08:41:15 Image size of job updated: 2485648
	2019  -  MemoryUsage of job (MB)
	2066456  -  ResidentSetSize of job (KB)
...
006 (10467026.004.000) 2026-03-15 08:46:16 Image size of job updated: 2486672
	2019  -  MemoryUsage of job (MB)
	2066712  -  ResidentSetSize of job (KB)
...
006 (10467026.004.000) 2026-03-15 08:56:17 Image size of job updated: 2486672
	2020  -  MemoryUsage of job (MB)
	2067480  -  ResidentSetSize of job (KB)
...
006 (10467026.004.000) 2026-03-15 09:06:19 Image size of job updated: 2487696
	2020  -  MemoryUsage of job (MB)
	2067736  -  ResidentSetSize of job (KB)
...
006 (10467026.004.000) 2026-03-15 09:21:20 Image size of job updated: 2487696
	2021  -  MemoryUsage of job (MB)
	2068760  -  ResidentSetSize of job (KB)
...
006 (10467026.004.000) 2026-03-15 09:31:21 Image size of job updated: 2493372
	2026  -  MemoryUsage of job (MB)
	2074048  -  ResidentSetSize of job (KB)
...
006 (10467026.004.000) 2026-03-15 09:36:22 Image size of job updated: 2493372
	2026  -  MemoryUsage of job (MB)
	2074304  -  ResidentSetSize of job (KB)
...
006 (10467026.004.000) 2026-03-15 09:46:23 Image size of job updated: 2494396
	2026  -  MemoryUsage of job (MB)
	2074560  -  ResidentSetSize of job (KB)
...
006 (10467026.004.000) 2026-03-15 09:51:23 Image size of job updated: 2499800
	2033  -  MemoryUsage of job (MB)
	2080788  -  ResidentSetSize of job (KB)
...
004 (10467026.004.000) 2026-03-15 10:37:02 Job was evicted.
	(0) CPU times
		Usr 1 18:35:45, Sys 0 01:06:02  -  Run Remote Usage
		Usr 0 00:00:00, Sys 0 00:00:00  -  Run Local Usage
	0  -  Run Bytes Sent By Job
	0  -  Run Bytes Received By Job
	Partitionable Resources :    Usage  Request Allocated 
	   Cpus                 :     1.00        4         4 
	   Disk (KB)            :  7500     5242880   7738218 
	   Memory (MB)          :  2033       16384     16384 
...
009 (10467026.004.000) 2026-03-15 10:37:02 Job was aborted.
	via condor_rm (by user fkarateke)
...
