000 (10463134.004.000) 2026-03-12 21:47:53 Job submitted from host: <10.0.8.14:9618?addrs=10.0.8.14-9618&alias=head2.htc.inm7.de&noUDP&sock=schedd_1212952_c2ee>
...
001 (10463134.004.000) 2026-03-12 21:47:54 Job executing on host: <10.0.9.29:9618?addrs=10.0.9.29-9618&alias=cpu29.htc.inm7.de&noUDP&sock=startd_3130_7f85>
...
006 (10463134.004.000) 2026-03-12 21:48:02 Image size of job updated: 7500
	6  -  MemoryUsage of job (MB)
	5516  -  ResidentSetSize of job (KB)
...
006 (10463134.004.000) 2026-03-12 21:53:02 Image size of job updated: 2276764
	1858  -  MemoryUsage of job (MB)
	1901596  -  ResidentSetSize of job (KB)
...
006 (10463134.004.000) 2026-03-12 21:58:03 Image size of job updated: 2337240
	1917  -  MemoryUsage of job (MB)
	1962904  -  ResidentSetSize of job (KB)
...
006 (10463134.004.000) 2026-03-12 22:08:04 Image size of job updated: 2418888
	1936  -  MemoryUsage of job (MB)
	1982040  -  ResidentSetSize of job (KB)
...
006 (10463134.004.000) 2026-03-12 22:13:05 Image size of job updated: 2419912
	1937  -  MemoryUsage of job (MB)
	1983064  -  ResidentSetSize of job (KB)
...
006 (10463134.004.000) 2026-03-12 22:18:06 Image size of job updated: 2419912
	1937  -  MemoryUsage of job (MB)
	1983320  -  ResidentSetSize of job (KB)
...
006 (10463134.004.000) 2026-03-12 22:23:06 Image size of job updated: 2419912
	1938  -  MemoryUsage of job (MB)
	1983576  -  ResidentSetSize of job (KB)
...
006 (10463134.004.000) 2026-03-12 22:28:06 Image size of job updated: 2419912
	1938  -  MemoryUsage of job (MB)
	1983832  -  ResidentSetSize of job (KB)
...
006 (10463134.004.000) 2026-03-12 22:33:07 Image size of job updated: 2420936
	1940  -  MemoryUsage of job (MB)
	1986392  -  ResidentSetSize of job (KB)
...
004 (10463134.004.000) 2026-03-13 15:39:08 Job was evicted.
	(0) CPU times
		Usr 0 17:51:20, Sys 0 00:00:54  -  Run Remote Usage
		Usr 0 00:00:00, Sys 0 00:00:00  -  Run Local Usage
	0  -  Run Bytes Sent By Job
	0  -  Run Bytes Received By Job
	Partitionable Resources :    Usage  Request Allocated 
	   Cpus                 :     1.00        4         4 
	   Disk (KB)            :  7500     5242880   7738218 
	   Memory (MB)          :  1940       16384     16384 
...
009 (10463134.004.000) 2026-03-13 15:39:08 Job was aborted.
	via condor_rm (by user fkarateke)
...
