16:17:01 | INFO | ======================================================================
16:17:01 | INFO | BATCH TRAINER: batch2
16:17:01 | INFO | Regions: 11-20
16:17:01 | INFO | Preset: paper_compliant - Paper-compliant using ElasticNetCV (automatic tuning)
16:17:01 | INFO | ElasticNetCV: n_alphas=100, l1_ratio=7 values
16:17:01 | INFO | ======================================================================
16:17:01 | INFO | Loading data...
16:17:02 | INFO | ✓ Loaded 563 subjects
16:17:02 | INFO | Preparing regions 11-20...
16:17:02 | INFO | ✓ Data shape: (563, 4064)
16:17:02 | INFO | Building stacking model with ElasticNetCV...
16:17:02 | INFO | ✓ Model built: 10 regions with ElasticNetCV
16:17:02 | INFO | Training started...
16:17:02 | INFO | Features: 4,062, Subjects: 563
23:30:57 | WARNING | 1345 warnings during training
23:30:57 | INFO | ✓ Training done! Time: 112435.5s (1873.9 min)
23:30:57 | INFO | MAE: 11.198, R²: 0.0332, RMSE: 13.703
23:30:57 | INFO | ✓ Results saved
23:30:57 | INFO | ======================================================================
23:30:57 | INFO | BATCH batch2 COMPLETED!
23:30:57 | INFO | ======================================================================
