12:57:50 | INFO     | Using preset: 'full_paper' - Full paper-compliant
12:57:50 | INFO     | ======================================================================
12:57:50 | INFO     |   BRAIN AGE STACKING TRAINER INITIALIZED
12:57:50 | INFO     | ======================================================================
12:57:50 | INFO     | Features dir : /home/fkarateke/IXI_cat12.8.1_mwp1/features
12:57:50 | INFO     | Output dir   : /home/fkarateke/brainage-stacking/models/test_100roi
12:57:50 | INFO     | N regions    : 100
12:57:50 | INFO     | Alpha        : 100 values
12:57:50 | INFO     | L1 ratio     : 11 values
12:57:50 | INFO     | Max iter     : 100,000
12:57:50 | INFO     | L0 CV        : 3-fold
12:57:50 | INFO     | Outer CV     : 5-fold
12:57:50 | INFO     | Total combos : 1,100
12:57:50 | INFO     | ======================================================================
12:57:50 | INFO     |   LOADING DATA
12:57:50 | INFO     | ======================================================================
12:57:50 | INFO     | ✓ Loaded 870 regions
12:57:50 | INFO     | ✓ Loaded 563 subjects
12:57:50 | INFO     | ======================================================================
12:57:50 | INFO     |   PREPARING DATA
12:57:50 | INFO     | ======================================================================
12:57:51 | INFO     | ✓ Data shape: (563, 36677)
12:57:51 | INFO     | ✓ Total voxels: 36,675
12:57:51 | INFO     | ======================================================================
12:57:51 | INFO     |   BUILDING STACKING MODEL
12:57:51 | INFO     | ======================================================================
12:57:51 | INFO     | Building 100 L0 models...
12:57:51 | INFO     | ✓ 100 L0 models configured
12:57:51 | INFO     | Building L1 meta-model...
12:57:51 | INFO     | ✓ L1 meta-model configured
12:57:51 | INFO     | ✓ Stacking ensemble configured
12:57:51 | INFO     | ======================================================================
12:57:51 | INFO     |   TRAINING
12:57:51 | INFO     | ======================================================================
12:57:51 | INFO     | Features: 36,675
12:57:51 | INFO     | Subjects: 563
12:57:51 | INFO     | Training started...
