000 (10462290.000.000) 2026-03-11 12:50:26 Job submitted from host: <10.0.8.14:9618?addrs=10.0.8.14-9618&alias=head2.htc.inm7.de&noUDP&sock=schedd_1212952_c2ee>
...
001 (10462290.000.000) 2026-03-11 12:50:26 Job executing on host: <10.0.9.43:9618?addrs=10.0.9.43-9618&alias=cpu43.htc.inm7.de&noUDP&sock=startd_4240_dda5>
...
006 (10462290.000.000) 2026-03-11 12:50:27 Image size of job updated: 7500
	6  -  MemoryUsage of job (MB)
	5476  -  ResidentSetSize of job (KB)
...
005 (10462290.000.000) 2026-03-11 12:50:27 Job terminated.
	(1) Normal termination (return value 1)
		Usr 0 00:00:00, Sys 0 00:00:00  -  Run Remote Usage
		Usr 0 00:00:00, Sys 0 00:00:00  -  Run Local Usage
		Usr 0 00:00:00, Sys 0 00:00:00  -  Total Remote Usage
		Usr 0 00:00:00, Sys 0 00:00:00  -  Total Local Usage
	0  -  Run Bytes Sent By Job
	0  -  Run Bytes Received By Job
	0  -  Total Bytes Sent By Job
	0  -  Total Bytes Received By Job
	Partitionable Resources :    Usage  Request Allocated 
	   Cpus                 :                 4         4 
	   Disk (KB)            :     7500 10485760  24829510 
	   Memory (MB)          :        6    32768     32768 

	Job terminated of its own accord at 2026-03-11T11:50:27Z with exit-code 1.
...
000 (10462291.000.000) 2026-03-11 12:57:34 Job submitted from host: <10.0.8.14:9618?addrs=10.0.8.14-9618&alias=head2.htc.inm7.de&noUDP&sock=schedd_1212952_c2ee>
...
001 (10462291.000.000) 2026-03-11 12:57:48 Job executing on host: <10.0.9.43:9618?addrs=10.0.9.43-9618&alias=cpu43.htc.inm7.de&noUDP&sock=startd_4240_dda5>
...
006 (10462291.000.000) 2026-03-11 12:57:56 Image size of job updated: 2428980
	2005  -  MemoryUsage of job (MB)
	2052572  -  ResidentSetSize of job (KB)
...
006 (10462291.000.000) 2026-03-11 15:13:09 Image size of job updated: 2930932
	2348  -  MemoryUsage of job (MB)
	2404020  -  ResidentSetSize of job (KB)
...
006 (10462291.000.000) 2026-03-11 16:43:18 Image size of job updated: 2930932
	2349  -  MemoryUsage of job (MB)
	2404788  -  ResidentSetSize of job (KB)
...
006 (10462291.000.000) 2026-03-11 17:03:20 Image size of job updated: 2930932
	2351  -  MemoryUsage of job (MB)
	2407092  -  ResidentSetSize of job (KB)
...
006 (10462291.000.000) 2026-03-11 17:13:21 Image size of job updated: 2951532
	2519  -  MemoryUsage of job (MB)
	2578604  -  ResidentSetSize of job (KB)
...
006 (10462291.000.000) 2026-03-11 19:18:35 Image size of job updated: 3060268
	2530  -  MemoryUsage of job (MB)
	2590036  -  ResidentSetSize of job (KB)
...
006 (10462291.000.000) 2026-03-11 21:18:48 Image size of job updated: 3094636
	2536  -  MemoryUsage of job (MB)
	2596224  -  ResidentSetSize of job (KB)
...
006 (10462291.000.000) 2026-03-11 23:24:02 Image size of job updated: 3098900
	2553  -  MemoryUsage of job (MB)
	2614240  -  ResidentSetSize of job (KB)
...
006 (10462291.000.000) 2026-03-12 01:24:14 Image size of job updated: 3100576
	2553  -  MemoryUsage of job (MB)
	2614240  -  ResidentSetSize of job (KB)
...
006 (10462291.000.000) 2026-03-12 03:24:28 Image size of job updated: 3100576
	2607  -  MemoryUsage of job (MB)
	2669068  -  ResidentSetSize of job (KB)
...
006 (10462291.000.000) 2026-03-12 05:29:42 Image size of job updated: 3100704
	2607  -  MemoryUsage of job (MB)
	2669068  -  ResidentSetSize of job (KB)
...
006 (10462291.000.000) 2026-03-12 07:29:53 Image size of job updated: 3102276
	2611  -  MemoryUsage of job (MB)
	2673580  -  ResidentSetSize of job (KB)
...
006 (10462291.000.000) 2026-03-12 11:35:20 Image size of job updated: 3103296
	2612  -  MemoryUsage of job (MB)
	2674628  -  ResidentSetSize of job (KB)
...
006 (10462291.000.000) 2026-03-12 13:45:32 Image size of job updated: 3105056
	2612  -  MemoryUsage of job (MB)
	2674628  -  ResidentSetSize of job (KB)
...
004 (10462291.000.000) 2026-03-12 21:37:25 Job was evicted.
	(0) CPU times
		Usr 1 08:39:25, Sys 0 00:00:06  -  Run Remote Usage
		Usr 0 00:00:00, Sys 0 00:00:00  -  Run Local Usage
	0  -  Run Bytes Sent By Job
	0  -  Run Bytes Received By Job
	Partitionable Resources :    Usage  Request Allocated 
	   Cpus                 :     1.00        4         4 
	   Disk (KB)            :  7500    10485760  24829510 
	   Memory (MB)          :  2612       32768     32768 
...
009 (10462291.000.000) 2026-03-12 21:37:25 Job was aborted.
	via condor_rm (by user fkarateke)
...
