000 (10497671.000.000) 2026-03-23 14:00:12 Job submitted from host: <10.0.8.14:9618?addrs=10.0.8.14-9618&alias=head2.htc.inm7.de&noUDP&sock=schedd_1212952_c2ee>
...
001 (10497671.000.000) 2026-03-23 14:02:29 Job executing on host: <10.0.9.36:9618?addrs=10.0.9.36-9618&alias=cpu36.htc.inm7.de&noUDP&sock=startd_3058_1cb4>
...
006 (10497671.000.000) 2026-03-23 14:02:37 Image size of job updated: 7500
	6  -  MemoryUsage of job (MB)
	5516  -  ResidentSetSize of job (KB)
...
006 (10497671.000.000) 2026-03-23 14:07:37 Image size of job updated: 599616
	365  -  MemoryUsage of job (MB)
	372824  -  ResidentSetSize of job (KB)
...
006 (10497671.000.000) 2026-03-23 14:42:40 Image size of job updated: 599616
	365  -  MemoryUsage of job (MB)
	373080  -  ResidentSetSize of job (KB)
...
006 (10497671.000.000) 2026-03-23 15:07:43 Image size of job updated: 675872
	378  -  MemoryUsage of job (MB)
	386372  -  ResidentSetSize of job (KB)
...
006 (10497671.000.000) 2026-03-24 00:28:41 Image size of job updated: 675872
	380  -  MemoryUsage of job (MB)
	388420  -  ResidentSetSize of job (KB)
...
006 (10497671.000.000) 2026-03-24 01:28:47 Image size of job updated: 676740
	380  -  MemoryUsage of job (MB)
	388420  -  ResidentSetSize of job (KB)
...
004 (10497671.000.000) 2026-03-24 01:36:38 Job was evicted.
	(0) CPU times
		Usr 0 01:04:27, Sys 0 00:00:01  -  Run Remote Usage
		Usr 0 00:00:00, Sys 0 00:00:00  -  Run Local Usage
	0  -  Run Bytes Sent By Job
	0  -  Run Bytes Received By Job
	Partitionable Resources :    Usage  Request Allocated 
	   Cpus                 :        0        1         1 
	   Disk (KB)            :     7500 10485760  15476111 
	   Memory (MB)          :      380     8192      8192 
...
009 (10497671.000.000) 2026-03-24 01:36:38 Job was aborted.
	via condor_rm (by user fkarateke)
...
