000 (10497673.000.000) 2026-03-23 14:00:14 Job submitted from host: <10.0.8.14:9618?addrs=10.0.8.14-9618&alias=head2.htc.inm7.de&noUDP&sock=schedd_1212952_c2ee>
...
001 (10497673.000.000) 2026-03-23 14:06:29 Job executing on host: <10.0.9.25:9618?addrs=10.0.9.25-9618&alias=cpu25.htc.inm7.de&noUDP&sock=startd_3135_ed7e>
...
006 (10497673.000.000) 2026-03-23 14:06:37 Image size of job updated: 96956
	41  -  MemoryUsage of job (MB)
	41788  -  ResidentSetSize of job (KB)
...
006 (10497673.000.000) 2026-03-23 14:11:37 Image size of job updated: 600660
	364  -  MemoryUsage of job (MB)
	372564  -  ResidentSetSize of job (KB)
...
006 (10497673.000.000) 2026-03-23 15:01:42 Image size of job updated: 601684
	365  -  MemoryUsage of job (MB)
	372820  -  ResidentSetSize of job (KB)
...
006 (10497673.000.000) 2026-03-23 15:41:48 Image size of job updated: 675868
	377  -  MemoryUsage of job (MB)
	385952  -  ResidentSetSize of job (KB)
...
006 (10497673.000.000) 2026-03-23 16:46:54 Image size of job updated: 675868
	380  -  MemoryUsage of job (MB)
	388768  -  ResidentSetSize of job (KB)
...
006 (10497673.000.000) 2026-03-24 01:27:46 Image size of job updated: 676768
	380  -  MemoryUsage of job (MB)
	388768  -  ResidentSetSize of job (KB)
...
004 (10497673.000.000) 2026-03-24 01:36:39 Job was evicted.
	(0) CPU times
		Usr 0 01:33:37, Sys 0 00:00:05  -  Run Remote Usage
		Usr 0 00:00:00, Sys 0 00:00:00  -  Run Local Usage
	0  -  Run Bytes Sent By Job
	0  -  Run Bytes Received By Job
	Partitionable Resources :    Usage  Request Allocated 
	   Cpus                 :        0        1         1 
	   Disk (KB)            :     7500 10485760 120906544 
	   Memory (MB)          :      380     8192     15360 
...
009 (10497673.000.000) 2026-03-24 01:36:39 Job was aborted.
	via condor_rm (by user fkarateke)
...
