000 (10497668.000.000) 2026-03-23 14:00:08 Job submitted from host: <10.0.8.14:9618?addrs=10.0.8.14-9618&alias=head2.htc.inm7.de&noUDP&sock=schedd_1212952_c2ee>
...
001 (10497668.000.000) 2026-03-23 14:00:08 Job executing on host: <10.0.9.46:9618?addrs=10.0.9.46-9618&alias=cpu46.htc.inm7.de&noUDP&sock=startd_3256_ec74>
...
006 (10497668.000.000) 2026-03-23 14:00:17 Image size of job updated: 7500
	6  -  MemoryUsage of job (MB)
	5540  -  ResidentSetSize of job (KB)
...
006 (10497668.000.000) 2026-03-23 14:05:18 Image size of job updated: 600628
	354  -  MemoryUsage of job (MB)
	362176  -  ResidentSetSize of job (KB)
...
006 (10497668.000.000) 2026-03-23 15:10:23 Image size of job updated: 676144
	370  -  MemoryUsage of job (MB)
	378568  -  ResidentSetSize of job (KB)
...
006 (10497668.000.000) 2026-03-24 01:31:29 Image size of job updated: 676976
	370  -  MemoryUsage of job (MB)
	378568  -  ResidentSetSize of job (KB)
...
004 (10497668.000.000) 2026-03-24 01:36:38 Job was evicted.
	(0) CPU times
		Usr 0 01:07:34, Sys 0 00:00:01  -  Run Remote Usage
		Usr 0 00:00:00, Sys 0 00:00:00  -  Run Local Usage
	0  -  Run Bytes Sent By Job
	0  -  Run Bytes Received By Job
	Partitionable Resources :    Usage  Request Allocated 
	   Cpus                 :        0        1         1 
	   Disk (KB)            :     7500 10485760  29728267 
	   Memory (MB)          :      370     8192      8192 
...
009 (10497668.000.000) 2026-03-24 01:36:38 Job was aborted.
	via condor_rm (by user fkarateke)
...
