000 (10497669.000.000) 2026-03-23 14:00:09 Job submitted from host: <10.0.8.14:9618?addrs=10.0.8.14-9618&alias=head2.htc.inm7.de&noUDP&sock=schedd_1212952_c2ee>
...
001 (10497669.000.000) 2026-03-23 14:00:28 Job executing on host: <10.0.9.47:9618?addrs=10.0.9.47-9618&alias=cpu47.htc.inm7.de&noUDP&sock=startd_3371_cdd8>
...
006 (10497669.000.000) 2026-03-23 14:00:37 Image size of job updated: 7500
	6  -  MemoryUsage of job (MB)
	5612  -  ResidentSetSize of job (KB)
...
006 (10497669.000.000) 2026-03-23 14:05:38 Image size of job updated: 599616
	364  -  MemoryUsage of job (MB)
	372552  -  ResidentSetSize of job (KB)
...
006 (10497669.000.000) 2026-03-23 14:10:39 Image size of job updated: 600640
	364  -  MemoryUsage of job (MB)
	372552  -  ResidentSetSize of job (KB)
...
006 (10497669.000.000) 2026-03-23 14:40:42 Image size of job updated: 600640
	365  -  MemoryUsage of job (MB)
	372808  -  ResidentSetSize of job (KB)
...
006 (10497669.000.000) 2026-03-23 15:10:45 Image size of job updated: 675876
	378  -  MemoryUsage of job (MB)
	386064  -  ResidentSetSize of job (KB)
...
006 (10497669.000.000) 2026-03-24 01:31:49 Image size of job updated: 676740
	378  -  MemoryUsage of job (MB)
	386348  -  ResidentSetSize of job (KB)
...
004 (10497669.000.000) 2026-03-24 01:36:38 Job was evicted.
	(0) CPU times
		Usr 0 01:06:47, Sys 0 00:00:02  -  Run Remote Usage
		Usr 0 00:00:00, Sys 0 00:00:00  -  Run Local Usage
	0  -  Run Bytes Sent By Job
	0  -  Run Bytes Received By Job
	Partitionable Resources :    Usage  Request Allocated 
	   Cpus                 :        0        1         1 
	   Disk (KB)            :     7500 10485760  29728261 
	   Memory (MB)          :      378     8192      8192 
...
009 (10497669.000.000) 2026-03-24 01:36:38 Job was aborted.
	via condor_rm (by user fkarateke)
...
