000 (10497670.000.000) 2026-03-23 14:00:11 Job submitted from host: <10.0.8.14:9618?addrs=10.0.8.14-9618&alias=head2.htc.inm7.de&noUDP&sock=schedd_1212952_c2ee>
...
001 (10497670.000.000) 2026-03-23 14:01:29 Job executing on host: <10.0.9.44:9618?addrs=10.0.9.44-9618&alias=cpu44.htc.inm7.de&noUDP&sock=startd_4087_eba8>
...
006 (10497670.000.000) 2026-03-23 14:01:37 Image size of job updated: 7500
	6  -  MemoryUsage of job (MB)
	5536  -  ResidentSetSize of job (KB)
...
006 (10497670.000.000) 2026-03-23 14:06:37 Image size of job updated: 600632
	364  -  MemoryUsage of job (MB)
	372480  -  ResidentSetSize of job (KB)
...
006 (10497670.000.000) 2026-03-23 15:01:43 Image size of job updated: 675888
	377  -  MemoryUsage of job (MB)
	385732  -  ResidentSetSize of job (KB)
...
006 (10497670.000.000) 2026-03-24 01:27:46 Image size of job updated: 676652
	377  -  MemoryUsage of job (MB)
	385732  -  ResidentSetSize of job (KB)
...
004 (10497670.000.000) 2026-03-24 01:36:38 Job was evicted.
	(0) CPU times
		Usr 0 00:56:47, Sys 0 00:00:02  -  Run Remote Usage
		Usr 0 00:00:00, Sys 0 00:00:00  -  Run Local Usage
	0  -  Run Bytes Sent By Job
	0  -  Run Bytes Received By Job
	Partitionable Resources :    Usage  Request Allocated 
	   Cpus                 :        0        1         1 
	   Disk (KB)            :     7500 10485760  24829514 
	   Memory (MB)          :      377     8192      8192 
...
009 (10497670.000.000) 2026-03-24 01:36:38 Job was aborted.
	via condor_rm (by user fkarateke)
...
