000 (10473607.000.000) 2026-03-15 10:50:21 Job submitted from host: <10.0.8.14:9618?addrs=10.0.8.14-9618&alias=head2.htc.inm7.de&noUDP&sock=schedd_1212952_c2ee>
...
001 (10473607.000.000) 2026-03-15 10:56:42 Job executing on host: <10.0.9.10:9618?addrs=10.0.9.10-9618&alias=cpu10.htc.inm7.de&noUDP&sock=startd_85541_96e8>
...
006 (10473607.000.000) 2026-03-15 10:56:51 Image size of job updated: 175668
	172  -  MemoryUsage of job (MB)
	175668  -  ResidentSetSize of job (KB)
...
006 (10473607.000.000) 2026-03-15 11:06:53 Image size of job updated: 176136
	172  -  MemoryUsage of job (MB)
	175884  -  ResidentSetSize of job (KB)
...
006 (10473607.000.000) 2026-03-15 11:11:53 Image size of job updated: 176140
	172  -  MemoryUsage of job (MB)
	175896  -  ResidentSetSize of job (KB)
...
006 (10473607.000.000) 2026-03-15 11:21:54 Image size of job updated: 194008
	190  -  MemoryUsage of job (MB)
	194008  -  ResidentSetSize of job (KB)
...
006 (10473607.000.000) 2026-03-15 12:42:03 Image size of job updated: 194932
	190  -  MemoryUsage of job (MB)
	194448  -  ResidentSetSize of job (KB)
...
006 (10473607.000.000) 2026-03-15 12:52:05 Image size of job updated: 194960
	191  -  MemoryUsage of job (MB)
	194836  -  ResidentSetSize of job (KB)
...
006 (10473607.000.000) 2026-03-15 13:07:06 Image size of job updated: 195604
	191  -  MemoryUsage of job (MB)
	195464  -  ResidentSetSize of job (KB)
...
006 (10473607.000.000) 2026-03-15 13:17:07 Image size of job updated: 197172
	193  -  MemoryUsage of job (MB)
	196968  -  ResidentSetSize of job (KB)
...
006 (10473607.000.000) 2026-03-15 13:27:08 Image size of job updated: 197480
	193  -  MemoryUsage of job (MB)
	197332  -  ResidentSetSize of job (KB)
...
006 (10473607.000.000) 2026-03-15 13:42:10 Image size of job updated: 197588
	193  -  MemoryUsage of job (MB)
	197492  -  ResidentSetSize of job (KB)
...
006 (10473607.000.000) 2026-03-15 13:57:11 Image size of job updated: 198476
	194  -  MemoryUsage of job (MB)
	198232  -  ResidentSetSize of job (KB)
...
006 (10473607.000.000) 2026-03-15 14:02:12 Image size of job updated: 203352
	199  -  MemoryUsage of job (MB)
	203308  -  ResidentSetSize of job (KB)
...
006 (10473607.000.000) 2026-03-15 14:12:13 Image size of job updated: 204076
	200  -  MemoryUsage of job (MB)
	203884  -  ResidentSetSize of job (KB)
...
006 (10473607.000.000) 2026-03-15 14:17:14 Image size of job updated: 204396
	200  -  MemoryUsage of job (MB)
	204248  -  ResidentSetSize of job (KB)
...
006 (10473607.000.000) 2026-03-15 14:32:15 Image size of job updated: 205016
	201  -  MemoryUsage of job (MB)
	205016  -  ResidentSetSize of job (KB)
...
006 (10473607.000.000) 2026-03-15 14:42:16 Image size of job updated: 205340
	201  -  MemoryUsage of job (MB)
	205192  -  ResidentSetSize of job (KB)
...
006 (10473607.000.000) 2026-03-15 14:52:17 Image size of job updated: 206040
	202  -  MemoryUsage of job (MB)
	206040  -  ResidentSetSize of job (KB)
...
006 (10473607.000.000) 2026-03-15 14:57:18 Image size of job updated: 206308
	202  -  MemoryUsage of job (MB)
	206308  -  ResidentSetSize of job (KB)
...
006 (10473607.000.000) 2026-03-15 15:12:19 Image size of job updated: 206952
	203  -  MemoryUsage of job (MB)
	206952  -  ResidentSetSize of job (KB)
...
006 (10473607.000.000) 2026-03-15 15:22:20 Image size of job updated: 207296
	203  -  MemoryUsage of job (MB)
	207132  -  ResidentSetSize of job (KB)
...
006 (10473607.000.000) 2026-03-15 15:32:22 Image size of job updated: 207900
	203  -  MemoryUsage of job (MB)
	207760  -  ResidentSetSize of job (KB)
...
006 (10473607.000.000) 2026-03-15 15:37:22 Image size of job updated: 208272
	204  -  MemoryUsage of job (MB)
	208112  -  ResidentSetSize of job (KB)
...
006 (10473607.000.000) 2026-03-15 15:47:23 Image size of job updated: 208368
	204  -  MemoryUsage of job (MB)
	208368  -  ResidentSetSize of job (KB)
...
006 (10473607.000.000) 2026-03-15 15:52:24 Image size of job updated: 208880
	204  -  MemoryUsage of job (MB)
	208696  -  ResidentSetSize of job (KB)
...
006 (10473607.000.000) 2026-03-15 15:57:24 Image size of job updated: 220728
	216  -  MemoryUsage of job (MB)
	220492  -  ResidentSetSize of job (KB)
...
006 (10473607.000.000) 2026-03-15 16:12:26 Image size of job updated: 220748
	216  -  MemoryUsage of job (MB)
	220496  -  ResidentSetSize of job (KB)
...
006 (10473607.000.000) 2026-03-15 16:17:26 Image size of job updated: 220752
	216  -  MemoryUsage of job (MB)
	220736  -  ResidentSetSize of job (KB)
...
006 (10473607.000.000) 2026-03-15 16:22:27 Image size of job updated: 220992
	216  -  MemoryUsage of job (MB)
	220740  -  ResidentSetSize of job (KB)
...
006 (10473607.000.000) 2026-03-15 16:32:28 Image size of job updated: 222788
	216  -  MemoryUsage of job (MB)
	220740  -  ResidentSetSize of job (KB)
...
006 (10473607.000.000) 2026-03-15 16:37:28 Image size of job updated: 223044
	216  -  MemoryUsage of job (MB)
	220820  -  ResidentSetSize of job (KB)
...
006 (10473607.000.000) 2026-03-15 16:42:29 Image size of job updated: 224524
	220  -  MemoryUsage of job (MB)
	224516  -  ResidentSetSize of job (KB)
...
006 (10473607.000.000) 2026-03-15 16:57:31 Image size of job updated: 224772
	220  -  MemoryUsage of job (MB)
	224516  -  ResidentSetSize of job (KB)
...
006 (10473607.000.000) 2026-03-15 17:07:32 Image size of job updated: 224772
	220  -  MemoryUsage of job (MB)
	224772  -  ResidentSetSize of job (KB)
...
006 (10473607.000.000) 2026-03-15 17:22:34 Image size of job updated: 224776
	220  -  MemoryUsage of job (MB)
	224772  -  ResidentSetSize of job (KB)
...
006 (10473607.000.000) 2026-03-15 19:07:46 Image size of job updated: 224776
	220  -  MemoryUsage of job (MB)
	224776  -  ResidentSetSize of job (KB)
...
006 (10473607.000.000) 2026-03-15 20:22:52 Image size of job updated: 224780
	220  -  MemoryUsage of job (MB)
	224780  -  ResidentSetSize of job (KB)
...
006 (10473607.000.000) 2026-03-15 21:17:58 Image size of job updated: 224784
	220  -  MemoryUsage of job (MB)
	224784  -  ResidentSetSize of job (KB)
...
006 (10473607.000.000) 2026-03-15 21:38:00 Image size of job updated: 224788
	220  -  MemoryUsage of job (MB)
	224788  -  ResidentSetSize of job (KB)
...
006 (10473607.000.000) 2026-03-15 21:53:02 Image size of job updated: 224792
	220  -  MemoryUsage of job (MB)
	224792  -  ResidentSetSize of job (KB)
...
006 (10473607.000.000) 2026-03-15 22:13:04 Image size of job updated: 224800
	220  -  MemoryUsage of job (MB)
	224800  -  ResidentSetSize of job (KB)
...
006 (10473607.000.000) 2026-03-15 22:28:06 Image size of job updated: 224804
	220  -  MemoryUsage of job (MB)
	224800  -  ResidentSetSize of job (KB)
...
006 (10473607.000.000) 2026-03-15 23:03:10 Image size of job updated: 224808
	220  -  MemoryUsage of job (MB)
	224808  -  ResidentSetSize of job (KB)
...
006 (10473607.000.000) 2026-03-15 23:48:16 Image size of job updated: 224812
	220  -  MemoryUsage of job (MB)
	224808  -  ResidentSetSize of job (KB)
...
006 (10473607.000.000) 2026-03-16 00:03:17 Image size of job updated: 224812
	220  -  MemoryUsage of job (MB)
	224812  -  ResidentSetSize of job (KB)
...
006 (10473607.000.000) 2026-03-16 00:23:19 Image size of job updated: 224816
	220  -  MemoryUsage of job (MB)
	224816  -  ResidentSetSize of job (KB)
...
006 (10473607.000.000) 2026-03-16 00:28:20 Image size of job updated: 224820
	220  -  MemoryUsage of job (MB)
	224816  -  ResidentSetSize of job (KB)
...
006 (10473607.000.000) 2026-03-16 00:42:42 Image size of job updated: 224824
	220  -  MemoryUsage of job (MB)
	224816  -  ResidentSetSize of job (KB)
...
005 (10473607.000.000) 2026-03-16 00:42:42 Job terminated.
	(1) Normal termination (return value 0)
		Usr 0 13:45:59, Sys 0 00:01:08  -  Run Remote Usage
		Usr 0 00:00:00, Sys 0 00:00:00  -  Run Local Usage
		Usr 0 13:45:59, Sys 0 00:01:08  -  Total Remote Usage
		Usr 0 00:00:00, Sys 0 00:00:00  -  Total Local Usage
	0  -  Run Bytes Sent By Job
	0  -  Run Bytes Received By Job
	0  -  Total Bytes Sent By Job
	0  -  Total Bytes Received By Job
	Partitionable Resources :    Usage  Request Allocated 
	   Cpus                 :     1.00        2         2 
	   Disk (KB)            :  7500     2097152   7541135 
	   Memory (MB)          :   220        8192      8192 

	Job terminated of its own accord at 2026-03-15T23:42:42Z with exit-code 0.
...
