000 (10473606.000.000) 2026-03-15 10:50:21 Job submitted from host: <10.0.8.14:9618?addrs=10.0.8.14-9618&alias=head2.htc.inm7.de&noUDP&sock=schedd_1212952_c2ee>
...
001 (10473606.000.000) 2026-03-15 10:52:42 Job executing on host: <10.0.9.10:9618?addrs=10.0.9.10-9618&alias=cpu10.htc.inm7.de&noUDP&sock=startd_85541_96e8>
...
006 (10473606.000.000) 2026-03-15 10:52:51 Image size of job updated: 267592
	262  -  MemoryUsage of job (MB)
	267472  -  ResidentSetSize of job (KB)
...
006 (10473606.000.000) 2026-03-15 11:02:53 Image size of job updated: 268728
	263  -  MemoryUsage of job (MB)
	268728  -  ResidentSetSize of job (KB)
...
006 (10473606.000.000) 2026-03-15 11:12:53 Image size of job updated: 293516
	287  -  MemoryUsage of job (MB)
	293264  -  ResidentSetSize of job (KB)
...
006 (10473606.000.000) 2026-03-15 11:52:58 Image size of job updated: 294312
	288  -  MemoryUsage of job (MB)
	294068  -  ResidentSetSize of job (KB)
...
006 (10473606.000.000) 2026-03-15 11:57:58 Image size of job updated: 294580
	288  -  MemoryUsage of job (MB)
	294580  -  ResidentSetSize of job (KB)
...
006 (10473606.000.000) 2026-03-15 12:07:59 Image size of job updated: 295236
	289  -  MemoryUsage of job (MB)
	295100  -  ResidentSetSize of job (KB)
...
006 (10473606.000.000) 2026-03-15 12:13:00 Image size of job updated: 295868
	289  -  MemoryUsage of job (MB)
	295592  -  ResidentSetSize of job (KB)
...
006 (10473606.000.000) 2026-03-15 12:18:00 Image size of job updated: 296360
	290  -  MemoryUsage of job (MB)
	296192  -  ResidentSetSize of job (KB)
...
006 (10473606.000.000) 2026-03-15 12:23:00 Image size of job updated: 296704
	290  -  MemoryUsage of job (MB)
	296556  -  ResidentSetSize of job (KB)
...
006 (10473606.000.000) 2026-03-15 12:58:03 Image size of job updated: 297408
	291  -  MemoryUsage of job (MB)
	297164  -  ResidentSetSize of job (KB)
...
006 (10473606.000.000) 2026-03-15 13:03:04 Image size of job updated: 297676
	291  -  MemoryUsage of job (MB)
	297540  -  ResidentSetSize of job (KB)
...
006 (10473606.000.000) 2026-03-15 13:13:04 Image size of job updated: 298308
	292  -  MemoryUsage of job (MB)
	298128  -  ResidentSetSize of job (KB)
...
006 (10473606.000.000) 2026-03-15 13:18:05 Image size of job updated: 298640
	292  -  MemoryUsage of job (MB)
	298472  -  ResidentSetSize of job (KB)
...
006 (10473606.000.000) 2026-03-15 13:33:06 Image size of job updated: 299384
	293  -  MemoryUsage of job (MB)
	299360  -  ResidentSetSize of job (KB)
...
006 (10473606.000.000) 2026-03-15 13:43:08 Image size of job updated: 299872
	293  -  MemoryUsage of job (MB)
	299736  -  ResidentSetSize of job (KB)
...
006 (10473606.000.000) 2026-03-15 13:53:08 Image size of job updated: 300564
	294  -  MemoryUsage of job (MB)
	300320  -  ResidentSetSize of job (KB)
...
006 (10473606.000.000) 2026-03-15 13:58:09 Image size of job updated: 300832
	294  -  MemoryUsage of job (MB)
	300784  -  ResidentSetSize of job (KB)
...
006 (10473606.000.000) 2026-03-15 14:13:10 Image size of job updated: 301652
	295  -  MemoryUsage of job (MB)
	301404  -  ResidentSetSize of job (KB)
...
006 (10473606.000.000) 2026-03-15 14:18:11 Image size of job updated: 302172
	296  -  MemoryUsage of job (MB)
	302112  -  ResidentSetSize of job (KB)
...
006 (10473606.000.000) 2026-03-15 14:28:11 Image size of job updated: 302368
	296  -  MemoryUsage of job (MB)
	302112  -  ResidentSetSize of job (KB)
...
006 (10473606.000.000) 2026-03-15 14:33:12 Image size of job updated: 302880
	296  -  MemoryUsage of job (MB)
	302736  -  ResidentSetSize of job (KB)
...
006 (10473606.000.000) 2026-03-15 14:38:12 Image size of job updated: 303760
	297  -  MemoryUsage of job (MB)
	303592  -  ResidentSetSize of job (KB)
...
006 (10473606.000.000) 2026-03-15 14:53:14 Image size of job updated: 303852
	297  -  MemoryUsage of job (MB)
	303852  -  ResidentSetSize of job (KB)
...
006 (10473606.000.000) 2026-03-15 14:58:14 Image size of job updated: 304364
	298  -  MemoryUsage of job (MB)
	304200  -  ResidentSetSize of job (KB)
...
006 (10473606.000.000) 2026-03-15 15:03:14 Image size of job updated: 320328
	313  -  MemoryUsage of job (MB)
	320260  -  ResidentSetSize of job (KB)
...
006 (10473606.000.000) 2026-03-15 15:18:15 Image size of job updated: 320516
	314  -  MemoryUsage of job (MB)
	320516  -  ResidentSetSize of job (KB)
...
006 (10473606.000.000) 2026-03-15 15:28:17 Image size of job updated: 326628
	319  -  MemoryUsage of job (MB)
	326524  -  ResidentSetSize of job (KB)
...
006 (10473606.000.000) 2026-03-15 15:38:18 Image size of job updated: 326780
	320  -  MemoryUsage of job (MB)
	326780  -  ResidentSetSize of job (KB)
...
006 (10473606.000.000) 2026-03-15 16:13:22 Image size of job updated: 326856
	320  -  MemoryUsage of job (MB)
	326780  -  ResidentSetSize of job (KB)
...
006 (10473606.000.000) 2026-03-15 16:28:23 Image size of job updated: 329992
	323  -  MemoryUsage of job (MB)
	329896  -  ResidentSetSize of job (KB)
...
006 (10473606.000.000) 2026-03-15 16:33:24 Image size of job updated: 333104
	326  -  MemoryUsage of job (MB)
	332884  -  ResidentSetSize of job (KB)
...
006 (10473606.000.000) 2026-03-15 16:38:25 Image size of job updated: 333140
	326  -  MemoryUsage of job (MB)
	333140  -  ResidentSetSize of job (KB)
...
006 (10473606.000.000) 2026-03-15 18:08:34 Image size of job updated: 333144
	326  -  MemoryUsage of job (MB)
	333144  -  ResidentSetSize of job (KB)
...
006 (10473606.000.000) 2026-03-15 19:23:42 Image size of job updated: 333148
	326  -  MemoryUsage of job (MB)
	333148  -  ResidentSetSize of job (KB)
...
006 (10473606.000.000) 2026-03-15 20:03:47 Image size of job updated: 333152
	326  -  MemoryUsage of job (MB)
	333148  -  ResidentSetSize of job (KB)
...
006 (10473606.000.000) 2026-03-15 20:28:50 Image size of job updated: 333160
	326  -  MemoryUsage of job (MB)
	333148  -  ResidentSetSize of job (KB)
...
006 (10473606.000.000) 2026-03-15 20:43:52 Image size of job updated: 333160
	326  -  MemoryUsage of job (MB)
	333156  -  ResidentSetSize of job (KB)
...
006 (10473606.000.000) 2026-03-15 21:03:54 Image size of job updated: 333160
	326  -  MemoryUsage of job (MB)
	333160  -  ResidentSetSize of job (KB)
...
006 (10473606.000.000) 2026-03-15 21:38:57 Image size of job updated: 333164
	326  -  MemoryUsage of job (MB)
	333164  -  ResidentSetSize of job (KB)
...
006 (10473606.000.000) 2026-03-15 21:58:59 Image size of job updated: 333168
	326  -  MemoryUsage of job (MB)
	333168  -  ResidentSetSize of job (KB)
...
006 (10473606.000.000) 2026-03-16 00:09:12 Image size of job updated: 333176
	326  -  MemoryUsage of job (MB)
	333176  -  ResidentSetSize of job (KB)
...
006 (10473606.000.000) 2026-03-16 00:13:44 Image size of job updated: 333436
	326  -  MemoryUsage of job (MB)
	333176  -  ResidentSetSize of job (KB)
...
005 (10473606.000.000) 2026-03-16 00:13:44 Job terminated.
	(1) Normal termination (return value 0)
		Usr 0 13:21:08, Sys 0 00:01:07  -  Run Remote Usage
		Usr 0 00:00:00, Sys 0 00:00:00  -  Run Local Usage
		Usr 0 13:21:08, Sys 0 00:01:07  -  Total Remote Usage
		Usr 0 00:00:00, Sys 0 00:00:00  -  Total Local Usage
	0  -  Run Bytes Sent By Job
	0  -  Run Bytes Received By Job
	0  -  Total Bytes Sent By Job
	0  -  Total Bytes Received By Job
	Partitionable Resources :    Usage  Request Allocated 
	   Cpus                 :     1.00        2         2 
	   Disk (KB)            :  7500     2097152   7541135 
	   Memory (MB)          :   326        8192      8192 

	Job terminated of its own accord at 2026-03-15T23:13:44Z with exit-code 0.
...
