000 (10473605.000.000) 2026-03-15 10:50:21 Job submitted from host: <10.0.8.14:9618?addrs=10.0.8.14-9618&alias=head2.htc.inm7.de&noUDP&sock=schedd_1212952_c2ee>
...
001 (10473605.000.000) 2026-03-15 10:52:42 Job executing on host: <10.0.9.10:9618?addrs=10.0.9.10-9618&alias=cpu10.htc.inm7.de&noUDP&sock=startd_85541_96e8>
...
006 (10473605.000.000) 2026-03-15 10:52:51 Image size of job updated: 196832
	193  -  MemoryUsage of job (MB)
	196824  -  ResidentSetSize of job (KB)
...
006 (10473605.000.000) 2026-03-15 11:12:53 Image size of job updated: 206820
	202  -  MemoryUsage of job (MB)
	206416  -  ResidentSetSize of job (KB)
...
006 (10473605.000.000) 2026-03-15 11:17:55 Image size of job updated: 206820
	202  -  MemoryUsage of job (MB)
	206420  -  ResidentSetSize of job (KB)
...
006 (10473605.000.000) 2026-03-15 13:03:05 Image size of job updated: 207440
	203  -  MemoryUsage of job (MB)
	207196  -  ResidentSetSize of job (KB)
...
006 (10473605.000.000) 2026-03-15 13:13:05 Image size of job updated: 207880
	203  -  MemoryUsage of job (MB)
	207528  -  ResidentSetSize of job (KB)
...
006 (10473605.000.000) 2026-03-15 13:18:06 Image size of job updated: 208296
	204  -  MemoryUsage of job (MB)
	208296  -  ResidentSetSize of job (KB)
...
006 (10473605.000.000) 2026-03-15 13:28:06 Image size of job updated: 209260
	205  -  MemoryUsage of job (MB)
	209260  -  ResidentSetSize of job (KB)
...
006 (10473605.000.000) 2026-03-15 13:38:08 Image size of job updated: 209604
	205  -  MemoryUsage of job (MB)
	209452  -  ResidentSetSize of job (KB)
...
006 (10473605.000.000) 2026-03-15 14:33:13 Image size of job updated: 210220
	206  -  MemoryUsage of job (MB)
	210220  -  ResidentSetSize of job (KB)
...
006 (10473605.000.000) 2026-03-15 14:38:14 Image size of job updated: 210304
	206  -  MemoryUsage of job (MB)
	210220  -  ResidentSetSize of job (KB)
...
006 (10473605.000.000) 2026-03-15 14:43:15 Image size of job updated: 210572
	206  -  MemoryUsage of job (MB)
	210572  -  ResidentSetSize of job (KB)
...
006 (10473605.000.000) 2026-03-15 14:53:15 Image size of job updated: 211204
	207  -  MemoryUsage of job (MB)
	211024  -  ResidentSetSize of job (KB)
...
006 (10473605.000.000) 2026-03-15 14:58:17 Image size of job updated: 211536
	207  -  MemoryUsage of job (MB)
	211372  -  ResidentSetSize of job (KB)
...
006 (10473605.000.000) 2026-03-15 15:18:19 Image size of job updated: 212140
	208  -  MemoryUsage of job (MB)
	211972  -  ResidentSetSize of job (KB)
...
006 (10473605.000.000) 2026-03-15 15:28:19 Image size of job updated: 212484
	208  -  MemoryUsage of job (MB)
	212336  -  ResidentSetSize of job (KB)
...
006 (10473605.000.000) 2026-03-15 15:38:21 Image size of job updated: 213160
	209  -  MemoryUsage of job (MB)
	213160  -  ResidentSetSize of job (KB)
...
006 (10473605.000.000) 2026-03-15 15:43:21 Image size of job updated: 213428
	209  -  MemoryUsage of job (MB)
	213428  -  ResidentSetSize of job (KB)
...
006 (10473605.000.000) 2026-03-15 15:58:23 Image size of job updated: 214068
	210  -  MemoryUsage of job (MB)
	214068  -  ResidentSetSize of job (KB)
...
006 (10473605.000.000) 2026-03-15 16:08:25 Image size of job updated: 214432
	210  -  MemoryUsage of job (MB)
	214268  -  ResidentSetSize of job (KB)
...
006 (10473605.000.000) 2026-03-15 16:18:25 Image size of job updated: 215036
	210  -  MemoryUsage of job (MB)
	215036  -  ResidentSetSize of job (KB)
...
006 (10473605.000.000) 2026-03-15 16:23:26 Image size of job updated: 217628
	211  -  MemoryUsage of job (MB)
	215580  -  ResidentSetSize of job (KB)
...
006 (10473605.000.000) 2026-03-15 16:28:27 Image size of job updated: 221636
	217  -  MemoryUsage of job (MB)
	221636  -  ResidentSetSize of job (KB)
...
006 (10473605.000.000) 2026-03-15 16:33:27 Image size of job updated: 222404
	218  -  MemoryUsage of job (MB)
	222212  -  ResidentSetSize of job (KB)
...
006 (10473605.000.000) 2026-03-15 16:38:27 Image size of job updated: 222468
	218  -  MemoryUsage of job (MB)
	222224  -  ResidentSetSize of job (KB)
...
006 (10473605.000.000) 2026-03-15 16:43:28 Image size of job updated: 239376
	234  -  MemoryUsage of job (MB)
	239376  -  ResidentSetSize of job (KB)
...
006 (10473605.000.000) 2026-03-15 17:03:31 Image size of job updated: 239564
	234  -  MemoryUsage of job (MB)
	239532  -  ResidentSetSize of job (KB)
...
006 (10473605.000.000) 2026-03-15 17:08:31 Image size of job updated: 247212
	242  -  MemoryUsage of job (MB)
	247116  -  ResidentSetSize of job (KB)
...
006 (10473605.000.000) 2026-03-15 17:33:33 Image size of job updated: 247372
	242  -  MemoryUsage of job (MB)
	247184  -  ResidentSetSize of job (KB)
...
006 (10473605.000.000) 2026-03-15 17:38:34 Image size of job updated: 247440
	242  -  MemoryUsage of job (MB)
	247196  -  ResidentSetSize of job (KB)
...
006 (10473605.000.000) 2026-03-15 18:08:37 Image size of job updated: 247452
	242  -  MemoryUsage of job (MB)
	247248  -  ResidentSetSize of job (KB)
...
006 (10473605.000.000) 2026-03-15 18:28:39 Image size of job updated: 247504
	242  -  MemoryUsage of job (MB)
	247476  -  ResidentSetSize of job (KB)
...
006 (10473605.000.000) 2026-03-15 18:48:41 Image size of job updated: 247732
	242  -  MemoryUsage of job (MB)
	247480  -  ResidentSetSize of job (KB)
...
006 (10473605.000.000) 2026-03-15 20:13:50 Image size of job updated: 247736
	242  -  MemoryUsage of job (MB)
	247480  -  ResidentSetSize of job (KB)
...
006 (10473605.000.000) 2026-03-15 21:33:57 Image size of job updated: 247736
	242  -  MemoryUsage of job (MB)
	247736  -  ResidentSetSize of job (KB)
...
006 (10473605.000.000) 2026-03-15 22:39:03 Image size of job updated: 247744
	242  -  MemoryUsage of job (MB)
	247736  -  ResidentSetSize of job (KB)
...
006 (10473605.000.000) 2026-03-15 23:09:06 Image size of job updated: 247748
	242  -  MemoryUsage of job (MB)
	247736  -  ResidentSetSize of job (KB)
...
006 (10473605.000.000) 2026-03-15 23:39:09 Image size of job updated: 247768
	242  -  MemoryUsage of job (MB)
	247736  -  ResidentSetSize of job (KB)
...
006 (10473605.000.000) 2026-03-15 23:59:11 Image size of job updated: 247768
	242  -  MemoryUsage of job (MB)
	247768  -  ResidentSetSize of job (KB)
...
006 (10473605.000.000) 2026-03-16 00:04:12 Image size of job updated: 247772
	242  -  MemoryUsage of job (MB)
	247768  -  ResidentSetSize of job (KB)
...
006 (10473605.000.000) 2026-03-16 01:24:21 Image size of job updated: 247776
	242  -  MemoryUsage of job (MB)
	247768  -  ResidentSetSize of job (KB)
...
006 (10473605.000.000) 2026-03-16 02:24:26 Image size of job updated: 247792
	242  -  MemoryUsage of job (MB)
	247768  -  ResidentSetSize of job (KB)
...
006 (10473605.000.000) 2026-03-16 02:49:28 Image size of job updated: 247800
	242  -  MemoryUsage of job (MB)
	247768  -  ResidentSetSize of job (KB)
...
006 (10473605.000.000) 2026-03-16 03:39:34 Image size of job updated: 247804
	242  -  MemoryUsage of job (MB)
	247768  -  ResidentSetSize of job (KB)
...
006 (10473605.000.000) 2026-03-16 04:09:38 Image size of job updated: 247812
	242  -  MemoryUsage of job (MB)
	247804  -  ResidentSetSize of job (KB)
...
005 (10473605.000.000) 2026-03-16 04:09:43 Job terminated.
	(1) Normal termination (return value 0)
		Usr 0 17:17:16, Sys 0 00:06:09  -  Run Remote Usage
		Usr 0 00:00:00, Sys 0 00:00:00  -  Run Local Usage
		Usr 0 17:17:16, Sys 0 00:06:09  -  Total Remote Usage
		Usr 0 00:00:00, Sys 0 00:00:00  -  Total Local Usage
	0  -  Run Bytes Sent By Job
	0  -  Run Bytes Received By Job
	0  -  Total Bytes Sent By Job
	0  -  Total Bytes Received By Job
	Partitionable Resources :    Usage  Request Allocated 
	   Cpus                 :     1.00        2         2 
	   Disk (KB)            :  7500     2097152   7541135 
	   Memory (MB)          :   242        8192      8192 

	Job terminated of its own accord at 2026-03-16T03:09:43Z with exit-code 0.
...
