000 (10473608.000.000) 2026-03-15 10:50:21 Job submitted from host: <10.0.8.14:9618?addrs=10.0.8.14-9618&alias=head2.htc.inm7.de&noUDP&sock=schedd_1212952_c2ee>
...
001 (10473608.000.000) 2026-03-15 11:12:42 Job executing on host: <10.0.9.10:9618?addrs=10.0.9.10-9618&alias=cpu10.htc.inm7.de&noUDP&sock=startd_85541_96e8>
...
006 (10473608.000.000) 2026-03-15 11:12:50 Image size of job updated: 175128
	171  -  MemoryUsage of job (MB)
	174964  -  ResidentSetSize of job (KB)
...
006 (10473608.000.000) 2026-03-15 11:22:51 Image size of job updated: 175812
	172  -  MemoryUsage of job (MB)
	175812  -  ResidentSetSize of job (KB)
...
006 (10473608.000.000) 2026-03-15 11:32:51 Image size of job updated: 197900
	193  -  MemoryUsage of job (MB)
	197500  -  ResidentSetSize of job (KB)
...
006 (10473608.000.000) 2026-03-15 12:02:54 Image size of job updated: 198008
	194  -  MemoryUsage of job (MB)
	198008  -  ResidentSetSize of job (KB)
...
006 (10473608.000.000) 2026-03-15 12:07:54 Image size of job updated: 198888
	194  -  MemoryUsage of job (MB)
	198600  -  ResidentSetSize of job (KB)
...
006 (10473608.000.000) 2026-03-15 12:12:54 Image size of job updated: 198888
	194  -  MemoryUsage of job (MB)
	198612  -  ResidentSetSize of job (KB)
...
006 (10473608.000.000) 2026-03-15 12:17:54 Image size of job updated: 199124
	195  -  MemoryUsage of job (MB)
	199000  -  ResidentSetSize of job (KB)
...
006 (10473608.000.000) 2026-03-15 12:22:55 Image size of job updated: 199768
	195  -  MemoryUsage of job (MB)
	199612  -  ResidentSetSize of job (KB)
...
006 (10473608.000.000) 2026-03-15 12:32:55 Image size of job updated: 200908
	197  -  MemoryUsage of job (MB)
	200908  -  ResidentSetSize of job (KB)
...
006 (10473608.000.000) 2026-03-15 12:42:56 Image size of job updated: 201164
	197  -  MemoryUsage of job (MB)
	201164  -  ResidentSetSize of job (KB)
...
006 (10473608.000.000) 2026-03-15 13:12:58 Image size of job updated: 201856
	198  -  MemoryUsage of job (MB)
	201856  -  ResidentSetSize of job (KB)
...
006 (10473608.000.000) 2026-03-15 13:17:59 Image size of job updated: 202204
	198  -  MemoryUsage of job (MB)
	202204  -  ResidentSetSize of job (KB)
...
006 (10473608.000.000) 2026-03-15 13:28:00 Image size of job updated: 202844
	199  -  MemoryUsage of job (MB)
	202844  -  ResidentSetSize of job (KB)
...
006 (10473608.000.000) 2026-03-15 13:38:01 Image size of job updated: 203100
	199  -  MemoryUsage of job (MB)
	203100  -  ResidentSetSize of job (KB)
...
006 (10473608.000.000) 2026-03-15 13:53:02 Image size of job updated: 203284
	199  -  MemoryUsage of job (MB)
	203284  -  ResidentSetSize of job (KB)
...
006 (10473608.000.000) 2026-03-15 13:58:03 Image size of job updated: 203796
	200  -  MemoryUsage of job (MB)
	203796  -  ResidentSetSize of job (KB)
...
006 (10473608.000.000) 2026-03-15 14:03:03 Image size of job updated: 204120
	200  -  MemoryUsage of job (MB)
	203972  -  ResidentSetSize of job (KB)
...
006 (10473608.000.000) 2026-03-15 14:13:04 Image size of job updated: 204740
	200  -  MemoryUsage of job (MB)
	204740  -  ResidentSetSize of job (KB)
...
006 (10473608.000.000) 2026-03-15 14:23:05 Image size of job updated: 205252
	201  -  MemoryUsage of job (MB)
	205060  -  ResidentSetSize of job (KB)
...
006 (10473608.000.000) 2026-03-15 14:38:07 Image size of job updated: 205828
	202  -  MemoryUsage of job (MB)
	205828  -  ResidentSetSize of job (KB)
...
006 (10473608.000.000) 2026-03-15 14:43:07 Image size of job updated: 206596
	202  -  MemoryUsage of job (MB)
	206424  -  ResidentSetSize of job (KB)
...
006 (10473608.000.000) 2026-03-15 14:53:09 Image size of job updated: 207192
	203  -  MemoryUsage of job (MB)
	207036  -  ResidentSetSize of job (KB)
...
006 (10473608.000.000) 2026-03-15 15:03:10 Image size of job updated: 207804
	203  -  MemoryUsage of job (MB)
	207804  -  ResidentSetSize of job (KB)
...
006 (10473608.000.000) 2026-03-15 15:13:11 Image size of job updated: 208572
	204  -  MemoryUsage of job (MB)
	208572  -  ResidentSetSize of job (KB)
...
006 (10473608.000.000) 2026-03-15 15:23:11 Image size of job updated: 224564
	220  -  MemoryUsage of job (MB)
	224564  -  ResidentSetSize of job (KB)
...
006 (10473608.000.000) 2026-03-15 15:38:13 Image size of job updated: 224748
	220  -  MemoryUsage of job (MB)
	224748  -  ResidentSetSize of job (KB)
...
006 (10473608.000.000) 2026-03-15 15:43:13 Image size of job updated: 230892
	226  -  MemoryUsage of job (MB)
	230892  -  ResidentSetSize of job (KB)
...
006 (10473608.000.000) 2026-03-15 15:58:15 Image size of job updated: 231020
	226  -  MemoryUsage of job (MB)
	231020  -  ResidentSetSize of job (KB)
...
006 (10473608.000.000) 2026-03-15 16:08:16 Image size of job updated: 231104
	226  -  MemoryUsage of job (MB)
	231020  -  ResidentSetSize of job (KB)
...
006 (10473608.000.000) 2026-03-15 16:23:18 Image size of job updated: 231108
	226  -  MemoryUsage of job (MB)
	231020  -  ResidentSetSize of job (KB)
...
006 (10473608.000.000) 2026-03-15 16:48:21 Image size of job updated: 233132
	226  -  MemoryUsage of job (MB)
	231096  -  ResidentSetSize of job (KB)
...
006 (10473608.000.000) 2026-03-15 16:53:21 Image size of job updated: 233500
	228  -  MemoryUsage of job (MB)
	233020  -  ResidentSetSize of job (KB)
...
006 (10473608.000.000) 2026-03-15 17:03:24 Image size of job updated: 233500
	228  -  MemoryUsage of job (MB)
	233276  -  ResidentSetSize of job (KB)
...
006 (10473608.000.000) 2026-03-15 18:58:36 Image size of job updated: 233500
	228  -  MemoryUsage of job (MB)
	233280  -  ResidentSetSize of job (KB)
...
006 (10473608.000.000) 2026-03-15 20:03:43 Image size of job updated: 233500
	228  -  MemoryUsage of job (MB)
	233288  -  ResidentSetSize of job (KB)
...
006 (10473608.000.000) 2026-03-15 20:43:47 Image size of job updated: 233500
	228  -  MemoryUsage of job (MB)
	233292  -  ResidentSetSize of job (KB)
...
006 (10473608.000.000) 2026-03-15 21:03:49 Image size of job updated: 233500
	228  -  MemoryUsage of job (MB)
	233296  -  ResidentSetSize of job (KB)
...
006 (10473608.000.000) 2026-03-15 21:18:50 Image size of job updated: 233500
	228  -  MemoryUsage of job (MB)
	233300  -  ResidentSetSize of job (KB)
...
006 (10473608.000.000) 2026-03-15 21:43:53 Image size of job updated: 233500
	228  -  MemoryUsage of job (MB)
	233316  -  ResidentSetSize of job (KB)
...
006 (10473608.000.000) 2026-03-15 22:49:00 Image size of job updated: 233500
	228  -  MemoryUsage of job (MB)
	233320  -  ResidentSetSize of job (KB)
...
006 (10473608.000.000) 2026-03-15 23:59:06 Image size of job updated: 233500
	228  -  MemoryUsage of job (MB)
	233324  -  ResidentSetSize of job (KB)
...
005 (10473608.000.000) 2026-03-16 00:17:38 Job terminated.
	(1) Normal termination (return value 0)
		Usr 0 13:04:57, Sys 0 00:01:09  -  Run Remote Usage
		Usr 0 00:00:00, Sys 0 00:00:00  -  Run Local Usage
		Usr 0 13:04:57, Sys 0 00:01:09  -  Total Remote Usage
		Usr 0 00:00:00, Sys 0 00:00:00  -  Total Local Usage
	0  -  Run Bytes Sent By Job
	0  -  Run Bytes Received By Job
	0  -  Total Bytes Sent By Job
	0  -  Total Bytes Received By Job
	Partitionable Resources :    Usage  Request Allocated 
	   Cpus                 :     1.00        2         2 
	   Disk (KB)            :  7500     2097152   7541135 
	   Memory (MB)          :   228        8192      8192 

	Job terminated of its own accord at 2026-03-15T23:17:38Z with exit-code 0.
...
