000 (10473610.000.000) 2026-03-15 10:50:22 Job submitted from host: <10.0.8.14:9618?addrs=10.0.8.14-9618&alias=head2.htc.inm7.de&noUDP&sock=schedd_1212952_c2ee>
...
001 (10473610.000.000) 2026-03-15 11:15:42 Job executing on host: <10.0.9.9:9618?addrs=10.0.9.9-9618&alias=cpu9.htc.inm7.de&noUDP&sock=startd_3408_2ed9>
...
006 (10473610.000.000) 2026-03-15 11:15:51 Image size of job updated: 7500
	5  -  MemoryUsage of job (MB)
	4976  -  ResidentSetSize of job (KB)
...
006 (10473610.000.000) 2026-03-15 11:20:52 Image size of job updated: 447560
	207  -  MemoryUsage of job (MB)
	211760  -  ResidentSetSize of job (KB)
...
006 (10473610.000.000) 2026-03-15 11:25:53 Image size of job updated: 448584
	208  -  MemoryUsage of job (MB)
	212816  -  ResidentSetSize of job (KB)
...
006 (10473610.000.000) 2026-03-15 11:35:53 Image size of job updated: 531556
	231  -  MemoryUsage of job (MB)
	236188  -  ResidentSetSize of job (KB)
...
006 (10473610.000.000) 2026-03-15 12:10:57 Image size of job updated: 532580
	231  -  MemoryUsage of job (MB)
	236188  -  ResidentSetSize of job (KB)
...
006 (10473610.000.000) 2026-03-15 12:15:58 Image size of job updated: 532580
	232  -  MemoryUsage of job (MB)
	236700  -  ResidentSetSize of job (KB)
...
006 (10473610.000.000) 2026-03-15 12:25:59 Image size of job updated: 533604
	232  -  MemoryUsage of job (MB)
	237212  -  ResidentSetSize of job (KB)
...
006 (10473610.000.000) 2026-03-15 12:41:01 Image size of job updated: 534628
	232  -  MemoryUsage of job (MB)
	237212  -  ResidentSetSize of job (KB)
...
006 (10473610.000.000) 2026-03-15 12:51:01 Image size of job updated: 535652
	232  -  MemoryUsage of job (MB)
	237212  -  ResidentSetSize of job (KB)
...
006 (10473610.000.000) 2026-03-15 13:56:09 Image size of job updated: 536676
	232  -  MemoryUsage of job (MB)
	237212  -  ResidentSetSize of job (KB)
...
006 (10473610.000.000) 2026-03-15 14:26:11 Image size of job updated: 537700
	232  -  MemoryUsage of job (MB)
	237212  -  ResidentSetSize of job (KB)
...
006 (10473610.000.000) 2026-03-15 14:46:14 Image size of job updated: 538724
	232  -  MemoryUsage of job (MB)
	237212  -  ResidentSetSize of job (KB)
...
006 (10473610.000.000) 2026-03-15 14:51:15 Image size of job updated: 540740
	232  -  MemoryUsage of job (MB)
	237212  -  ResidentSetSize of job (KB)
...
006 (10473610.000.000) 2026-03-15 15:06:16 Image size of job updated: 541764
	232  -  MemoryUsage of job (MB)
	237212  -  ResidentSetSize of job (KB)
...
006 (10473610.000.000) 2026-03-15 15:26:18 Image size of job updated: 542788
	232  -  MemoryUsage of job (MB)
	237212  -  ResidentSetSize of job (KB)
...
006 (10473610.000.000) 2026-03-15 15:31:19 Image size of job updated: 542788
	232  -  MemoryUsage of job (MB)
	237248  -  ResidentSetSize of job (KB)
...
006 (10473610.000.000) 2026-03-15 15:46:20 Image size of job updated: 543812
	233  -  MemoryUsage of job (MB)
	237760  -  ResidentSetSize of job (KB)
...
006 (10473610.000.000) 2026-03-15 15:56:21 Image size of job updated: 557852
	247  -  MemoryUsage of job (MB)
	252208  -  ResidentSetSize of job (KB)
...
006 (10473610.000.000) 2026-03-15 16:11:22 Image size of job updated: 557852
	247  -  MemoryUsage of job (MB)
	252720  -  ResidentSetSize of job (KB)
...
006 (10473610.000.000) 2026-03-15 17:11:28 Image size of job updated: 557852
	248  -  MemoryUsage of job (MB)
	253280  -  ResidentSetSize of job (KB)
...
006 (10473610.000.000) 2026-03-15 19:31:42 Image size of job updated: 557852
	251  -  MemoryUsage of job (MB)
	256376  -  ResidentSetSize of job (KB)
...
005 (10473610.000.000) 2026-03-16 01:22:28 Job terminated.
	(1) Normal termination (return value 0)
		Usr 0 14:06:39, Sys 0 00:01:15  -  Run Remote Usage
		Usr 0 00:00:00, Sys 0 00:00:00  -  Run Local Usage
		Usr 0 14:06:39, Sys 0 00:01:15  -  Total Remote Usage
		Usr 0 00:00:00, Sys 0 00:00:00  -  Total Local Usage
	0  -  Run Bytes Sent By Job
	0  -  Run Bytes Received By Job
	0  -  Total Bytes Sent By Job
	0  -  Total Bytes Received By Job
	Partitionable Resources :    Usage  Request Allocated 
	   Cpus                 :     1.00        2         2 
	   Disk (KB)            :  7500     2097152   7541655 
	   Memory (MB)          :   251        8192      8192 

	Job terminated of its own accord at 2026-03-16T00:22:28Z with exit-code 0.
...
