000 (10473609.000.000) 2026-03-15 10:50:22 Job submitted from host: <10.0.8.14:9618?addrs=10.0.8.14-9618&alias=head2.htc.inm7.de&noUDP&sock=schedd_1212952_c2ee>
...
001 (10473609.000.000) 2026-03-15 11:14:42 Job executing on host: <10.0.9.12:9618?addrs=10.0.9.12-9618&alias=cpu12.htc.inm7.de&noUDP&sock=startd_122979_f18a>
...
006 (10473609.000.000) 2026-03-15 11:14:50 Image size of job updated: 2097152
	632  -  MemoryUsage of job (MB)
	646960  -  ResidentSetSize of job (KB)
...
006 (10473609.000.000) 2026-03-15 11:19:51 Image size of job updated: 2097152
	748  -  MemoryUsage of job (MB)
	765220  -  ResidentSetSize of job (KB)
...
006 (10473609.000.000) 2026-03-15 11:24:52 Image size of job updated: 2097152
	749  -  MemoryUsage of job (MB)
	766484  -  ResidentSetSize of job (KB)
...
006 (10473609.000.000) 2026-03-15 11:29:52 Image size of job updated: 2097152
	749  -  MemoryUsage of job (MB)
	766496  -  ResidentSetSize of job (KB)
...
006 (10473609.000.000) 2026-03-15 11:34:52 Image size of job updated: 2097152
	770  -  MemoryUsage of job (MB)
	787944  -  ResidentSetSize of job (KB)
...
006 (10473609.000.000) 2026-03-15 11:39:53 Image size of job updated: 2097152
	770  -  MemoryUsage of job (MB)
	787948  -  ResidentSetSize of job (KB)
...
006 (10473609.000.000) 2026-03-15 12:24:58 Image size of job updated: 2097152
	771  -  MemoryUsage of job (MB)
	788556  -  ResidentSetSize of job (KB)
...
006 (10473609.000.000) 2026-03-15 12:34:59 Image size of job updated: 2097152
	771  -  MemoryUsage of job (MB)
	789188  -  ResidentSetSize of job (KB)
...
006 (10473609.000.000) 2026-03-15 12:40:00 Image size of job updated: 2097152
	772  -  MemoryUsage of job (MB)
	789584  -  ResidentSetSize of job (KB)
...
006 (10473609.000.000) 2026-03-15 12:50:00 Image size of job updated: 2097152
	772  -  MemoryUsage of job (MB)
	790184  -  ResidentSetSize of job (KB)
...
006 (10473609.000.000) 2026-03-15 12:55:01 Image size of job updated: 2097152
	774  -  MemoryUsage of job (MB)
	791572  -  ResidentSetSize of job (KB)
...
006 (10473609.000.000) 2026-03-15 13:00:01 Image size of job updated: 2097152
	774  -  MemoryUsage of job (MB)
	791952  -  ResidentSetSize of job (KB)
...
006 (10473609.000.000) 2026-03-15 13:10:02 Image size of job updated: 2097152
	774  -  MemoryUsage of job (MB)
	792320  -  ResidentSetSize of job (KB)
...
006 (10473609.000.000) 2026-03-15 13:55:06 Image size of job updated: 2097152
	775  -  MemoryUsage of job (MB)
	792908  -  ResidentSetSize of job (KB)
...
006 (10473609.000.000) 2026-03-15 14:00:06 Image size of job updated: 2097152
	775  -  MemoryUsage of job (MB)
	792920  -  ResidentSetSize of job (KB)
...
006 (10473609.000.000) 2026-03-15 14:05:07 Image size of job updated: 2097152
	775  -  MemoryUsage of job (MB)
	793300  -  ResidentSetSize of job (KB)
...
006 (10473609.000.000) 2026-03-15 14:15:08 Image size of job updated: 2097152
	776  -  MemoryUsage of job (MB)
	794068  -  ResidentSetSize of job (KB)
...
006 (10473609.000.000) 2026-03-15 14:25:10 Image size of job updated: 2097152
	776  -  MemoryUsage of job (MB)
	794252  -  ResidentSetSize of job (KB)
...
006 (10473609.000.000) 2026-03-15 14:50:12 Image size of job updated: 2097152
	777  -  MemoryUsage of job (MB)
	794836  -  ResidentSetSize of job (KB)
...
006 (10473609.000.000) 2026-03-15 15:00:14 Image size of job updated: 2097152
	777  -  MemoryUsage of job (MB)
	795200  -  ResidentSetSize of job (KB)
...
006 (10473609.000.000) 2026-03-15 15:15:15 Image size of job updated: 2097152
	778  -  MemoryUsage of job (MB)
	796048  -  ResidentSetSize of job (KB)
...
006 (10473609.000.000) 2026-03-15 15:25:16 Image size of job updated: 2097152
	778  -  MemoryUsage of job (MB)
	796184  -  ResidentSetSize of job (KB)
...
006 (10473609.000.000) 2026-03-15 15:50:19 Image size of job updated: 2097152
	779  -  MemoryUsage of job (MB)
	797048  -  ResidentSetSize of job (KB)
...
006 (10473609.000.000) 2026-03-15 16:00:20 Image size of job updated: 2097152
	779  -  MemoryUsage of job (MB)
	797136  -  ResidentSetSize of job (KB)
...
006 (10473609.000.000) 2026-03-15 16:10:22 Image size of job updated: 2097152
	779  -  MemoryUsage of job (MB)
	797392  -  ResidentSetSize of job (KB)
...
006 (10473609.000.000) 2026-03-15 16:15:22 Image size of job updated: 2097152
	780  -  MemoryUsage of job (MB)
	797760  -  ResidentSetSize of job (KB)
...
006 (10473609.000.000) 2026-03-15 16:20:22 Image size of job updated: 2097152
	780  -  MemoryUsage of job (MB)
	798272  -  ResidentSetSize of job (KB)
...
006 (10473609.000.000) 2026-03-15 16:40:24 Image size of job updated: 2097152
	781  -  MemoryUsage of job (MB)
	798880  -  ResidentSetSize of job (KB)
...
006 (10473609.000.000) 2026-03-15 16:50:25 Image size of job updated: 2097152
	794  -  MemoryUsage of job (MB)
	812548  -  ResidentSetSize of job (KB)
...
006 (10473609.000.000) 2026-03-15 17:05:27 Image size of job updated: 2097152
	794  -  MemoryUsage of job (MB)
	812784  -  ResidentSetSize of job (KB)
...
006 (10473609.000.000) 2026-03-15 17:15:27 Image size of job updated: 2097152
	794  -  MemoryUsage of job (MB)
	812840  -  ResidentSetSize of job (KB)
...
006 (10473609.000.000) 2026-03-15 17:30:29 Image size of job updated: 2097152
	795  -  MemoryUsage of job (MB)
	813096  -  ResidentSetSize of job (KB)
...
006 (10473609.000.000) 2026-03-15 19:20:40 Image size of job updated: 2097152
	800  -  MemoryUsage of job (MB)
	818564  -  ResidentSetSize of job (KB)
...
006 (10473609.000.000) 2026-03-15 19:25:41 Image size of job updated: 2097152
	800  -  MemoryUsage of job (MB)
	819108  -  ResidentSetSize of job (KB)
...
006 (10473609.000.000) 2026-03-15 20:30:47 Image size of job updated: 2097152
	801  -  MemoryUsage of job (MB)
	819364  -  ResidentSetSize of job (KB)
...
006 (10473609.000.000) 2026-03-15 22:21:01 Image size of job updated: 2097152
	801  -  MemoryUsage of job (MB)
	819376  -  ResidentSetSize of job (KB)
...
006 (10473609.000.000) 2026-03-15 23:51:11 Image size of job updated: 2097152
	801  -  MemoryUsage of job (MB)
	819388  -  ResidentSetSize of job (KB)
...
006 (10473609.000.000) 2026-03-16 01:16:21 Image size of job updated: 2097152
	801  -  MemoryUsage of job (MB)
	819400  -  ResidentSetSize of job (KB)
...
006 (10473609.000.000) 2026-03-16 01:51:24 Image size of job updated: 2097152
	801  -  MemoryUsage of job (MB)
	819404  -  ResidentSetSize of job (KB)
...
006 (10473609.000.000) 2026-03-16 03:16:32 Image size of job updated: 2097152
	801  -  MemoryUsage of job (MB)
	819420  -  ResidentSetSize of job (KB)
...
005 (10473609.000.000) 2026-03-16 03:20:01 Job terminated.
	(1) Normal termination (return value 0)
		Usr 5 04:38:30, Sys 0 02:41:06  -  Run Remote Usage
		Usr 0 00:00:00, Sys 0 00:00:00  -  Run Local Usage
		Usr 5 04:38:30, Sys 0 02:41:06  -  Total Remote Usage
		Usr 0 00:00:00, Sys 0 00:00:00  -  Total Local Usage
	0  -  Run Bytes Sent By Job
	0  -  Run Bytes Received By Job
	0  -  Total Bytes Sent By Job
	0  -  Total Bytes Received By Job
	Partitionable Resources :    Usage  Request Allocated 
	   Cpus                 :     1.00        2         2 
	   Disk (KB)            :  7500     2097152   7541822 
	   Memory (MB)          :   801        8192      8192 

	Job terminated of its own accord at 2026-03-16T02:20:01Z with exit-code 0.
...
