000 (10476917.000.000) 2026-03-16 19:38:12 Job submitted from host: <10.0.8.14:9618?addrs=10.0.8.14-9618&alias=head2.htc.inm7.de&noUDP&sock=schedd_1212952_c2ee>
...
001 (10476917.000.000) 2026-03-16 21:12:54 Job executing on host: <10.0.9.10:9618?addrs=10.0.9.10-9618&alias=cpu10.htc.inm7.de&noUDP&sock=startd_85541_96e8>
...
006 (10476917.000.000) 2026-03-16 21:13:02 Image size of job updated: 393712
	385  -  MemoryUsage of job (MB)
	393480  -  ResidentSetSize of job (KB)
...
006 (10476917.000.000) 2026-03-16 23:13:14 Image size of job updated: 398024
	389  -  MemoryUsage of job (MB)
	398024  -  ResidentSetSize of job (KB)
...
006 (10476917.000.000) 2026-03-16 23:23:16 Image size of job updated: 398208
	389  -  MemoryUsage of job (MB)
	398208  -  ResidentSetSize of job (KB)
...
006 (10476917.000.000) 2026-03-17 01:13:29 Image size of job updated: 492564
	482  -  MemoryUsage of job (MB)
	492564  -  ResidentSetSize of job (KB)
...
006 (10476917.000.000) 2026-03-17 01:33:31 Image size of job updated: 493368
	482  -  MemoryUsage of job (MB)
	493368  -  ResidentSetSize of job (KB)
...
006 (10476917.000.000) 2026-03-17 06:09:00 Image size of job updated: 496188
	485  -  MemoryUsage of job (MB)
	496188  -  ResidentSetSize of job (KB)
...
006 (10476917.000.000) 2026-03-17 06:49:04 Image size of job updated: 496672
	486  -  MemoryUsage of job (MB)
	496672  -  ResidentSetSize of job (KB)
...
006 (10476917.000.000) 2026-03-17 11:34:31 Image size of job updated: 501084
	486  -  MemoryUsage of job (MB)
	496672  -  ResidentSetSize of job (KB)
...
006 (10476917.000.000) 2026-03-17 15:14:54 Image size of job updated: 523644
	512  -  MemoryUsage of job (MB)
	523536  -  ResidentSetSize of job (KB)
...
006 (10476917.000.000) 2026-03-17 15:34:56 Image size of job updated: 524296
	512  -  MemoryUsage of job (MB)
	523748  -  ResidentSetSize of job (KB)
...
006 (10476917.000.000) 2026-03-17 17:00:04 Image size of job updated: 524296
	512  -  MemoryUsage of job (MB)
	523832  -  ResidentSetSize of job (KB)
...
006 (10476917.000.000) 2026-03-18 02:41:06 Image size of job updated: 526364
	512  -  MemoryUsage of job (MB)
	523832  -  ResidentSetSize of job (KB)
...
006 (10476917.000.000) 2026-03-18 04:56:20 Image size of job updated: 536304
	512  -  MemoryUsage of job (MB)
	523832  -  ResidentSetSize of job (KB)
...
006 (10476917.000.000) 2026-03-18 07:11:33 Image size of job updated: 540720
	512  -  MemoryUsage of job (MB)
	523832  -  ResidentSetSize of job (KB)
...
006 (10476917.000.000) 2026-03-18 09:26:46 Image size of job updated: 545680
	512  -  MemoryUsage of job (MB)
	523832  -  ResidentSetSize of job (KB)
...
006 (10476917.000.000) 2026-03-18 11:27:00 Image size of job updated: 550484
	512  -  MemoryUsage of job (MB)
	523832  -  ResidentSetSize of job (KB)
...
006 (10476917.000.000) 2026-03-18 13:47:14 Image size of job updated: 564276
	512  -  MemoryUsage of job (MB)
	523832  -  ResidentSetSize of job (KB)
...
006 (10476917.000.000) 2026-03-18 15:52:27 Image size of job updated: 573904
	512  -  MemoryUsage of job (MB)
	523832  -  ResidentSetSize of job (KB)
...
006 (10476917.000.000) 2026-03-18 17:57:39 Image size of job updated: 577820
	512  -  MemoryUsage of job (MB)
	523832  -  ResidentSetSize of job (KB)
...
006 (10476917.000.000) 2026-03-18 20:02:50 Image size of job updated: 581980
	512  -  MemoryUsage of job (MB)
	523832  -  ResidentSetSize of job (KB)
...
006 (10476917.000.000) 2026-03-18 22:23:04 Image size of job updated: 586756
	512  -  MemoryUsage of job (MB)
	523832  -  ResidentSetSize of job (KB)
...
006 (10476917.000.000) 2026-03-19 00:33:17 Image size of job updated: 590676
	512  -  MemoryUsage of job (MB)
	523832  -  ResidentSetSize of job (KB)
...
006 (10476917.000.000) 2026-03-19 02:48:30 Image size of job updated: 596156
	515  -  MemoryUsage of job (MB)
	526692  -  ResidentSetSize of job (KB)
...
006 (10476917.000.000) 2026-03-19 02:58:31 Image size of job updated: 596156
	515  -  MemoryUsage of job (MB)
	526948  -  ResidentSetSize of job (KB)
...
006 (10476917.000.000) 2026-03-19 04:48:43 Image size of job updated: 600436
	517  -  MemoryUsage of job (MB)
	528800  -  ResidentSetSize of job (KB)
...
006 (10476917.000.000) 2026-03-19 05:03:45 Image size of job updated: 600436
	519  -  MemoryUsage of job (MB)
	531108  -  ResidentSetSize of job (KB)
...
006 (10476917.000.000) 2026-03-19 07:03:58 Image size of job updated: 604088
	523  -  MemoryUsage of job (MB)
	535088  -  ResidentSetSize of job (KB)
...
006 (10476917.000.000) 2026-03-19 07:13:59 Image size of job updated: 604088
	523  -  MemoryUsage of job (MB)
	535272  -  ResidentSetSize of job (KB)
...
006 (10476917.000.000) 2026-03-19 09:04:10 Image size of job updated: 608248
	542  -  MemoryUsage of job (MB)
	554508  -  ResidentSetSize of job (KB)
...
006 (10476917.000.000) 2026-03-19 09:39:13 Image size of job updated: 608248
	542  -  MemoryUsage of job (MB)
	554524  -  ResidentSetSize of job (KB)
...
006 (10476917.000.000) 2026-03-19 09:44:14 Image size of job updated: 608248
	545  -  MemoryUsage of job (MB)
	557084  -  ResidentSetSize of job (KB)
...
006 (10476917.000.000) 2026-03-19 11:44:27 Image size of job updated: 630252
	546  -  MemoryUsage of job (MB)
	558620  -  ResidentSetSize of job (KB)
...
006 (10476917.000.000) 2026-03-19 11:59:29 Image size of job updated: 630252
	549  -  MemoryUsage of job (MB)
	561256  -  ResidentSetSize of job (KB)
...
006 (10476917.000.000) 2026-03-19 12:09:30 Image size of job updated: 630252
	549  -  MemoryUsage of job (MB)
	561452  -  ResidentSetSize of job (KB)
...
006 (10476917.000.000) 2026-03-19 13:59:40 Image size of job updated: 634428
	550  -  MemoryUsage of job (MB)
	562796  -  ResidentSetSize of job (KB)
...
006 (10476917.000.000) 2026-03-19 14:14:41 Image size of job updated: 634428
	550  -  MemoryUsage of job (MB)
	562884  -  ResidentSetSize of job (KB)
...
006 (10476917.000.000) 2026-03-19 14:19:42 Image size of job updated: 634428
	553  -  MemoryUsage of job (MB)
	565444  -  ResidentSetSize of job (KB)
...
006 (10476917.000.000) 2026-03-19 16:19:56 Image size of job updated: 638584
	557  -  MemoryUsage of job (MB)
	569520  -  ResidentSetSize of job (KB)
...
006 (10476917.000.000) 2026-03-19 16:29:57 Image size of job updated: 638584
	557  -  MemoryUsage of job (MB)
	569776  -  ResidentSetSize of job (KB)
...
006 (10476917.000.000) 2026-03-19 18:20:08 Image size of job updated: 642752
	561  -  MemoryUsage of job (MB)
	573688  -  ResidentSetSize of job (KB)
...
006 (10476917.000.000) 2026-03-19 18:30:09 Image size of job updated: 642752
	561  -  MemoryUsage of job (MB)
	573944  -  ResidentSetSize of job (KB)
...
006 (10476917.000.000) 2026-03-19 20:20:20 Image size of job updated: 647944
	563  -  MemoryUsage of job (MB)
	576312  -  ResidentSetSize of job (KB)
...
006 (10476917.000.000) 2026-03-19 20:35:21 Image size of job updated: 647944
	565  -  MemoryUsage of job (MB)
	577852  -  ResidentSetSize of job (KB)
...
006 (10476917.000.000) 2026-03-19 20:45:22 Image size of job updated: 647944
	565  -  MemoryUsage of job (MB)
	578108  -  ResidentSetSize of job (KB)
...
006 (10476917.000.000) 2026-03-19 22:35:33 Image size of job updated: 652108
	569  -  MemoryUsage of job (MB)
	582012  -  ResidentSetSize of job (KB)
...
006 (10476917.000.000) 2026-03-19 22:45:33 Image size of job updated: 652108
	569  -  MemoryUsage of job (MB)
	582268  -  ResidentSetSize of job (KB)
...
004 (10476917.000.000) 2026-03-20 00:00:40 Job was evicted.
	(0) CPU times
		Usr 3 03:01:47, Sys 0 00:02:54  -  Run Remote Usage
		Usr 0 00:00:00, Sys 0 00:00:00  -  Run Local Usage
	0  -  Run Bytes Sent By Job
	0  -  Run Bytes Received By Job
	Partitionable Resources :    Usage  Request Allocated 
	   Cpus                 :     1.00        2         2 
	   Disk (KB)            :  7500     2097152   7541135 
	   Memory (MB)          :   569        8192      8192 
...
009 (10476917.000.000) 2026-03-20 00:00:40 Job was aborted.
	via condor_rm (by user fkarateke)
...
