000 (10476916.000.000) 2026-03-16 19:38:11 Job submitted from host: <10.0.8.14:9618?addrs=10.0.8.14-9618&alias=head2.htc.inm7.de&noUDP&sock=schedd_1212952_c2ee>
...
001 (10476916.000.000) 2026-03-16 21:06:54 Job executing on host: <10.0.9.10:9618?addrs=10.0.9.10-9618&alias=cpu10.htc.inm7.de&noUDP&sock=startd_85541_96e8>
...
006 (10476916.000.000) 2026-03-16 21:07:02 Image size of job updated: 414504
	405  -  MemoryUsage of job (MB)
	414496  -  ResidentSetSize of job (KB)
...
006 (10476916.000.000) 2026-03-16 23:42:18 Image size of job updated: 419104
	410  -  MemoryUsage of job (MB)
	419040  -  ResidentSetSize of job (KB)
...
006 (10476916.000.000) 2026-03-16 23:52:19 Image size of job updated: 419296
	410  -  MemoryUsage of job (MB)
	419296  -  ResidentSetSize of job (KB)
...
006 (10476916.000.000) 2026-03-17 02:07:32 Image size of job updated: 513672
	502  -  MemoryUsage of job (MB)
	513496  -  ResidentSetSize of job (KB)
...
006 (10476916.000.000) 2026-03-17 03:02:39 Image size of job updated: 514016
	502  -  MemoryUsage of job (MB)
	513788  -  ResidentSetSize of job (KB)
...
006 (10476916.000.000) 2026-03-17 04:22:47 Image size of job updated: 514016
	502  -  MemoryUsage of job (MB)
	513792  -  ResidentSetSize of job (KB)
...
006 (10476916.000.000) 2026-03-17 07:13:02 Image size of job updated: 517324
	506  -  MemoryUsage of job (MB)
	517148  -  ResidentSetSize of job (KB)
...
006 (10476916.000.000) 2026-03-17 07:28:03 Image size of job updated: 519112
	507  -  MemoryUsage of job (MB)
	519012  -  ResidentSetSize of job (KB)
...
006 (10476916.000.000) 2026-03-17 07:43:05 Image size of job updated: 519112
	507  -  MemoryUsage of job (MB)
	519112  -  ResidentSetSize of job (KB)
...
006 (10476916.000.000) 2026-03-17 12:08:31 Image size of job updated: 524152
	507  -  MemoryUsage of job (MB)
	519112  -  ResidentSetSize of job (KB)
...
006 (10476916.000.000) 2026-03-17 15:13:52 Image size of job updated: 540400
	528  -  MemoryUsage of job (MB)
	540288  -  ResidentSetSize of job (KB)
...
006 (10476916.000.000) 2026-03-17 15:28:53 Image size of job updated: 540616
	528  -  MemoryUsage of job (MB)
	540528  -  ResidentSetSize of job (KB)
...
006 (10476916.000.000) 2026-03-17 15:48:56 Image size of job updated: 540660
	528  -  MemoryUsage of job (MB)
	540528  -  ResidentSetSize of job (KB)
...
006 (10476916.000.000) 2026-03-18 00:09:46 Image size of job updated: 541436
	528  -  MemoryUsage of job (MB)
	540528  -  ResidentSetSize of job (KB)
...
006 (10476916.000.000) 2026-03-18 02:25:01 Image size of job updated: 545588
	528  -  MemoryUsage of job (MB)
	540528  -  ResidentSetSize of job (KB)
...
006 (10476916.000.000) 2026-03-18 04:45:14 Image size of job updated: 552056
	528  -  MemoryUsage of job (MB)
	540528  -  ResidentSetSize of job (KB)
...
006 (10476916.000.000) 2026-03-18 07:10:30 Image size of job updated: 556512
	528  -  MemoryUsage of job (MB)
	540528  -  ResidentSetSize of job (KB)
...
006 (10476916.000.000) 2026-03-18 09:30:42 Image size of job updated: 560524
	528  -  MemoryUsage of job (MB)
	540528  -  ResidentSetSize of job (KB)
...
006 (10476916.000.000) 2026-03-18 11:35:54 Image size of job updated: 566352
	528  -  MemoryUsage of job (MB)
	540528  -  ResidentSetSize of job (KB)
...
006 (10476916.000.000) 2026-03-18 13:56:09 Image size of job updated: 581532
	528  -  MemoryUsage of job (MB)
	540528  -  ResidentSetSize of job (KB)
...
006 (10476916.000.000) 2026-03-18 16:01:21 Image size of job updated: 589688
	528  -  MemoryUsage of job (MB)
	540528  -  ResidentSetSize of job (KB)
...
006 (10476916.000.000) 2026-03-18 18:11:35 Image size of job updated: 593656
	528  -  MemoryUsage of job (MB)
	540528  -  ResidentSetSize of job (KB)
...
006 (10476916.000.000) 2026-03-18 20:26:49 Image size of job updated: 597816
	528  -  MemoryUsage of job (MB)
	540528  -  ResidentSetSize of job (KB)
...
006 (10476916.000.000) 2026-03-18 22:42:05 Image size of job updated: 602684
	528  -  MemoryUsage of job (MB)
	540528  -  ResidentSetSize of job (KB)
...
006 (10476916.000.000) 2026-03-19 00:57:19 Image size of job updated: 606620
	528  -  MemoryUsage of job (MB)
	540528  -  ResidentSetSize of job (KB)
...
006 (10476916.000.000) 2026-03-19 03:12:33 Image size of job updated: 611848
	530  -  MemoryUsage of job (MB)
	542340  -  ResidentSetSize of job (KB)
...
006 (10476916.000.000) 2026-03-19 03:22:34 Image size of job updated: 611848
	530  -  MemoryUsage of job (MB)
	542356  -  ResidentSetSize of job (KB)
...
006 (10476916.000.000) 2026-03-19 05:12:46 Image size of job updated: 616084
	532  -  MemoryUsage of job (MB)
	544316  -  ResidentSetSize of job (KB)
...
006 (10476916.000.000) 2026-03-19 05:32:47 Image size of job updated: 616084
	534  -  MemoryUsage of job (MB)
	546504  -  ResidentSetSize of job (KB)
...
006 (10476916.000.000) 2026-03-19 05:42:48 Image size of job updated: 616084
	534  -  MemoryUsage of job (MB)
	546520  -  ResidentSetSize of job (KB)
...
006 (10476916.000.000) 2026-03-19 07:38:02 Image size of job updated: 619856
	536  -  MemoryUsage of job (MB)
	547920  -  ResidentSetSize of job (KB)
...
006 (10476916.000.000) 2026-03-19 07:43:02 Image size of job updated: 619856
	538  -  MemoryUsage of job (MB)
	550648  -  ResidentSetSize of job (KB)
...
006 (10476916.000.000) 2026-03-19 07:53:04 Image size of job updated: 619856
	538  -  MemoryUsage of job (MB)
	550664  -  ResidentSetSize of job (KB)
...
006 (10476916.000.000) 2026-03-19 09:43:14 Image size of job updated: 623880
	557  -  MemoryUsage of job (MB)
	570072  -  ResidentSetSize of job (KB)
...
006 (10476916.000.000) 2026-03-19 10:18:17 Image size of job updated: 623880
	557  -  MemoryUsage of job (MB)
	570328  -  ResidentSetSize of job (KB)
...
006 (10476916.000.000) 2026-03-19 10:28:18 Image size of job updated: 623880
	560  -  MemoryUsage of job (MB)
	572840  -  ResidentSetSize of job (KB)
...
006 (10476916.000.000) 2026-03-19 10:38:19 Image size of job updated: 623880
	560  -  MemoryUsage of job (MB)
	573096  -  ResidentSetSize of job (KB)
...
006 (10476916.000.000) 2026-03-19 12:28:31 Image size of job updated: 646200
	561  -  MemoryUsage of job (MB)
	574260  -  ResidentSetSize of job (KB)
...
006 (10476916.000.000) 2026-03-19 12:43:32 Image size of job updated: 646200
	562  -  MemoryUsage of job (MB)
	574516  -  ResidentSetSize of job (KB)
...
006 (10476916.000.000) 2026-03-19 12:53:34 Image size of job updated: 646200
	564  -  MemoryUsage of job (MB)
	577004  -  ResidentSetSize of job (KB)
...
006 (10476916.000.000) 2026-03-19 13:03:34 Image size of job updated: 646200
	564  -  MemoryUsage of job (MB)
	577020  -  ResidentSetSize of job (KB)
...
006 (10476916.000.000) 2026-03-19 14:53:46 Image size of job updated: 650236
	566  -  MemoryUsage of job (MB)
	578604  -  ResidentSetSize of job (KB)
...
006 (10476916.000.000) 2026-03-19 15:13:48 Image size of job updated: 650236
	568  -  MemoryUsage of job (MB)
	581172  -  ResidentSetSize of job (KB)
...
006 (10476916.000.000) 2026-03-19 15:23:49 Image size of job updated: 650236
	568  -  MemoryUsage of job (MB)
	581428  -  ResidentSetSize of job (KB)
...
006 (10476916.000.000) 2026-03-19 16:08:54 Image size of job updated: 650236
	570  -  MemoryUsage of job (MB)
	582660  -  ResidentSetSize of job (KB)
...
006 (10476916.000.000) 2026-03-19 16:13:54 Image size of job updated: 650236
	570  -  MemoryUsage of job (MB)
	582692  -  ResidentSetSize of job (KB)
...
006 (10476916.000.000) 2026-03-19 17:14:01 Image size of job updated: 655908
	574  -  MemoryUsage of job (MB)
	586956  -  ResidentSetSize of job (KB)
...
006 (10476916.000.000) 2026-03-19 17:24:01 Image size of job updated: 655908
	574  -  MemoryUsage of job (MB)
	587076  -  ResidentSetSize of job (KB)
...
006 (10476916.000.000) 2026-03-19 19:34:15 Image size of job updated: 660212
	578  -  MemoryUsage of job (MB)
	590992  -  ResidentSetSize of job (KB)
...
006 (10476916.000.000) 2026-03-19 19:49:16 Image size of job updated: 660212
	578  -  MemoryUsage of job (MB)
	591008  -  ResidentSetSize of job (KB)
...
006 (10476916.000.000) 2026-03-19 22:09:32 Image size of job updated: 664392
	579  -  MemoryUsage of job (MB)
	592456  -  ResidentSetSize of job (KB)
...
006 (10476916.000.000) 2026-03-19 22:24:33 Image size of job updated: 664392
	582  -  MemoryUsage of job (MB)
	595272  -  ResidentSetSize of job (KB)
...
006 (10476916.000.000) 2026-03-19 22:34:35 Image size of job updated: 664392
	582  -  MemoryUsage of job (MB)
	595424  -  ResidentSetSize of job (KB)
...
004 (10476916.000.000) 2026-03-20 00:00:40 Job was evicted.
	(0) CPU times
		Usr 3 05:06:23, Sys 0 00:04:57  -  Run Remote Usage
		Usr 0 00:00:00, Sys 0 00:00:00  -  Run Local Usage
	0  -  Run Bytes Sent By Job
	0  -  Run Bytes Received By Job
	Partitionable Resources :    Usage  Request Allocated 
	   Cpus                 :     1.00        2         2 
	   Disk (KB)            :  7500     2097152   7541135 
	   Memory (MB)          :   582        8192      8192 
...
009 (10476916.000.000) 2026-03-20 00:00:40 Job was aborted.
	via condor_rm (by user fkarateke)
...
