000 (10476913.000.000) 2026-03-16 19:38:06 Job submitted from host: <10.0.8.14:9618?addrs=10.0.8.14-9618&alias=head2.htc.inm7.de&noUDP&sock=schedd_1212952_c2ee>
...
001 (10476913.000.000) 2026-03-16 19:55:27 Job executing on host: <10.0.9.52:9618?addrs=10.0.9.52-9618&alias=cpu52.htc.inm7.de&noUDP&sock=startd_3389_268d>
...
006 (10476913.000.000) 2026-03-16 19:55:35 Image size of job updated: 7500
	6  -  MemoryUsage of job (MB)
	5492  -  ResidentSetSize of job (KB)
...
006 (10476913.000.000) 2026-03-16 20:00:35 Image size of job updated: 591544
	348  -  MemoryUsage of job (MB)
	355536  -  ResidentSetSize of job (KB)
...
006 (10476913.000.000) 2026-03-16 21:05:43 Image size of job updated: 597164
	352  -  MemoryUsage of job (MB)
	359736  -  ResidentSetSize of job (KB)
...
006 (10476913.000.000) 2026-03-16 22:15:51 Image size of job updated: 755964
	449  -  MemoryUsage of job (MB)
	459160  -  ResidentSetSize of job (KB)
...
006 (10476913.000.000) 2026-03-17 00:11:01 Image size of job updated: 759380
	452  -  MemoryUsage of job (MB)
	462504  -  ResidentSetSize of job (KB)
...
006 (10476913.000.000) 2026-03-17 03:21:20 Image size of job updated: 779140
	472  -  MemoryUsage of job (MB)
	482612  -  ResidentSetSize of job (KB)
...
006 (10476913.000.000) 2026-03-17 20:58:09 Image size of job updated: 779140
	472  -  MemoryUsage of job (MB)
	483044  -  ResidentSetSize of job (KB)
...
006 (10476913.000.000) 2026-03-17 22:08:17 Image size of job updated: 779140
	477  -  MemoryUsage of job (MB)
	487964  -  ResidentSetSize of job (KB)
...
006 (10476913.000.000) 2026-03-17 23:13:23 Image size of job updated: 779968
	479  -  MemoryUsage of job (MB)
	490012  -  ResidentSetSize of job (KB)
...
006 (10476913.000.000) 2026-03-17 23:23:25 Image size of job updated: 783040
	481  -  MemoryUsage of job (MB)
	492060  -  ResidentSetSize of job (KB)
...
006 (10476913.000.000) 2026-03-18 00:33:33 Image size of job updated: 787136
	485  -  MemoryUsage of job (MB)
	496244  -  ResidentSetSize of job (KB)
...
006 (10476913.000.000) 2026-03-18 01:43:41 Image size of job updated: 805180
	503  -  MemoryUsage of job (MB)
	514832  -  ResidentSetSize of job (KB)
...
006 (10476913.000.000) 2026-03-18 02:03:43 Image size of job updated: 808252
	506  -  MemoryUsage of job (MB)
	517392  -  ResidentSetSize of job (KB)
...
006 (10476913.000.000) 2026-03-18 02:13:44 Image size of job updated: 808252
	506  -  MemoryUsage of job (MB)
	517648  -  ResidentSetSize of job (KB)
...
006 (10476913.000.000) 2026-03-18 03:13:51 Image size of job updated: 809276
	507  -  MemoryUsage of job (MB)
	519048  -  ResidentSetSize of job (KB)
...
006 (10476913.000.000) 2026-03-18 03:23:52 Image size of job updated: 812348
	510  -  MemoryUsage of job (MB)
	521608  -  ResidentSetSize of job (KB)
...
006 (10476913.000.000) 2026-03-18 04:33:58 Image size of job updated: 813372
	511  -  MemoryUsage of job (MB)
	523216  -  ResidentSetSize of job (KB)
...
006 (10476913.000.000) 2026-03-18 04:44:00 Image size of job updated: 816444
	514  -  MemoryUsage of job (MB)
	525776  -  ResidentSetSize of job (KB)
...
006 (10476913.000.000) 2026-03-18 05:54:07 Image size of job updated: 820540
	518  -  MemoryUsage of job (MB)
	529936  -  ResidentSetSize of job (KB)
...
006 (10476913.000.000) 2026-03-18 06:59:12 Image size of job updated: 824636
	522  -  MemoryUsage of job (MB)
	534104  -  ResidentSetSize of job (KB)
...
006 (10476913.000.000) 2026-03-18 08:09:19 Image size of job updated: 825660
	524  -  MemoryUsage of job (MB)
	535696  -  ResidentSetSize of job (KB)
...
006 (10476913.000.000) 2026-03-18 08:19:21 Image size of job updated: 828732
	526  -  MemoryUsage of job (MB)
	538256  -  ResidentSetSize of job (KB)
...
006 (10476913.000.000) 2026-03-18 09:24:26 Image size of job updated: 832828
	530  -  MemoryUsage of job (MB)
	542364  -  ResidentSetSize of job (KB)
...
006 (10476913.000.000) 2026-03-18 10:34:33 Image size of job updated: 841328
	539  -  MemoryUsage of job (MB)
	551316  -  ResidentSetSize of job (KB)
...
006 (10476913.000.000) 2026-03-18 10:49:35 Image size of job updated: 843376
	541  -  MemoryUsage of job (MB)
	553108  -  ResidentSetSize of job (KB)
...
006 (10476913.000.000) 2026-03-18 11:59:43 Image size of job updated: 845424
	543  -  MemoryUsage of job (MB)
	555452  -  ResidentSetSize of job (KB)
...
006 (10476913.000.000) 2026-03-18 12:04:44 Image size of job updated: 847472
	545  -  MemoryUsage of job (MB)
	557244  -  ResidentSetSize of job (KB)
...
006 (10476913.000.000) 2026-03-18 13:09:51 Image size of job updated: 851568
	549  -  MemoryUsage of job (MB)
	561360  -  ResidentSetSize of job (KB)
...
006 (10476913.000.000) 2026-03-18 14:19:58 Image size of job updated: 855664
	553  -  MemoryUsage of job (MB)
	565452  -  ResidentSetSize of job (KB)
...
006 (10476913.000.000) 2026-03-18 15:30:05 Image size of job updated: 860784
	557  -  MemoryUsage of job (MB)
	569812  -  ResidentSetSize of job (KB)
...
006 (10476913.000.000) 2026-03-18 16:40:12 Image size of job updated: 864880
	561  -  MemoryUsage of job (MB)
	573904  -  ResidentSetSize of job (KB)
...
006 (10476913.000.000) 2026-03-18 17:45:19 Image size of job updated: 868976
	565  -  MemoryUsage of job (MB)
	578196  -  ResidentSetSize of job (KB)
...
006 (10476913.000.000) 2026-03-18 18:55:25 Image size of job updated: 870000
	567  -  MemoryUsage of job (MB)
	580216  -  ResidentSetSize of job (KB)
...
006 (10476913.000.000) 2026-03-18 19:00:26 Image size of job updated: 873072
	569  -  MemoryUsage of job (MB)
	582264  -  ResidentSetSize of job (KB)
...
006 (10476913.000.000) 2026-03-18 20:05:33 Image size of job updated: 876060
	572  -  MemoryUsage of job (MB)
	585684  -  ResidentSetSize of job (KB)
...
006 (10476913.000.000) 2026-03-18 20:15:33 Image size of job updated: 879132
	575  -  MemoryUsage of job (MB)
	588500  -  ResidentSetSize of job (KB)
...
006 (10476913.000.000) 2026-03-18 21:20:41 Image size of job updated: 883228
	579  -  MemoryUsage of job (MB)
	592540  -  ResidentSetSize of job (KB)
...
006 (10476913.000.000) 2026-03-18 22:30:47 Image size of job updated: 889060
	585  -  MemoryUsage of job (MB)
	598740  -  ResidentSetSize of job (KB)
...
006 (10476913.000.000) 2026-03-18 22:35:48 Image size of job updated: 892132
	588  -  MemoryUsage of job (MB)
	601556  -  ResidentSetSize of job (KB)
...
006 (10476913.000.000) 2026-03-18 23:40:54 Image size of job updated: 896228
	592  -  MemoryUsage of job (MB)
	605656  -  ResidentSetSize of job (KB)
...
006 (10476913.000.000) 2026-03-19 00:51:01 Image size of job updated: 897252
	594  -  MemoryUsage of job (MB)
	607268  -  ResidentSetSize of job (KB)
...
006 (10476913.000.000) 2026-03-19 00:56:02 Image size of job updated: 900324
	596  -  MemoryUsage of job (MB)
	609828  -  ResidentSetSize of job (KB)
...
006 (10476913.000.000) 2026-03-19 02:06:09 Image size of job updated: 904420
	600  -  MemoryUsage of job (MB)
	613984  -  ResidentSetSize of job (KB)
...
006 (10476913.000.000) 2026-03-19 03:11:17 Image size of job updated: 917016
	613  -  MemoryUsage of job (MB)
	627144  -  ResidentSetSize of job (KB)
...
006 (10476913.000.000) 2026-03-19 03:26:18 Image size of job updated: 920088
	615  -  MemoryUsage of job (MB)
	629704  -  ResidentSetSize of job (KB)
...
006 (10476913.000.000) 2026-03-19 04:36:26 Image size of job updated: 922136
	618  -  MemoryUsage of job (MB)
	632328  -  ResidentSetSize of job (KB)
...
006 (10476913.000.000) 2026-03-19 04:41:26 Image size of job updated: 924184
	620  -  MemoryUsage of job (MB)
	633864  -  ResidentSetSize of job (KB)
...
006 (10476913.000.000) 2026-03-19 05:51:32 Image size of job updated: 928280
	624  -  MemoryUsage of job (MB)
	637984  -  ResidentSetSize of job (KB)
...
006 (10476913.000.000) 2026-03-19 05:56:33 Image size of job updated: 928280
	624  -  MemoryUsage of job (MB)
	638240  -  ResidentSetSize of job (KB)
...
006 (10476913.000.000) 2026-03-19 06:56:38 Image size of job updated: 930328
	626  -  MemoryUsage of job (MB)
	640540  -  ResidentSetSize of job (KB)
...
006 (10476913.000.000) 2026-03-19 07:06:38 Image size of job updated: 932376
	628  -  MemoryUsage of job (MB)
	642332  -  ResidentSetSize of job (KB)
...
006 (10476913.000.000) 2026-03-19 08:11:46 Image size of job updated: 934424
	630  -  MemoryUsage of job (MB)
	644612  -  ResidentSetSize of job (KB)
...
006 (10476913.000.000) 2026-03-19 08:16:46 Image size of job updated: 936472
	632  -  MemoryUsage of job (MB)
	646404  -  ResidentSetSize of job (KB)
...
006 (10476913.000.000) 2026-03-19 09:26:53 Image size of job updated: 944664
	640  -  MemoryUsage of job (MB)
	654740  -  ResidentSetSize of job (KB)
...
006 (10476913.000.000) 2026-03-19 09:31:54 Image size of job updated: 946712
	642  -  MemoryUsage of job (MB)
	656532  -  ResidentSetSize of job (KB)
...
006 (10476913.000.000) 2026-03-19 10:42:01 Image size of job updated: 957320
	652  -  MemoryUsage of job (MB)
	667252  -  ResidentSetSize of job (KB)
...
006 (10476913.000.000) 2026-03-19 10:57:02 Image size of job updated: 960392
	654  -  MemoryUsage of job (MB)
	669300  -  ResidentSetSize of job (KB)
...
006 (10476913.000.000) 2026-03-19 12:07:10 Image size of job updated: 1035956
	728  -  MemoryUsage of job (MB)
	745000  -  ResidentSetSize of job (KB)
...
006 (10476913.000.000) 2026-03-19 13:12:18 Image size of job updated: 1081644
	774  -  MemoryUsage of job (MB)
	791620  -  ResidentSetSize of job (KB)
...
006 (10476913.000.000) 2026-03-19 14:47:27 Image size of job updated: 1082960
	775  -  MemoryUsage of job (MB)
	792856  -  ResidentSetSize of job (KB)
...
006 (10476913.000.000) 2026-03-19 16:12:36 Image size of job updated: 1084460
	776  -  MemoryUsage of job (MB)
	794456  -  ResidentSetSize of job (KB)
...
006 (10476913.000.000) 2026-03-19 17:42:46 Image size of job updated: 1084916
	776  -  MemoryUsage of job (MB)
	794616  -  ResidentSetSize of job (KB)
...
006 (10476913.000.000) 2026-03-19 20:43:06 Image size of job updated: 1084916
	777  -  MemoryUsage of job (MB)
	794668  -  ResidentSetSize of job (KB)
...
004 (10476913.000.000) 2026-03-20 00:00:40 Job was evicted.
	(0) CPU times
		Usr 3 05:12:17, Sys 0 00:04:55  -  Run Remote Usage
		Usr 0 00:00:00, Sys 0 00:00:00  -  Run Local Usage
	0  -  Run Bytes Sent By Job
	0  -  Run Bytes Received By Job
	Partitionable Resources :    Usage  Request Allocated 
	   Cpus                 :     1.00        2         2 
	   Disk (KB)            :  7500     2097152  14864606 
	   Memory (MB)          :   777        8192      8192 
...
009 (10476913.000.000) 2026-03-20 00:00:40 Job was aborted.
	via condor_rm (by user fkarateke)
...
