000 (10476915.000.000) 2026-03-16 19:38:09 Job submitted from host: <10.0.8.14:9618?addrs=10.0.8.14-9618&alias=head2.htc.inm7.de&noUDP&sock=schedd_1212952_c2ee>
...
001 (10476915.000.000) 2026-03-16 21:06:54 Job executing on host: <10.0.9.10:9618?addrs=10.0.9.10-9618&alias=cpu10.htc.inm7.de&noUDP&sock=startd_85541_96e8>
...
006 (10476915.000.000) 2026-03-16 21:07:02 Image size of job updated: 407756
	399  -  MemoryUsage of job (MB)
	407756  -  ResidentSetSize of job (KB)
...
006 (10476915.000.000) 2026-03-17 01:52:31 Image size of job updated: 459756
	449  -  MemoryUsage of job (MB)
	459756  -  ResidentSetSize of job (KB)
...
006 (10476915.000.000) 2026-03-17 02:37:36 Image size of job updated: 460016
	450  -  MemoryUsage of job (MB)
	460016  -  ResidentSetSize of job (KB)
...
006 (10476915.000.000) 2026-03-17 03:47:45 Image size of job updated: 460052
	450  -  MemoryUsage of job (MB)
	460052  -  ResidentSetSize of job (KB)
...
006 (10476915.000.000) 2026-03-17 08:43:13 Image size of job updated: 462820
	452  -  MemoryUsage of job (MB)
	462740  -  ResidentSetSize of job (KB)
...
006 (10476915.000.000) 2026-03-17 09:08:15 Image size of job updated: 464952
	454  -  MemoryUsage of job (MB)
	464732  -  ResidentSetSize of job (KB)
...
006 (10476915.000.000) 2026-03-17 10:13:21 Image size of job updated: 464952
	455  -  MemoryUsage of job (MB)
	464944  -  ResidentSetSize of job (KB)
...
006 (10476915.000.000) 2026-03-17 11:28:28 Image size of job updated: 466788
	455  -  MemoryUsage of job (MB)
	464944  -  ResidentSetSize of job (KB)
...
006 (10476915.000.000) 2026-03-17 13:48:41 Image size of job updated: 468656
	455  -  MemoryUsage of job (MB)
	464944  -  ResidentSetSize of job (KB)
...
006 (10476915.000.000) 2026-03-17 16:49:00 Image size of job updated: 485204
	474  -  MemoryUsage of job (MB)
	484952  -  ResidentSetSize of job (KB)
...
006 (10476915.000.000) 2026-03-17 17:09:02 Image size of job updated: 485572
	474  -  MemoryUsage of job (MB)
	485324  -  ResidentSetSize of job (KB)
...
006 (10476915.000.000) 2026-03-17 17:24:04 Image size of job updated: 485576
	475  -  MemoryUsage of job (MB)
	485576  -  ResidentSetSize of job (KB)
...
006 (10476915.000.000) 2026-03-18 03:15:02 Image size of job updated: 486728
	475  -  MemoryUsage of job (MB)
	485576  -  ResidentSetSize of job (KB)
...
006 (10476915.000.000) 2026-03-18 05:45:20 Image size of job updated: 490872
	475  -  MemoryUsage of job (MB)
	485576  -  ResidentSetSize of job (KB)
...
006 (10476915.000.000) 2026-03-18 08:15:34 Image size of job updated: 497168
	475  -  MemoryUsage of job (MB)
	485576  -  ResidentSetSize of job (KB)
...
006 (10476915.000.000) 2026-03-18 10:40:48 Image size of job updated: 501624
	475  -  MemoryUsage of job (MB)
	485576  -  ResidentSetSize of job (KB)
...
006 (10476915.000.000) 2026-03-18 13:16:04 Image size of job updated: 505816
	475  -  MemoryUsage of job (MB)
	485576  -  ResidentSetSize of job (KB)
...
006 (10476915.000.000) 2026-03-18 16:56:26 Image size of job updated: 509992
	475  -  MemoryUsage of job (MB)
	485576  -  ResidentSetSize of job (KB)
...
006 (10476915.000.000) 2026-03-18 20:51:51 Image size of job updated: 525084
	475  -  MemoryUsage of job (MB)
	485576  -  ResidentSetSize of job (KB)
...
006 (10476915.000.000) 2026-03-18 23:07:03 Image size of job updated: 528100
	475  -  MemoryUsage of job (MB)
	485576  -  ResidentSetSize of job (KB)
...
006 (10476915.000.000) 2026-03-19 01:22:16 Image size of job updated: 534180
	475  -  MemoryUsage of job (MB)
	485576  -  ResidentSetSize of job (KB)
...
006 (10476915.000.000) 2026-03-19 03:42:30 Image size of job updated: 538352
	475  -  MemoryUsage of job (MB)
	485576  -  ResidentSetSize of job (KB)
...
006 (10476915.000.000) 2026-03-19 06:12:48 Image size of job updated: 543216
	475  -  MemoryUsage of job (MB)
	485576  -  ResidentSetSize of job (KB)
...
006 (10476915.000.000) 2026-03-19 08:38:02 Image size of job updated: 547404
	475  -  MemoryUsage of job (MB)
	485576  -  ResidentSetSize of job (KB)
...
006 (10476915.000.000) 2026-03-19 11:38:19 Image size of job updated: 553100
	475  -  MemoryUsage of job (MB)
	485576  -  ResidentSetSize of job (KB)
...
006 (10476915.000.000) 2026-03-19 14:18:36 Image size of job updated: 557260
	475  -  MemoryUsage of job (MB)
	485788  -  ResidentSetSize of job (KB)
...
006 (10476915.000.000) 2026-03-19 14:38:38 Image size of job updated: 557260
	477  -  MemoryUsage of job (MB)
	487872  -  ResidentSetSize of job (KB)
...
006 (10476915.000.000) 2026-03-19 16:53:52 Image size of job updated: 561456
	481  -  MemoryUsage of job (MB)
	491980  -  ResidentSetSize of job (KB)
...
006 (10476915.000.000) 2026-03-19 19:09:06 Image size of job updated: 565588
	500  -  MemoryUsage of job (MB)
	511008  -  ResidentSetSize of job (KB)
...
006 (10476915.000.000) 2026-03-19 19:39:10 Image size of job updated: 565588
	500  -  MemoryUsage of job (MB)
	511088  -  ResidentSetSize of job (KB)
...
006 (10476915.000.000) 2026-03-19 19:49:12 Image size of job updated: 565588
	502  -  MemoryUsage of job (MB)
	513136  -  ResidentSetSize of job (KB)
...
006 (10476915.000.000) 2026-03-19 20:04:14 Image size of job updated: 565588
	502  -  MemoryUsage of job (MB)
	513324  -  ResidentSetSize of job (KB)
...
006 (10476915.000.000) 2026-03-19 22:04:26 Image size of job updated: 586556
	504  -  MemoryUsage of job (MB)
	515084  -  ResidentSetSize of job (KB)
...
006 (10476915.000.000) 2026-03-19 22:19:27 Image size of job updated: 586556
	504  -  MemoryUsage of job (MB)
	515192  -  ResidentSetSize of job (KB)
...
006 (10476915.000.000) 2026-03-19 22:24:28 Image size of job updated: 586556
	506  -  MemoryUsage of job (MB)
	517492  -  ResidentSetSize of job (KB)
...
004 (10476915.000.000) 2026-03-20 00:00:40 Job was evicted.
	(0) CPU times
		Usr 3 05:59:22, Sys 0 00:05:35  -  Run Remote Usage
		Usr 0 00:00:00, Sys 0 00:00:00  -  Run Local Usage
	0  -  Run Bytes Sent By Job
	0  -  Run Bytes Received By Job
	Partitionable Resources :    Usage  Request Allocated 
	   Cpus                 :     1.00        2         2 
	   Disk (KB)            :  7500     2097152   7541135 
	   Memory (MB)          :   506        8192      8192 
...
009 (10476915.000.000) 2026-03-20 00:00:40 Job was aborted.
	via condor_rm (by user fkarateke)
...
