000 (10476914.000.000) 2026-03-16 19:38:08 Job submitted from host: <10.0.8.14:9618?addrs=10.0.8.14-9618&alias=head2.htc.inm7.de&noUDP&sock=schedd_1212952_c2ee>
...
001 (10476914.000.000) 2026-03-16 21:04:54 Job executing on host: <10.0.9.9:9618?addrs=10.0.9.9-9618&alias=cpu9.htc.inm7.de&noUDP&sock=startd_3408_2ed9>
...
006 (10476914.000.000) 2026-03-16 21:05:02 Image size of job updated: 338704
	119  -  MemoryUsage of job (MB)
	121280  -  ResidentSetSize of job (KB)
...
006 (10476914.000.000) 2026-03-16 21:10:02 Image size of job updated: 591532
	351  -  MemoryUsage of job (MB)
	359260  -  ResidentSetSize of job (KB)
...
006 (10476914.000.000) 2026-03-16 22:55:14 Image size of job updated: 597316
	356  -  MemoryUsage of job (MB)
	364544  -  ResidentSetSize of job (KB)
...
006 (10476914.000.000) 2026-03-17 00:40:26 Image size of job updated: 756052
	452  -  MemoryUsage of job (MB)
	462232  -  ResidentSetSize of job (KB)
...
006 (10476914.000.000) 2026-03-17 04:20:50 Image size of job updated: 759416
	455  -  MemoryUsage of job (MB)
	465224  -  ResidentSetSize of job (KB)
...
006 (10476914.000.000) 2026-03-17 10:36:26 Image size of job updated: 780144
	476  -  MemoryUsage of job (MB)
	486556  -  ResidentSetSize of job (KB)
...
006 (10476914.000.000) 2026-03-17 11:06:30 Image size of job updated: 780144
	480  -  MemoryUsage of job (MB)
	490652  -  ResidentSetSize of job (KB)
...
006 (10476914.000.000) 2026-03-18 15:59:27 Image size of job updated: 780144
	481  -  MemoryUsage of job (MB)
	491840  -  ResidentSetSize of job (KB)
...
006 (10476914.000.000) 2026-03-18 16:14:28 Image size of job updated: 781980
	483  -  MemoryUsage of job (MB)
	493888  -  ResidentSetSize of job (KB)
...
006 (10476914.000.000) 2026-03-18 17:59:40 Image size of job updated: 786076
	487  -  MemoryUsage of job (MB)
	497992  -  ResidentSetSize of job (KB)
...
006 (10476914.000.000) 2026-03-18 19:49:51 Image size of job updated: 787100
	489  -  MemoryUsage of job (MB)
	500040  -  ResidentSetSize of job (KB)
...
006 (10476914.000.000) 2026-03-18 20:04:53 Image size of job updated: 790172
	491  -  MemoryUsage of job (MB)
	502088  -  ResidentSetSize of job (KB)
...
006 (10476914.000.000) 2026-03-18 21:55:03 Image size of job updated: 794268
	495  -  MemoryUsage of job (MB)
	506272  -  ResidentSetSize of job (KB)
...
006 (10476914.000.000) 2026-03-18 23:50:15 Image size of job updated: 805544
	506  -  MemoryUsage of job (MB)
	518052  -  ResidentSetSize of job (KB)
...
006 (10476914.000.000) 2026-03-19 00:30:20 Image size of job updated: 808616
	509  -  MemoryUsage of job (MB)
	520612  -  ResidentSetSize of job (KB)
...
006 (10476914.000.000) 2026-03-19 02:20:32 Image size of job updated: 809640
	510  -  MemoryUsage of job (MB)
	522236  -  ResidentSetSize of job (KB)
...
006 (10476914.000.000) 2026-03-19 02:40:34 Image size of job updated: 812712
	513  -  MemoryUsage of job (MB)
	524796  -  ResidentSetSize of job (KB)
...
006 (10476914.000.000) 2026-03-19 04:30:45 Image size of job updated: 813736
	515  -  MemoryUsage of job (MB)
	526404  -  ResidentSetSize of job (KB)
...
006 (10476914.000.000) 2026-03-19 04:45:46 Image size of job updated: 816808
	517  -  MemoryUsage of job (MB)
	528964  -  ResidentSetSize of job (KB)
...
006 (10476914.000.000) 2026-03-19 06:40:59 Image size of job updated: 820904
	521  -  MemoryUsage of job (MB)
	533136  -  ResidentSetSize of job (KB)
...
006 (10476914.000.000) 2026-03-19 08:31:10 Image size of job updated: 825000
	525  -  MemoryUsage of job (MB)
	537140  -  ResidentSetSize of job (KB)
...
006 (10476914.000.000) 2026-03-19 10:26:21 Image size of job updated: 826024
	527  -  MemoryUsage of job (MB)
	538748  -  ResidentSetSize of job (KB)
...
006 (10476914.000.000) 2026-03-19 10:46:23 Image size of job updated: 829096
	529  -  MemoryUsage of job (MB)
	541308  -  ResidentSetSize of job (KB)
...
006 (10476914.000.000) 2026-03-19 12:36:33 Image size of job updated: 833192
	533  -  MemoryUsage of job (MB)
	545416  -  ResidentSetSize of job (KB)
...
006 (10476914.000.000) 2026-03-19 14:26:45 Image size of job updated: 839140
	539  -  MemoryUsage of job (MB)
	551552  -  ResidentSetSize of job (KB)
...
006 (10476914.000.000) 2026-03-19 15:06:49 Image size of job updated: 841188
	541  -  MemoryUsage of job (MB)
	553088  -  ResidentSetSize of job (KB)
...
006 (10476914.000.000) 2026-03-19 16:56:59 Image size of job updated: 843236
	543  -  MemoryUsage of job (MB)
	555880  -  ResidentSetSize of job (KB)
...
006 (10476914.000.000) 2026-03-19 17:07:00 Image size of job updated: 845284
	545  -  MemoryUsage of job (MB)
	557416  -  ResidentSetSize of job (KB)
...
006 (10476914.000.000) 2026-03-19 18:57:12 Image size of job updated: 849380
	549  -  MemoryUsage of job (MB)
	561532  -  ResidentSetSize of job (KB)
...
006 (10476914.000.000) 2026-03-19 20:47:24 Image size of job updated: 851428
	551  -  MemoryUsage of job (MB)
	564092  -  ResidentSetSize of job (KB)
...
006 (10476914.000.000) 2026-03-19 20:52:25 Image size of job updated: 853476
	553  -  MemoryUsage of job (MB)
	565628  -  ResidentSetSize of job (KB)
...
006 (10476914.000.000) 2026-03-19 22:42:36 Image size of job updated: 855524
	555  -  MemoryUsage of job (MB)
	568196  -  ResidentSetSize of job (KB)
...
006 (10476914.000.000) 2026-03-19 22:47:37 Image size of job updated: 858596
	557  -  MemoryUsage of job (MB)
	570244  -  ResidentSetSize of job (KB)
...
004 (10476914.000.000) 2026-03-20 00:00:40 Job was evicted.
	(0) CPU times
		Usr 3 04:57:22, Sys 0 00:06:40  -  Run Remote Usage
		Usr 0 00:00:00, Sys 0 00:00:00  -  Run Local Usage
	0  -  Run Bytes Sent By Job
	0  -  Run Bytes Received By Job
	Partitionable Resources :    Usage  Request Allocated 
	   Cpus                 :     1.00        2         2 
	   Disk (KB)            :  7500     2097152   7541655 
	   Memory (MB)          :   557        8192      8192 
...
009 (10476914.000.000) 2026-03-20 00:00:40 Job was aborted.
	via condor_rm (by user fkarateke)
...
